
*** Running vivado
    with args -log Differental_Phasemeter_Costa_Demodulator_1_0.vds -m64 -product Vivado -mode batch -messageDb vivado.pb -notrace -source Differental_Phasemeter_Costa_Demodulator_1_0.tcl



****** Vivado v2022.2 (64-bit)
  **** SW Build 3671981 on Fri Oct 14 05:00:03 MDT 2022
  **** IP Build 3669848 on Fri Oct 14 08:30:02 MDT 2022
    ** Copyright 1986-2022 Xilinx, Inc. All Rights Reserved.

source Differental_Phasemeter_Costa_Demodulator_1_0.tcl -notrace
create_project: Time (s): cpu = 00:00:10 ; elapsed = 00:00:13 . Memory (MB): peak = 393.914 ; gain = 76.906
INFO: [IP_Flow 19-234] Refreshing IP repositories
INFO: [IP_Flow 19-1700] Loaded user IP repository 'c:/Users/John/Desktop/Honours_Project/cores'.
INFO: [IP_Flow 19-2313] Loaded Vivado IP repository 'C:/Xilinx/Vivado/2022.2/data/ip'.
INFO: [IP_Flow 19-6924] IPCACHE: Running cache check for IP inst: Differental_Phasemeter_Costa_Demodulator_1_0
Command: synth_design -top Differental_Phasemeter_Costa_Demodulator_1_0 -part xc7z010clg400-1 -incremental_mode off -mode out_of_context
Starting synth_design
Attempting to get a license for feature 'Synthesis' and/or device 'xc7z010'
INFO: [Common 17-349] Got license for feature 'Synthesis' and/or device 'xc7z010'
INFO: [Device 21-403] Loading part xc7z010clg400-1
INFO: [Synth 8-7079] Multithreading enabled for synth_design using a maximum of 2 processes.
INFO: [Synth 8-7078] Launching helper process for spawning children vivado processes
INFO: [Synth 8-7075] Helper process launched with PID 59260

*** Running vivado
    with args -log Differental_Phasemeter_Costa_Demodulator_1_0.vds -m64 -product Vivado -mode batch -messageDb vivado.pb -notrace -source Differental_Phasemeter_Costa_Demodulator_1_0.tcl



****** Vivado v2022.2 (64-bit)
  **** SW Build 3671981 on Fri Oct 14 05:00:03 MDT 2022
  **** IP Build 3669848 on Fri Oct 14 08:30:02 MDT 2022
    ** Copyright 1986-2022 Xilinx, Inc. All Rights Reserved.

source Differental_Phasemeter_Costa_Demodulator_1_0.tcl -notrace
create_project: Time (s): cpu = 00:00:06 ; elapsed = 00:00:06 . Memory (MB): peak = 394.051 ; gain = 68.512
INFO: [IP_Flow 19-234] Refreshing IP repositories
INFO: [IP_Flow 19-1700] Loaded user IP repository 'c:/Users/John/Desktop/Honours_Project/cores'.
INFO: [IP_Flow 19-2313] Loaded Vivado IP repository 'C:/Xilinx/Vivado/2022.2/data/ip'.
INFO: [IP_Flow 19-6924] IPCACHE: Running cache check for IP inst: Differental_Phasemeter_Costa_Demodulator_1_0
Command: synth_design -top Differental_Phasemeter_Costa_Demodulator_1_0 -part xc7z010clg400-1 -incremental_mode off -mode out_of_context
Starting synth_design
Attempting to get a license for feature 'Synthesis' and/or device 'xc7z010'
INFO: [Common 17-349] Got license for feature 'Synthesis' and/or device 'xc7z010'
INFO: [Device 21-403] Loading part xc7z010clg400-1
INFO: [Synth 8-7079] Multithreading enabled for synth_design using a maximum of 2 processes.
INFO: [Synth 8-7078] Launching helper process for spawning children vivado processes
INFO: [Synth 8-7075] Helper process launched with PID 8184
INFO: [Synth 8-11241] undeclared symbol 'REGCCE', assumed default net type 'wire' [C:/Xilinx/Vivado/2022.2/data/verilog/src/unimacro/BRAM_SINGLE_MACRO.v:2170]
---------------------------------------------------------------------------------
Starting RTL Elaboration : Time (s): cpu = 00:00:09 ; elapsed = 00:00:10 . Memory (MB): peak = 1215.859 ; gain = 407.242
---------------------------------------------------------------------------------
WARNING: [Synth 8-9112] actual for formal port 'input_signal' is neither a static name nor a globally static expression [C:/Users/John/Desktop/Honours_Project/VHDL_Modules/Costa_Demodulator.vhd:219]
WARNING: [Synth 8-9112] actual for formal port 'reset' is neither a static name nor a globally static expression [C:/Users/John/Desktop/Honours_Project/VHDL_Modules/Costa_Demodulator.vhd:225]
WARNING: [Synth 8-9112] actual for formal port 'input_signal' is neither a static name nor a globally static expression [C:/Users/John/Desktop/Honours_Project/VHDL_Modules/Costa_Demodulator.vhd:269]
WARNING: [Synth 8-9112] actual for formal port 'reset' is neither a static name nor a globally static expression [C:/Users/John/Desktop/Honours_Project/VHDL_Modules/Costa_Demodulator.vhd:275]
INFO: [Synth 8-6157] synthesizing module 'Differental_Phasemeter_Costa_Demodulator_1_0' [c:/Users/John/Desktop/Honours_Project/RP-Production/RP-Production.gen/sources_1/bd/Differental_Phasemeter/ip/Differental_Phasemeter_Costa_Demodulator_1_0/synth/Differental_Phasemeter_Costa_Demodulator_1_0.v:53]
INFO: [Synth 8-638] synthesizing module 'Costa_Demodulator' [C:/Users/John/Desktop/Honours_Project/VHDL_Modules/Costa_Demodulator.vhd:39]
	Parameter MixerSize bound to: 14 - type: integer 
INFO: [Synth 8-3491] module 'Mixer' declared at 'C:/Users/John/Desktop/Honours_Project/VHDL_Modules/Logic.vhd:6' bound to instance 'Input_InPhase_Mixer' of component 'Mixer' [C:/Users/John/Desktop/Honours_Project/VHDL_Modules/Costa_Demodulator.vhd:134]
INFO: [Synth 8-638] synthesizing module 'Mixer' [C:/Users/John/Desktop/Honours_Project/VHDL_Modules/Logic.vhd:19]
INFO: [Synth 8-256] done synthesizing module 'Mixer' (0#1) [C:/Users/John/Desktop/Honours_Project/VHDL_Modules/Logic.vhd:19]
	Parameter MixerSize bound to: 14 - type: integer 
INFO: [Synth 8-3491] module 'Mixer' declared at 'C:/Users/John/Desktop/Honours_Project/VHDL_Modules/Logic.vhd:6' bound to instance 'Input_Quadrature_Mixer' of component 'Mixer' [C:/Users/John/Desktop/Honours_Project/VHDL_Modules/Costa_Demodulator.vhd:144]
INFO: [Synth 8-3491] module 'CIC32' declared at 'C:/Users/John/Desktop/Honours_Project/VHDL_Modules/CIC32.vhd:46' bound to instance 'InPhase_Filter' of component 'CIC32' [C:/Users/John/Desktop/Honours_Project/VHDL_Modules/Costa_Demodulator.vhd:154]
INFO: [Synth 8-638] synthesizing module 'CIC32' [C:/Users/John/Desktop/Honours_Project/VHDL_Modules/CIC32.vhd:61]
INFO: [Synth 8-256] done synthesizing module 'CIC32' (0#1) [C:/Users/John/Desktop/Honours_Project/VHDL_Modules/CIC32.vhd:61]
INFO: [Synth 8-3491] module 'CIC32' declared at 'C:/Users/John/Desktop/Honours_Project/VHDL_Modules/CIC32.vhd:46' bound to instance 'Quadrature_Filter' of component 'CIC32' [C:/Users/John/Desktop/Honours_Project/VHDL_Modules/Costa_Demodulator.vhd:167]
	Parameter MixerSize bound to: 26 - type: integer 
INFO: [Synth 8-3491] module 'Mixer' declared at 'C:/Users/John/Desktop/Honours_Project/VHDL_Modules/Logic.vhd:6' bound to instance 'Cross_Mixer' of component 'Mixer' [C:/Users/John/Desktop/Honours_Project/VHDL_Modules/Costa_Demodulator.vhd:196]
INFO: [Synth 8-638] synthesizing module 'Mixer__parameterized2' [C:/Users/John/Desktop/Honours_Project/VHDL_Modules/Logic.vhd:19]
INFO: [Synth 8-256] done synthesizing module 'Mixer__parameterized2' (0#1) [C:/Users/John/Desktop/Honours_Project/VHDL_Modules/Logic.vhd:19]
INFO: [Synth 8-3491] module 'CIC32' declared at 'C:/Users/John/Desktop/Honours_Project/VHDL_Modules/CIC32.vhd:46' bound to instance 'Cross_Filter' of component 'CIC32' [C:/Users/John/Desktop/Honours_Project/VHDL_Modules/Costa_Demodulator.vhd:206]
INFO: [Synth 8-3491] module 'PII_Controller' declared at 'C:/Users/John/Desktop/Honours_Project/VHDL_Modules/Controllers.vhd:6' bound to instance 'Loop_Controller' of component 'PII_Controller' [C:/Users/John/Desktop/Honours_Project/VHDL_Modules/Costa_Demodulator.vhd:217]
INFO: [Synth 8-638] synthesizing module 'PII_Controller' [C:/Users/John/Desktop/Honours_Project/VHDL_Modules/Controllers.vhd:18]
INFO: [Synth 8-256] done synthesizing module 'PII_Controller' (0#1) [C:/Users/John/Desktop/Honours_Project/VHDL_Modules/Controllers.vhd:18]
	Parameter MixerSize bound to: 26 - type: integer 
INFO: [Synth 8-3491] module 'Mixer' declared at 'C:/Users/John/Desktop/Honours_Project/VHDL_Modules/Logic.vhd:6' bound to instance 'Frequency_Mixer' of component 'Mixer' [C:/Users/John/Desktop/Honours_Project/VHDL_Modules/Costa_Demodulator.vhd:247]
INFO: [Synth 8-3491] module 'CIC32' declared at 'C:/Users/John/Desktop/Honours_Project/VHDL_Modules/CIC32.vhd:46' bound to instance 'Frequency_Filter' of component 'CIC32' [C:/Users/John/Desktop/Honours_Project/VHDL_Modules/Costa_Demodulator.vhd:257]
INFO: [Synth 8-3491] module 'PII_Controller' declared at 'C:/Users/John/Desktop/Honours_Project/VHDL_Modules/Controllers.vhd:6' bound to instance 'Frequency_Controller' of component 'PII_Controller' [C:/Users/John/Desktop/Honours_Project/VHDL_Modules/Costa_Demodulator.vhd:267]
	Parameter Freq_Size bound to: 32 - type: integer 
	Parameter ROM_Size bound to: 14 - type: integer 
	Parameter DAC_SIZE bound to: 14 - type: integer 
INFO: [Synth 8-3491] module 'NCO' declared at 'C:/Users/John/Desktop/Honours_Project/VHDL_Modules/NCO.vhd:8' bound to instance 'Loop_Oscilator' of component 'NCO' [C:/Users/John/Desktop/Honours_Project/VHDL_Modules/Costa_Demodulator.vhd:286]
INFO: [Synth 8-638] synthesizing module 'NCO' [C:/Users/John/Desktop/Honours_Project/VHDL_Modules/NCO.vhd:26]
INFO: [Synth 8-256] done synthesizing module 'NCO' (0#1) [C:/Users/John/Desktop/Honours_Project/VHDL_Modules/NCO.vhd:26]
INFO: [Synth 8-256] done synthesizing module 'Costa_Demodulator' (0#1) [C:/Users/John/Desktop/Honours_Project/VHDL_Modules/Costa_Demodulator.vhd:39]
INFO: [Synth 8-6155] done synthesizing module 'Differental_Phasemeter_Costa_Demodulator_1_0' (0#1) [c:/Users/John/Desktop/Honours_Project/RP-Production/RP-Production.gen/sources_1/bd/Differental_Phasemeter/ip/Differental_Phasemeter_Costa_Demodulator_1_0/synth/Differental_Phasemeter_Costa_Demodulator_1_0.v:53]
---------------------------------------------------------------------------------
Finished RTL Elaboration : Time (s): cpu = 00:00:54 ; elapsed = 00:00:55 . Memory (MB): peak = 1455.875 ; gain = 647.258
---------------------------------------------------------------------------------
---------------------------------------------------------------------------------
Start Handling Custom Attributes
---------------------------------------------------------------------------------
---------------------------------------------------------------------------------
Finished Handling Custom Attributes : Time (s): cpu = 00:00:54 ; elapsed = 00:00:55 . Memory (MB): peak = 1455.875 ; gain = 647.258
---------------------------------------------------------------------------------
---------------------------------------------------------------------------------
Finished RTL Optimization Phase 1 : Time (s): cpu = 00:00:54 ; elapsed = 00:00:55 . Memory (MB): peak = 1455.875 ; gain = 647.258
---------------------------------------------------------------------------------
Netlist sorting complete. Time (s): cpu = 00:00:00 ; elapsed = 00:00:00.056 . Memory (MB): peak = 1455.875 ; gain = 0.000
INFO: [Project 1-570] Preparing netlist for logic optimization

Processing XDC Constraints
Initializing timing engine
Completed Processing XDC Constraints

Netlist sorting complete. Time (s): cpu = 00:00:00 ; elapsed = 00:00:00.001 . Memory (MB): peak = 1455.875 ; gain = 0.000
INFO: [Project 1-111] Unisim Transformation Summary:
No Unisim elements were transformed.

Constraint Validation Runtime : Time (s): cpu = 00:00:00 ; elapsed = 00:00:00.065 . Memory (MB): peak = 1455.875 ; gain = 0.000
INFO: [Designutils 20-5008] Incremental synthesis strategy off
INFO: [Synth 8-11241] undeclared symbol 'REGCCE', assumed default net type 'wire' [C:/Xilinx/Vivado/2022.2/data/verilog/src/unimacro/BRAM_SINGLE_MACRO.v:2170]
---------------------------------------------------------------------------------
Finished Constraint Validation : Time (s): cpu = 00:01:03 ; elapsed = 00:01:04 . Memory (MB): peak = 1455.875 ; gain = 647.258
---------------------------------------------------------------------------------
---------------------------------------------------------------------------------
Start Loading Part and Timing Information
---------------------------------------------------------------------------------
Loading part: xc7z010clg400-1
---------------------------------------------------------------------------------
Finished Loading Part and Timing Information : Time (s): cpu = 00:01:03 ; elapsed = 00:01:04 . Memory (MB): peak = 1455.875 ; gain = 647.258
---------------------------------------------------------------------------------
---------------------------------------------------------------------------------
Start Applying 'set_property' XDC Constraints
---------------------------------------------------------------------------------
---------------------------------------------------------------------------------
Finished applying 'set_property' XDC Constraints : Time (s): cpu = 00:01:03 ; elapsed = 00:01:04 . Memory (MB): peak = 1455.875 ; gain = 647.258
---------------------------------------------------------------------------------
WARNING: [Synth 8-6040] Register Quadrature_addr_reg driving address of a ROM cannot be packed in BRAM/URAM because of presence of initial value.
WARNING: [Synth 8-6040] Register dataAddr_reg driving address of a ROM cannot be packed in BRAM/URAM because of presence of initial value.
---------------------------------------------------------------------------------
Finished RTL Optimization Phase 2 : Time (s): cpu = 00:01:09 ; elapsed = 00:01:11 . Memory (MB): peak = 1455.875 ; gain = 647.258
---------------------------------------------------------------------------------
---------------------------------------------------------------------------------
Start RTL Component Statistics 
---------------------------------------------------------------------------------
Detailed RTL Component Info : 
+---Adders : 
	   3 Input   64 Bit       Adders := 2     
	   2 Input   52 Bit       Adders := 2     
	   2 Input   32 Bit       Adders := 1     
	   3 Input   32 Bit       Adders := 1     
	   3 Input   26 Bit       Adders := 9     
	   2 Input    5 Bit       Adders := 5     
+---Registers : 
	               64 Bit    Registers := 8     
	               48 Bit    Registers := 8     
	               32 Bit    Registers := 5     
	               26 Bit    Registers := 20    
	               16 Bit    Registers := 4     
	               14 Bit    Registers := 4     
	               13 Bit    Registers := 2     
	                5 Bit    Registers := 5     
	                2 Bit    Registers := 2     
	                1 Bit    Registers := 9     
+---Multipliers : 
	              32x32  Multipliers := 6     
+---ROMs : 
	                    ROMs := 2     
+---Muxes : 
	   4 Input   14 Bit        Muxes := 4     
	   2 Input    5 Bit        Muxes := 4     
	   2 Input    1 Bit        Muxes := 3     
---------------------------------------------------------------------------------
Finished RTL Component Statistics 
---------------------------------------------------------------------------------
---------------------------------------------------------------------------------
Start Part Resource Summary
---------------------------------------------------------------------------------
Part Resources:
DSPs: 80 (col length:40)
BRAMs: 120 (col length: RAMB18 40 RAMB36 20)
---------------------------------------------------------------------------------
Finished Part Resource Summary
---------------------------------------------------------------------------------
---------------------------------------------------------------------------------
Start Cross Boundary and Area Optimization
---------------------------------------------------------------------------------
WARNING: [Synth 8-7080] Parallel synthesis criteria is not met
DSP Report: Generating DSP Dout0, operation Mode is: A*B.
DSP Report: operator Dout0 is absorbed into DSP Dout0.
DSP Report: operator Dout0 is absorbed into DSP Dout0.
DSP Report: Generating DSP Dout0, operation Mode is: A*B.
DSP Report: operator Dout0 is absorbed into DSP Dout0.
DSP Report: operator Dout0 is absorbed into DSP Dout0.
DSP Report: Generating DSP Dout_reg, operation Mode is: (PCIN>>17)+A*B.
DSP Report: register Dout_reg is absorbed into DSP Dout_reg.
DSP Report: operator Dout0 is absorbed into DSP Dout_reg.
DSP Report: operator Dout0 is absorbed into DSP Dout_reg.
DSP Report: Generating DSP ARG, operation Mode is: A*B.
DSP Report: operator ARG is absorbed into DSP ARG.
DSP Report: operator ARG is absorbed into DSP ARG.
DSP Report: Generating DSP ARG, operation Mode is: (PCIN>>17)+A*B.
DSP Report: operator ARG is absorbed into DSP ARG.
DSP Report: operator ARG is absorbed into DSP ARG.
DSP Report: Generating DSP ARG, operation Mode is: A*B.
DSP Report: operator ARG is absorbed into DSP ARG.
DSP Report: operator ARG is absorbed into DSP ARG.
DSP Report: Generating DSP ARG, operation Mode is: (PCIN>>17)+A*B.
DSP Report: operator ARG is absorbed into DSP ARG.
DSP Report: operator ARG is absorbed into DSP ARG.
DSP Report: Generating DSP ARG, operation Mode is: A2*B.
DSP Report: register ARG is absorbed into DSP ARG.
DSP Report: operator ARG is absorbed into DSP ARG.
DSP Report: operator ARG is absorbed into DSP ARG.
DSP Report: Generating DSP ARG, operation Mode is: (PCIN>>17)+A*B2.
DSP Report: register Accumulator_reg is absorbed into DSP ARG.
DSP Report: operator ARG is absorbed into DSP ARG.
DSP Report: operator ARG is absorbed into DSP ARG.
DSP Report: Generating DSP ARG, operation Mode is: A*B2.
DSP Report: register ARG is absorbed into DSP ARG.
DSP Report: operator ARG is absorbed into DSP ARG.
DSP Report: operator ARG is absorbed into DSP ARG.
DSP Report: Generating DSP ARG, operation Mode is: (PCIN>>17)+A*B2.
DSP Report: register Accumulator_reg is absorbed into DSP ARG.
DSP Report: operator ARG is absorbed into DSP ARG.
DSP Report: operator ARG is absorbed into DSP ARG.
DSP Report: Generating DSP ARG, operation Mode is: A*B.
DSP Report: operator ARG is absorbed into DSP ARG.
DSP Report: operator ARG is absorbed into DSP ARG.
DSP Report: Generating DSP ARG, operation Mode is: (PCIN>>17)+A*B.
DSP Report: operator ARG is absorbed into DSP ARG.
DSP Report: operator ARG is absorbed into DSP ARG.
DSP Report: Generating DSP ARG, operation Mode is: A*B.
DSP Report: operator ARG is absorbed into DSP ARG.
DSP Report: operator ARG is absorbed into DSP ARG.
DSP Report: Generating DSP ARG, operation Mode is: (PCIN>>17)+A*B.
DSP Report: operator ARG is absorbed into DSP ARG.
DSP Report: operator ARG is absorbed into DSP ARG.
DSP Report: Generating DSP Dout0, operation Mode is: A*B.
DSP Report: operator Dout0 is absorbed into DSP Dout0.
DSP Report: operator Dout0 is absorbed into DSP Dout0.
DSP Report: Generating DSP Dout0, operation Mode is: A*B.
DSP Report: operator Dout0 is absorbed into DSP Dout0.
DSP Report: operator Dout0 is absorbed into DSP Dout0.
DSP Report: Generating DSP Dout_reg, operation Mode is: (PCIN>>17)+A*B.
DSP Report: register Dout_reg is absorbed into DSP Dout_reg.
DSP Report: operator Dout0 is absorbed into DSP Dout_reg.
DSP Report: operator Dout0 is absorbed into DSP Dout_reg.
DSP Report: Generating DSP ARG, operation Mode is: A*B.
DSP Report: operator ARG is absorbed into DSP ARG.
DSP Report: operator ARG is absorbed into DSP ARG.
DSP Report: Generating DSP ARG, operation Mode is: (PCIN>>17)+A*B.
DSP Report: operator ARG is absorbed into DSP ARG.
DSP Report: operator ARG is absorbed into DSP ARG.
DSP Report: Generating DSP ARG, operation Mode is: A*B.
DSP Report: operator ARG is absorbed into DSP ARG.
DSP Report: operator ARG is absorbed into DSP ARG.
DSP Report: Generating DSP ARG, operation Mode is: (PCIN>>17)+A*B.
DSP Report: operator ARG is absorbed into DSP ARG.
DSP Report: operator ARG is absorbed into DSP ARG.
DSP Report: Generating DSP ARG, operation Mode is: A2*B.
DSP Report: register ARG is absorbed into DSP ARG.
DSP Report: operator ARG is absorbed into DSP ARG.
DSP Report: operator ARG is absorbed into DSP ARG.
DSP Report: Generating DSP ARG, operation Mode is: (PCIN>>17)+A*B2.
DSP Report: register Accumulator_reg is absorbed into DSP ARG.
DSP Report: operator ARG is absorbed into DSP ARG.
DSP Report: operator ARG is absorbed into DSP ARG.
DSP Report: Generating DSP ARG, operation Mode is: A*B2.
DSP Report: register ARG is absorbed into DSP ARG.
DSP Report: operator ARG is absorbed into DSP ARG.
DSP Report: operator ARG is absorbed into DSP ARG.
DSP Report: Generating DSP ARG, operation Mode is: (PCIN>>17)+A*B2.
DSP Report: register Accumulator_reg is absorbed into DSP ARG.
DSP Report: operator ARG is absorbed into DSP ARG.
DSP Report: operator ARG is absorbed into DSP ARG.
DSP Report: Generating DSP ARG, operation Mode is: A*B.
DSP Report: operator ARG is absorbed into DSP ARG.
DSP Report: operator ARG is absorbed into DSP ARG.
DSP Report: Generating DSP ARG, operation Mode is: (PCIN>>17)+A*B.
DSP Report: operator ARG is absorbed into DSP ARG.
DSP Report: operator ARG is absorbed into DSP ARG.
DSP Report: Generating DSP ARG, operation Mode is: A*B.
DSP Report: operator ARG is absorbed into DSP ARG.
DSP Report: operator ARG is absorbed into DSP ARG.
DSP Report: Generating DSP ARG, operation Mode is: (PCIN>>17)+A*B.
DSP Report: operator ARG is absorbed into DSP ARG.
DSP Report: operator ARG is absorbed into DSP ARG.
WARNING: [Synth 8-6040] Register dataAddr_reg driving address of a ROM cannot be packed in BRAM/URAM because of presence of initial value.
WARNING: [Synth 8-6040] Register Quadrature_addr_reg driving address of a ROM cannot be packed in BRAM/URAM because of presence of initial value.
DSP Report: Generating DSP Input_InPhase_Mixer/Dout_reg, operation Mode is: (A*B)'.
DSP Report: register Input_InPhase_Mixer/Dout_reg is absorbed into DSP Input_InPhase_Mixer/Dout_reg.
DSP Report: operator Input_InPhase_Mixer/Dout0 is absorbed into DSP Input_InPhase_Mixer/Dout_reg.
DSP Report: Generating DSP Input_Quadrature_Mixer/Dout_reg, operation Mode is: (A*B)'.
DSP Report: register Input_Quadrature_Mixer/Dout_reg is absorbed into DSP Input_Quadrature_Mixer/Dout_reg.
DSP Report: operator Input_Quadrature_Mixer/Dout0 is absorbed into DSP Input_Quadrature_Mixer/Dout_reg.
INFO: [Synth 8-3332] Sequential element (inst/Cross_Mixer/Dout_reg[47]) is unused and will be removed from module Differental_Phasemeter_Costa_Demodulator_1_0.
INFO: [Synth 8-3332] Sequential element (inst/Cross_Mixer/Dout_reg[46]) is unused and will be removed from module Differental_Phasemeter_Costa_Demodulator_1_0.
INFO: [Synth 8-3332] Sequential element (inst/Cross_Mixer/Dout_reg[45]) is unused and will be removed from module Differental_Phasemeter_Costa_Demodulator_1_0.
INFO: [Synth 8-3332] Sequential element (inst/Cross_Mixer/Dout_reg[44]) is unused and will be removed from module Differental_Phasemeter_Costa_Demodulator_1_0.
INFO: [Synth 8-3332] Sequential element (inst/Cross_Mixer/Dout_reg[43]) is unused and will be removed from module Differental_Phasemeter_Costa_Demodulator_1_0.
INFO: [Synth 8-3332] Sequential element (inst/Cross_Mixer/Dout_reg[42]) is unused and will be removed from module Differental_Phasemeter_Costa_Demodulator_1_0.
INFO: [Synth 8-3332] Sequential element (inst/Cross_Mixer/Dout_reg[41]) is unused and will be removed from module Differental_Phasemeter_Costa_Demodulator_1_0.
INFO: [Synth 8-3332] Sequential element (inst/Cross_Mixer/Dout_reg[40]) is unused and will be removed from module Differental_Phasemeter_Costa_Demodulator_1_0.
INFO: [Synth 8-3332] Sequential element (inst/Cross_Mixer/Dout_reg[39]) is unused and will be removed from module Differental_Phasemeter_Costa_Demodulator_1_0.
INFO: [Synth 8-3332] Sequential element (inst/Cross_Mixer/Dout_reg[38]) is unused and will be removed from module Differental_Phasemeter_Costa_Demodulator_1_0.
INFO: [Synth 8-3332] Sequential element (inst/Cross_Mixer/Dout_reg[37]) is unused and will be removed from module Differental_Phasemeter_Costa_Demodulator_1_0.
INFO: [Synth 8-3332] Sequential element (inst/Cross_Mixer/Dout_reg[36]) is unused and will be removed from module Differental_Phasemeter_Costa_Demodulator_1_0.
INFO: [Synth 8-3332] Sequential element (inst/Cross_Mixer/Dout_reg[35]) is unused and will be removed from module Differental_Phasemeter_Costa_Demodulator_1_0.
INFO: [Synth 8-3332] Sequential element (inst/Cross_Mixer/Dout_reg[34]) is unused and will be removed from module Differental_Phasemeter_Costa_Demodulator_1_0.
INFO: [Synth 8-3332] Sequential element (inst/Cross_Mixer/Dout_reg[33]) is unused and will be removed from module Differental_Phasemeter_Costa_Demodulator_1_0.
INFO: [Synth 8-3332] Sequential element (inst/Cross_Mixer/Dout_reg[32]) is unused and will be removed from module Differental_Phasemeter_Costa_Demodulator_1_0.
INFO: [Synth 8-3332] Sequential element (inst/Cross_Mixer/Dout_reg[31]) is unused and will be removed from module Differental_Phasemeter_Costa_Demodulator_1_0.
INFO: [Synth 8-3332] Sequential element (inst/Cross_Mixer/Dout_reg[30]) is unused and will be removed from module Differental_Phasemeter_Costa_Demodulator_1_0.
INFO: [Synth 8-3332] Sequential element (inst/Cross_Mixer/Dout_reg[29]) is unused and will be removed from module Differental_Phasemeter_Costa_Demodulator_1_0.
INFO: [Synth 8-3332] Sequential element (inst/Cross_Mixer/Dout_reg[28]) is unused and will be removed from module Differental_Phasemeter_Costa_Demodulator_1_0.
INFO: [Synth 8-3332] Sequential element (inst/Cross_Mixer/Dout_reg[27]) is unused and will be removed from module Differental_Phasemeter_Costa_Demodulator_1_0.
INFO: [Synth 8-3332] Sequential element (inst/Cross_Mixer/Dout_reg[26]) is unused and will be removed from module Differental_Phasemeter_Costa_Demodulator_1_0.
INFO: [Synth 8-3332] Sequential element (inst/Cross_Mixer/Dout_reg[25]) is unused and will be removed from module Differental_Phasemeter_Costa_Demodulator_1_0.
INFO: [Synth 8-3332] Sequential element (inst/Cross_Mixer/Dout_reg[24]) is unused and will be removed from module Differental_Phasemeter_Costa_Demodulator_1_0.
INFO: [Synth 8-3332] Sequential element (inst/Cross_Mixer/Dout_reg[23]) is unused and will be removed from module Differental_Phasemeter_Costa_Demodulator_1_0.
INFO: [Synth 8-3332] Sequential element (inst/Cross_Mixer/Dout_reg[22]) is unused and will be removed from module Differental_Phasemeter_Costa_Demodulator_1_0.
INFO: [Synth 8-3332] Sequential element (inst/Cross_Mixer/Dout_reg[21]) is unused and will be removed from module Differental_Phasemeter_Costa_Demodulator_1_0.
INFO: [Synth 8-3332] Sequential element (inst/Cross_Mixer/Dout_reg[20]) is unused and will be removed from module Differental_Phasemeter_Costa_Demodulator_1_0.
INFO: [Synth 8-3332] Sequential element (inst/Cross_Mixer/Dout_reg[19]) is unused and will be removed from module Differental_Phasemeter_Costa_Demodulator_1_0.
INFO: [Synth 8-3332] Sequential element (inst/Cross_Mixer/Dout_reg[18]) is unused and will be removed from module Differental_Phasemeter_Costa_Demodulator_1_0.
INFO: [Synth 8-3332] Sequential element (inst/Cross_Mixer/Dout_reg[17]) is unused and will be removed from module Differental_Phasemeter_Costa_Demodulator_1_0.
INFO: [Synth 8-3332] Sequential element (inst/Cross_Mixer/Dout_reg[47]__1) is unused and will be removed from module Differental_Phasemeter_Costa_Demodulator_1_0.
INFO: [Synth 8-3332] Sequential element (inst/Cross_Mixer/Dout_reg[46]__1) is unused and will be removed from module Differental_Phasemeter_Costa_Demodulator_1_0.
INFO: [Synth 8-3332] Sequential element (inst/Cross_Mixer/Dout_reg[45]__1) is unused and will be removed from module Differental_Phasemeter_Costa_Demodulator_1_0.
INFO: [Synth 8-3332] Sequential element (inst/Cross_Mixer/Dout_reg[44]__1) is unused and will be removed from module Differental_Phasemeter_Costa_Demodulator_1_0.
INFO: [Synth 8-3332] Sequential element (inst/Cross_Mixer/Dout_reg[43]__1) is unused and will be removed from module Differental_Phasemeter_Costa_Demodulator_1_0.
INFO: [Synth 8-3332] Sequential element (inst/Cross_Mixer/Dout_reg[42]__1) is unused and will be removed from module Differental_Phasemeter_Costa_Demodulator_1_0.
INFO: [Synth 8-3332] Sequential element (inst/Cross_Mixer/Dout_reg[41]__1) is unused and will be removed from module Differental_Phasemeter_Costa_Demodulator_1_0.
INFO: [Synth 8-3332] Sequential element (inst/Cross_Mixer/Dout_reg[40]__1) is unused and will be removed from module Differental_Phasemeter_Costa_Demodulator_1_0.
INFO: [Synth 8-3332] Sequential element (inst/Cross_Mixer/Dout_reg[39]__1) is unused and will be removed from module Differental_Phasemeter_Costa_Demodulator_1_0.
INFO: [Synth 8-3332] Sequential element (inst/Cross_Mixer/Dout_reg[38]__1) is unused and will be removed from module Differental_Phasemeter_Costa_Demodulator_1_0.
INFO: [Synth 8-3332] Sequential element (inst/Cross_Mixer/Dout_reg[37]__1) is unused and will be removed from module Differental_Phasemeter_Costa_Demodulator_1_0.
INFO: [Synth 8-3332] Sequential element (inst/Cross_Mixer/Dout_reg[36]__1) is unused and will be removed from module Differental_Phasemeter_Costa_Demodulator_1_0.
INFO: [Synth 8-3332] Sequential element (inst/Cross_Mixer/Dout_reg[35]__1) is unused and will be removed from module Differental_Phasemeter_Costa_Demodulator_1_0.
INFO: [Synth 8-3332] Sequential element (inst/Cross_Mixer/Dout_reg[34]__1) is unused and will be removed from module Differental_Phasemeter_Costa_Demodulator_1_0.
INFO: [Synth 8-3332] Sequential element (inst/Cross_Mixer/Dout_reg[33]__1) is unused and will be removed from module Differental_Phasemeter_Costa_Demodulator_1_0.
INFO: [Synth 8-3332] Sequential element (inst/Cross_Mixer/Dout_reg[32]__1) is unused and will be removed from module Differental_Phasemeter_Costa_Demodulator_1_0.
INFO: [Synth 8-3332] Sequential element (inst/Cross_Mixer/Dout_reg[31]__1) is unused and will be removed from module Differental_Phasemeter_Costa_Demodulator_1_0.
INFO: [Synth 8-3332] Sequential element (inst/Cross_Mixer/Dout_reg[30]__1) is unused and will be removed from module Differental_Phasemeter_Costa_Demodulator_1_0.
INFO: [Synth 8-3332] Sequential element (inst/Cross_Mixer/Dout_reg[29]__1) is unused and will be removed from module Differental_Phasemeter_Costa_Demodulator_1_0.
INFO: [Synth 8-3332] Sequential element (inst/Cross_Mixer/Dout_reg[28]__1) is unused and will be removed from module Differental_Phasemeter_Costa_Demodulator_1_0.
INFO: [Synth 8-3332] Sequential element (inst/Cross_Mixer/Dout_reg[27]__1) is unused and will be removed from module Differental_Phasemeter_Costa_Demodulator_1_0.
INFO: [Synth 8-3332] Sequential element (inst/Cross_Mixer/Dout_reg[26]__1) is unused and will be removed from module Differental_Phasemeter_Costa_Demodulator_1_0.
INFO: [Synth 8-3332] Sequential element (inst/Cross_Mixer/Dout_reg[25]__1) is unused and will be removed from module Differental_Phasemeter_Costa_Demodulator_1_0.
INFO: [Synth 8-3332] Sequential element (inst/Cross_Mixer/Dout_reg[24]__1) is unused and will be removed from module Differental_Phasemeter_Costa_Demodulator_1_0.
INFO: [Synth 8-3332] Sequential element (inst/Cross_Mixer/Dout_reg[23]__1) is unused and will be removed from module Differental_Phasemeter_Costa_Demodulator_1_0.
INFO: [Synth 8-3332] Sequential element (inst/Cross_Mixer/Dout_reg[22]__1) is unused and will be removed from module Differental_Phasemeter_Costa_Demodulator_1_0.
INFO: [Synth 8-3332] Sequential element (inst/Cross_Mixer/Dout_reg[21]__1) is unused and will be removed from module Differental_Phasemeter_Costa_Demodulator_1_0.
INFO: [Synth 8-3332] Sequential element (inst/Cross_Mixer/Dout_reg[20]__1) is unused and will be removed from module Differental_Phasemeter_Costa_Demodulator_1_0.
INFO: [Synth 8-3332] Sequential element (inst/Cross_Mixer/Dout_reg[19]__1) is unused and will be removed from module Differental_Phasemeter_Costa_Demodulator_1_0.
INFO: [Synth 8-3332] Sequential element (inst/Cross_Mixer/Dout_reg[18]__1) is unused and will be removed from module Differental_Phasemeter_Costa_Demodulator_1_0.
INFO: [Synth 8-3332] Sequential element (inst/Cross_Mixer/Dout_reg[17]__1) is unused and will be removed from module Differental_Phasemeter_Costa_Demodulator_1_0.
INFO: [Synth 8-3332] Sequential element (inst/Cross_Mixer/Dout_reg[15]__1) is unused and will be removed from module Differental_Phasemeter_Costa_Demodulator_1_0.
INFO: [Synth 8-3332] Sequential element (inst/Cross_Mixer/Dout_reg[14]__1) is unused and will be removed from module Differental_Phasemeter_Costa_Demodulator_1_0.
INFO: [Synth 8-3332] Sequential element (inst/Cross_Mixer/Dout_reg[13]__1) is unused and will be removed from module Differental_Phasemeter_Costa_Demodulator_1_0.
INFO: [Synth 8-3332] Sequential element (inst/Cross_Mixer/Dout_reg[12]__1) is unused and will be removed from module Differental_Phasemeter_Costa_Demodulator_1_0.
INFO: [Synth 8-3332] Sequential element (inst/Cross_Mixer/Dout_reg[11]__1) is unused and will be removed from module Differental_Phasemeter_Costa_Demodulator_1_0.
INFO: [Synth 8-3332] Sequential element (inst/Cross_Mixer/Dout_reg[10]__1) is unused and will be removed from module Differental_Phasemeter_Costa_Demodulator_1_0.
INFO: [Synth 8-3332] Sequential element (inst/Cross_Mixer/Dout_reg[9]__1) is unused and will be removed from module Differental_Phasemeter_Costa_Demodulator_1_0.
INFO: [Synth 8-3332] Sequential element (inst/Cross_Mixer/Dout_reg[8]__1) is unused and will be removed from module Differental_Phasemeter_Costa_Demodulator_1_0.
INFO: [Synth 8-3332] Sequential element (inst/Cross_Mixer/Dout_reg[7]__1) is unused and will be removed from module Differental_Phasemeter_Costa_Demodulator_1_0.
INFO: [Synth 8-3332] Sequential element (inst/Cross_Mixer/Dout_reg[6]__1) is unused and will be removed from module Differental_Phasemeter_Costa_Demodulator_1_0.
INFO: [Synth 8-3332] Sequential element (inst/Cross_Mixer/Dout_reg[5]__1) is unused and will be removed from module Differental_Phasemeter_Costa_Demodulator_1_0.
INFO: [Synth 8-3332] Sequential element (inst/Cross_Mixer/Dout_reg[4]__1) is unused and will be removed from module Differental_Phasemeter_Costa_Demodulator_1_0.
INFO: [Synth 8-3332] Sequential element (inst/Cross_Mixer/Dout_reg[3]__1) is unused and will be removed from module Differental_Phasemeter_Costa_Demodulator_1_0.
INFO: [Synth 8-3332] Sequential element (inst/Cross_Mixer/Dout_reg[2]__1) is unused and will be removed from module Differental_Phasemeter_Costa_Demodulator_1_0.
INFO: [Synth 8-3332] Sequential element (inst/Cross_Mixer/Dout_reg[1]__1) is unused and will be removed from module Differental_Phasemeter_Costa_Demodulator_1_0.
INFO: [Synth 8-3332] Sequential element (inst/Cross_Mixer/Dout_reg[0]__1) is unused and will be removed from module Differental_Phasemeter_Costa_Demodulator_1_0.
INFO: [Synth 8-3332] Sequential element (inst/Frequency_Mixer/Dout_reg[47]) is unused and will be removed from module Differental_Phasemeter_Costa_Demodulator_1_0.
INFO: [Synth 8-3332] Sequential element (inst/Frequency_Mixer/Dout_reg[46]) is unused and will be removed from module Differental_Phasemeter_Costa_Demodulator_1_0.
INFO: [Synth 8-3332] Sequential element (inst/Frequency_Mixer/Dout_reg[45]) is unused and will be removed from module Differental_Phasemeter_Costa_Demodulator_1_0.
INFO: [Synth 8-3332] Sequential element (inst/Frequency_Mixer/Dout_reg[44]) is unused and will be removed from module Differental_Phasemeter_Costa_Demodulator_1_0.
INFO: [Synth 8-3332] Sequential element (inst/Frequency_Mixer/Dout_reg[43]) is unused and will be removed from module Differental_Phasemeter_Costa_Demodulator_1_0.
INFO: [Synth 8-3332] Sequential element (inst/Frequency_Mixer/Dout_reg[42]) is unused and will be removed from module Differental_Phasemeter_Costa_Demodulator_1_0.
INFO: [Synth 8-3332] Sequential element (inst/Frequency_Mixer/Dout_reg[41]) is unused and will be removed from module Differental_Phasemeter_Costa_Demodulator_1_0.
INFO: [Synth 8-3332] Sequential element (inst/Frequency_Mixer/Dout_reg[40]) is unused and will be removed from module Differental_Phasemeter_Costa_Demodulator_1_0.
INFO: [Synth 8-3332] Sequential element (inst/Frequency_Mixer/Dout_reg[39]) is unused and will be removed from module Differental_Phasemeter_Costa_Demodulator_1_0.
INFO: [Synth 8-3332] Sequential element (inst/Frequency_Mixer/Dout_reg[38]) is unused and will be removed from module Differental_Phasemeter_Costa_Demodulator_1_0.
INFO: [Synth 8-3332] Sequential element (inst/Frequency_Mixer/Dout_reg[37]) is unused and will be removed from module Differental_Phasemeter_Costa_Demodulator_1_0.
INFO: [Synth 8-3332] Sequential element (inst/Frequency_Mixer/Dout_reg[36]) is unused and will be removed from module Differental_Phasemeter_Costa_Demodulator_1_0.
INFO: [Synth 8-3332] Sequential element (inst/Frequency_Mixer/Dout_reg[35]) is unused and will be removed from module Differental_Phasemeter_Costa_Demodulator_1_0.
INFO: [Synth 8-3332] Sequential element (inst/Frequency_Mixer/Dout_reg[34]) is unused and will be removed from module Differental_Phasemeter_Costa_Demodulator_1_0.
INFO: [Synth 8-3332] Sequential element (inst/Frequency_Mixer/Dout_reg[33]) is unused and will be removed from module Differental_Phasemeter_Costa_Demodulator_1_0.
INFO: [Synth 8-3332] Sequential element (inst/Frequency_Mixer/Dout_reg[32]) is unused and will be removed from module Differental_Phasemeter_Costa_Demodulator_1_0.
INFO: [Synth 8-3332] Sequential element (inst/Frequency_Mixer/Dout_reg[31]) is unused and will be removed from module Differental_Phasemeter_Costa_Demodulator_1_0.
INFO: [Synth 8-3332] Sequential element (inst/Frequency_Mixer/Dout_reg[30]) is unused and will be removed from module Differental_Phasemeter_Costa_Demodulator_1_0.
INFO: [Synth 8-3332] Sequential element (inst/Frequency_Mixer/Dout_reg[29]) is unused and will be removed from module Differental_Phasemeter_Costa_Demodulator_1_0.
INFO: [Synth 8-3332] Sequential element (inst/Frequency_Mixer/Dout_reg[28]) is unused and will be removed from module Differental_Phasemeter_Costa_Demodulator_1_0.
INFO: [Synth 8-3332] Sequential element (inst/Frequency_Mixer/Dout_reg[27]) is unused and will be removed from module Differental_Phasemeter_Costa_Demodulator_1_0.
INFO: [Synth 8-3332] Sequential element (inst/Frequency_Mixer/Dout_reg[26]) is unused and will be removed from module Differental_Phasemeter_Costa_Demodulator_1_0.
INFO: [Common 17-14] Message 'Synth 8-3332' appears 100 times and further instances of the messages will be disabled. Use the Tcl command set_msg_config to change the current settings.
---------------------------------------------------------------------------------
Finished Cross Boundary and Area Optimization : Time (s): cpu = 00:01:19 ; elapsed = 00:01:20 . Memory (MB): peak = 1455.875 ; gain = 647.258
---------------------------------------------------------------------------------
---------------------------------------------------------------------------------
Start ROM, RAM, DSP, Shift Register and Retiming Reporting
---------------------------------------------------------------------------------

ROM: Preliminary Mapping Report
+------------+-----------------------+---------------+----------------+
|Module Name | RTL Object            | Depth x Width | Implemented As | 
+------------+-----------------------+---------------+----------------+
|NCO         | databuffer_reg        | 16384x13      | Block RAM      | 
|NCO         | Quadrature_buffer_reg | 16384x13      | Block RAM      | 
+------------+-----------------------+---------------+----------------+


DSP: Preliminary Mapping Report (see note below. The ' indicates corresponding REG is set)
+---------------+-----------------+--------+--------+--------+--------+--------+------+------+------+------+-------+------+------+
|Module Name    | DSP Mapping     | A Size | B Size | C Size | D Size | P Size | AREG | BREG | CREG | DREG | ADREG | MREG | PREG | 
+---------------+-----------------+--------+--------+--------+--------+--------+------+------+------+------+-------+------+------+
|Mixer          | A*B             | 18     | 9      | -      | -      | 48     | 0    | 0    | -    | -    | -     | 0    | 0    | 
|Mixer          | A*B             | 18     | 18     | -      | -      | 48     | 0    | 0    | -    | -    | -     | 0    | 0    | 
|Mixer          | (PCIN>>17)+A*B  | 18     | 9      | -      | -      | 48     | 0    | 0    | -    | -    | -     | 0    | 1    | 
|PII_Controller | A*B             | 18     | 15     | -      | -      | 48     | 0    | 0    | -    | -    | -     | 0    | 0    | 
|PII_Controller | (PCIN>>17)+A*B  | 15     | 15     | -      | -      | 48     | 0    | 0    | -    | -    | -     | 0    | 0    | 
|PII_Controller | A*B             | 18     | 18     | -      | -      | 48     | 0    | 0    | -    | -    | -     | 0    | 0    | 
|PII_Controller | (PCIN>>17)+A*B  | 18     | 15     | -      | -      | 48     | 0    | 0    | -    | -    | -     | 0    | 0    | 
|PII_Controller | A2*B            | 18     | 15     | -      | -      | 48     | 1    | 0    | -    | -    | -     | 0    | 0    | 
|PII_Controller | (PCIN>>17)+A*B2 | 15     | 15     | -      | -      | 48     | 0    | 1    | -    | -    | -     | 0    | 0    | 
|PII_Controller | A*B2            | 18     | 18     | -      | -      | 48     | 0    | 1    | -    | -    | -     | 0    | 0    | 
|PII_Controller | (PCIN>>17)+A*B2 | 18     | 15     | -      | -      | 48     | 0    | 1    | -    | -    | -     | 0    | 0    | 
|PII_Controller | A*B             | 18     | 15     | -      | -      | 48     | 0    | 0    | -    | -    | -     | 0    | 0    | 
|PII_Controller | (PCIN>>17)+A*B  | 15     | 15     | -      | -      | 48     | 0    | 0    | -    | -    | -     | 0    | 0    | 
|PII_Controller | A*B             | 18     | 18     | -      | -      | 48     | 0    | 0    | -    | -    | -     | 0    | 0    | 
|PII_Controller | (PCIN>>17)+A*B  | 18     | 15     | -      | -      | 48     | 0    | 0    | -    | -    | -     | 0    | 0    | 
|Mixer          | A*B             | 18     | 9      | -      | -      | 48     | 0    | 0    | -    | -    | -     | 0    | 0    | 
|Mixer          | A*B             | 18     | 18     | -      | -      | 48     | 0    | 0    | -    | -    | -     | 0    | 0    | 
|Mixer          | (PCIN>>17)+A*B  | 18     | 9      | -      | -      | 48     | 0    | 0    | -    | -    | -     | 0    | 1    | 
|PII_Controller | A*B             | 18     | 15     | -      | -      | 48     | 0    | 0    | -    | -    | -     | 0    | 0    | 
|PII_Controller | (PCIN>>17)+A*B  | 15     | 15     | -      | -      | 30     | 0    | 0    | -    | -    | -     | 0    | 0    | 
|PII_Controller | A*B             | 18     | 18     | -      | -      | 48     | 0    | 0    | -    | -    | -     | 0    | 0    | 
|PII_Controller | (PCIN>>17)+A*B  | 18     | 15     | -      | -      | 47     | 0    | 0    | -    | -    | -     | 0    | 0    | 
|PII_Controller | A2*B            | 18     | 15     | -      | -      | 48     | 1    | 0    | -    | -    | -     | 0    | 0    | 
|PII_Controller | (PCIN>>17)+A*B2 | 15     | 15     | -      | -      | 30     | 0    | 1    | -    | -    | -     | 0    | 0    | 
|PII_Controller | A*B2            | 18     | 18     | -      | -      | 48     | 0    | 1    | -    | -    | -     | 0    | 0    | 
|PII_Controller | (PCIN>>17)+A*B2 | 18     | 15     | -      | -      | 47     | 0    | 1    | -    | -    | -     | 0    | 0    | 
|PII_Controller | A*B             | 18     | 15     | -      | -      | 48     | 0    | 0    | -    | -    | -     | 0    | 0    | 
|PII_Controller | (PCIN>>17)+A*B  | 15     | 15     | -      | -      | 30     | 0    | 0    | -    | -    | -     | 0    | 0    | 
|PII_Controller | A*B             | 18     | 18     | -      | -      | 48     | 0    | 0    | -    | -    | -     | 0    | 0    | 
|PII_Controller | (PCIN>>17)+A*B  | 18     | 15     | -      | -      | 47     | 0    | 0    | -    | -    | -     | 0    | 0    | 
|Mixer          | (A*B)'          | 14     | 14     | -      | -      | 28     | 0    | 0    | -    | -    | -     | 1    | 0    | 
|Mixer          | (A*B)'          | 14     | 14     | -      | -      | 28     | 0    | 0    | -    | -    | -     | 1    | 0    | 
+---------------+-----------------+--------+--------+--------+--------+--------+------+------+------+------+-------+------+------+

Note: The table above is a preliminary report that shows the DSPs inferred at the current stage of the synthesis flow. Some DSP may be reimplemented as non DSP primitives later in the synthesis flow. Multiple instantiated DSPs are reported only once.
---------------------------------------------------------------------------------
Finished ROM, RAM, DSP, Shift Register and Retiming Reporting
---------------------------------------------------------------------------------
---------------------------------------------------------------------------------
Start Applying XDC Timing Constraints
---------------------------------------------------------------------------------
---------------------------------------------------------------------------------
Finished Applying XDC Timing Constraints : Time (s): cpu = 00:01:26 ; elapsed = 00:01:28 . Memory (MB): peak = 1455.875 ; gain = 647.258
---------------------------------------------------------------------------------
---------------------------------------------------------------------------------
Start Timing Optimization
---------------------------------------------------------------------------------
---------------------------------------------------------------------------------
Finished Timing Optimization : Time (s): cpu = 00:01:26 ; elapsed = 00:01:28 . Memory (MB): peak = 1455.875 ; gain = 647.258
---------------------------------------------------------------------------------
---------------------------------------------------------------------------------
Start Technology Mapping
---------------------------------------------------------------------------------
INFO: [Synth 8-7052] The timing for the instance inst/Loop_Oscilator/databuffer_reg_0 (implemented as a Block RAM) might be sub-optimal as no optional output register could be merged into the ram block. Providing additional output register may help in improving timing.
INFO: [Synth 8-7052] The timing for the instance inst/Loop_Oscilator/databuffer_reg_0 (implemented as a Block RAM) might be sub-optimal as no optional output register could be merged into the ram block. Providing additional output register may help in improving timing.
INFO: [Synth 8-7052] The timing for the instance inst/Loop_Oscilator/databuffer_reg_1 (implemented as a Block RAM) might be sub-optimal as no optional output register could be merged into the ram block. Providing additional output register may help in improving timing.
INFO: [Synth 8-7052] The timing for the instance inst/Loop_Oscilator/databuffer_reg_1 (implemented as a Block RAM) might be sub-optimal as no optional output register could be merged into the ram block. Providing additional output register may help in improving timing.
INFO: [Synth 8-7052] The timing for the instance inst/Loop_Oscilator/databuffer_reg_2 (implemented as a Block RAM) might be sub-optimal as no optional output register could be merged into the ram block. Providing additional output register may help in improving timing.
INFO: [Synth 8-7052] The timing for the instance inst/Loop_Oscilator/databuffer_reg_2 (implemented as a Block RAM) might be sub-optimal as no optional output register could be merged into the ram block. Providing additional output register may help in improving timing.
INFO: [Synth 8-7052] The timing for the instance inst/Loop_Oscilator/databuffer_reg_3 (implemented as a Block RAM) might be sub-optimal as no optional output register could be merged into the ram block. Providing additional output register may help in improving timing.
INFO: [Synth 8-7052] The timing for the instance inst/Loop_Oscilator/databuffer_reg_3 (implemented as a Block RAM) might be sub-optimal as no optional output register could be merged into the ram block. Providing additional output register may help in improving timing.
INFO: [Synth 8-7052] The timing for the instance inst/Loop_Oscilator/databuffer_reg_4 (implemented as a Block RAM) might be sub-optimal as no optional output register could be merged into the ram block. Providing additional output register may help in improving timing.
INFO: [Synth 8-7052] The timing for the instance inst/Loop_Oscilator/databuffer_reg_4 (implemented as a Block RAM) might be sub-optimal as no optional output register could be merged into the ram block. Providing additional output register may help in improving timing.
INFO: [Synth 8-7052] The timing for the instance inst/Loop_Oscilator/databuffer_reg_5 (implemented as a Block RAM) might be sub-optimal as no optional output register could be merged into the ram block. Providing additional output register may help in improving timing.
INFO: [Synth 8-7052] The timing for the instance inst/Loop_Oscilator/databuffer_reg_5 (implemented as a Block RAM) might be sub-optimal as no optional output register could be merged into the ram block. Providing additional output register may help in improving timing.
INFO: [Synth 8-7052] The timing for the instance inst/Loop_Oscilator/databuffer_reg_6 (implemented as a Block RAM) might be sub-optimal as no optional output register could be merged into the ram block. Providing additional output register may help in improving timing.
INFO: [Synth 8-7052] The timing for the instance inst/Loop_Oscilator/databuffer_reg_6 (implemented as a Block RAM) might be sub-optimal as no optional output register could be merged into the ram block. Providing additional output register may help in improving timing.
---------------------------------------------------------------------------------
Finished Technology Mapping : Time (s): cpu = 00:01:27 ; elapsed = 00:01:29 . Memory (MB): peak = 1470.922 ; gain = 662.305
---------------------------------------------------------------------------------
---------------------------------------------------------------------------------
Start IO Insertion
---------------------------------------------------------------------------------
---------------------------------------------------------------------------------
Start Flattening Before IO Insertion
---------------------------------------------------------------------------------
---------------------------------------------------------------------------------
Finished Flattening Before IO Insertion
---------------------------------------------------------------------------------
---------------------------------------------------------------------------------
Start Final Netlist Cleanup
---------------------------------------------------------------------------------
---------------------------------------------------------------------------------
Finished Final Netlist Cleanup
---------------------------------------------------------------------------------
---------------------------------------------------------------------------------
Finished IO Insertion : Time (s): cpu = 00:01:31 ; elapsed = 00:01:33 . Memory (MB): peak = 1483.375 ; gain = 674.758
---------------------------------------------------------------------------------
---------------------------------------------------------------------------------
Start Renaming Generated Instances
---------------------------------------------------------------------------------
---------------------------------------------------------------------------------
Finished Renaming Generated Instances : Time (s): cpu = 00:01:31 ; elapsed = 00:01:33 . Memory (MB): peak = 1483.375 ; gain = 674.758
---------------------------------------------------------------------------------
---------------------------------------------------------------------------------
Start Rebuilding User Hierarchy
---------------------------------------------------------------------------------
---------------------------------------------------------------------------------
Finished Rebuilding User Hierarchy : Time (s): cpu = 00:01:31 ; elapsed = 00:01:33 . Memory (MB): peak = 1483.375 ; gain = 674.758
---------------------------------------------------------------------------------
---------------------------------------------------------------------------------
Start Renaming Generated Ports
---------------------------------------------------------------------------------
---------------------------------------------------------------------------------
Finished Renaming Generated Ports : Time (s): cpu = 00:01:31 ; elapsed = 00:01:33 . Memory (MB): peak = 1483.375 ; gain = 674.758
---------------------------------------------------------------------------------
---------------------------------------------------------------------------------
Start Handling Custom Attributes
---------------------------------------------------------------------------------
---------------------------------------------------------------------------------
Finished Handling Custom Attributes : Time (s): cpu = 00:01:31 ; elapsed = 00:01:33 . Memory (MB): peak = 1483.375 ; gain = 674.758
---------------------------------------------------------------------------------
---------------------------------------------------------------------------------
Start Renaming Generated Nets
---------------------------------------------------------------------------------
---------------------------------------------------------------------------------
Finished Renaming Generated Nets : Time (s): cpu = 00:01:31 ; elapsed = 00:01:33 . Memory (MB): peak = 1483.375 ; gain = 674.758
---------------------------------------------------------------------------------
---------------------------------------------------------------------------------
Start Writing Synthesis Report
---------------------------------------------------------------------------------

DSP Final Report (the ' indicates corresponding REG is set)
+---------------+-------------------+--------+--------+--------+--------+--------+------+------+------+------+-------+------+------+
|Module Name    | DSP Mapping       | A Size | B Size | C Size | D Size | P Size | AREG | BREG | CREG | DREG | ADREG | MREG | PREG | 
+---------------+-------------------+--------+--------+--------+--------+--------+------+------+------+------+-------+------+------+
|Mixer          | A*B               | 17     | 18     | -      | -      | 48     | 0    | 0    | -    | -    | -     | 0    | 0    | 
|Mixer          | A*B               | 17     | 17     | -      | -      | 48     | 0    | 0    | -    | -    | -     | 0    | 0    | 
|Mixer          | (PCIN>>17+A*B)'   | 17     | 18     | -      | -      | 48     | 0    | 0    | -    | -    | -     | 0    | 1    | 
|PII_Controller | A*B               | 17     | 18     | -      | -      | 48     | 0    | 0    | -    | -    | -     | 0    | 0    | 
|PII_Controller | PCIN>>17+A*B      | 30     | 18     | -      | -      | 30     | 0    | 0    | -    | -    | -     | 0    | 0    | 
|PII_Controller | A*B               | 17     | 17     | -      | -      | 48     | 0    | 0    | -    | -    | -     | 0    | 0    | 
|PII_Controller | PCIN>>17+A*B      | 0      | 18     | -      | -      | 47     | 0    | 0    | -    | -    | -     | 0    | 0    | 
|PII_Controller | A'*B              | 17     | 18     | -      | -      | 48     | 1    | 0    | -    | -    | -     | 0    | 0    | 
|PII_Controller | PCIN>>17+A*B'     | 30     | 18     | -      | -      | 30     | 0    | 1    | -    | -    | -     | 0    | 0    | 
|PII_Controller | A*B'              | 17     | 17     | -      | -      | 48     | 0    | 1    | -    | -    | -     | 0    | 0    | 
|PII_Controller | PCIN>>17+A*B'     | 0      | 18     | -      | -      | 47     | 0    | 1    | -    | -    | -     | 0    | 0    | 
|PII_Controller | A*B               | 17     | 18     | -      | -      | 48     | 0    | 0    | -    | -    | -     | 0    | 0    | 
|PII_Controller | PCIN>>17+A*B      | 30     | 18     | -      | -      | 30     | 0    | 0    | -    | -    | -     | 0    | 0    | 
|PII_Controller | A*B               | 17     | 17     | -      | -      | 48     | 0    | 0    | -    | -    | -     | 0    | 0    | 
|PII_Controller | PCIN>>17+A*B      | 0      | 18     | -      | -      | 47     | 0    | 0    | -    | -    | -     | 0    | 0    | 
|Mixer          | A''*B'            | 17     | 18     | -      | -      | 48     | 2    | 1    | -    | -    | -     | 0    | 0    | 
|Mixer          | A'*B''            | 17     | 17     | -      | -      | 48     | 1    | 2    | -    | -    | -     | 0    | 0    | 
|Mixer          | (PCIN>>17+A*B'')' | 0      | 18     | -      | -      | 48     | 0    | 2    | -    | -    | -     | 0    | 1    | 
|Mixer          | ((A*B')')'        | 30     | 18     | -      | -      | 28     | 0    | 1    | -    | -    | -     | 1    | 1    | 
|Mixer          | ((A*B')')'        | 30     | 18     | -      | -      | 28     | 0    | 1    | -    | -    | -     | 1    | 1    | 
|PII_Controller | A*B               | 17     | 18     | -      | -      | 48     | 0    | 0    | -    | -    | -     | 0    | 0    | 
|PII_Controller | PCIN>>17+A*B      | 30     | 18     | -      | -      | 30     | 0    | 0    | -    | -    | -     | 0    | 0    | 
|PII_Controller | A*B               | 17     | 17     | -      | -      | 48     | 0    | 0    | -    | -    | -     | 0    | 0    | 
|PII_Controller | PCIN>>17+A*B      | 0      | 18     | -      | -      | 47     | 0    | 0    | -    | -    | -     | 0    | 0    | 
|PII_Controller | A'*B              | 17     | 18     | -      | -      | 48     | 1    | 0    | -    | -    | -     | 0    | 0    | 
|PII_Controller | PCIN>>17+A*B'     | 30     | 18     | -      | -      | 30     | 0    | 1    | -    | -    | -     | 0    | 0    | 
|PII_Controller | A*B'              | 17     | 17     | -      | -      | 48     | 0    | 1    | -    | -    | -     | 0    | 0    | 
|PII_Controller | PCIN>>17+A*B'     | 0      | 18     | -      | -      | 47     | 0    | 1    | -    | -    | -     | 0    | 0    | 
|PII_Controller | A*B               | 17     | 18     | -      | -      | 48     | 0    | 0    | -    | -    | -     | 0    | 0    | 
|PII_Controller | PCIN>>17+A*B      | 30     | 18     | -      | -      | 30     | 0    | 0    | -    | -    | -     | 0    | 0    | 
|PII_Controller | A*B               | 17     | 17     | -      | -      | 48     | 0    | 0    | -    | -    | -     | 0    | 0    | 
|PII_Controller | PCIN>>17+A*B      | 0      | 18     | -      | -      | 47     | 0    | 0    | -    | -    | -     | 0    | 0    | 
+---------------+-------------------+--------+--------+--------+--------+--------+------+------+------+------+-------+------+------+


Report BlackBoxes: 
+-+--------------+----------+
| |BlackBox name |Instances |
+-+--------------+----------+
+-+--------------+----------+

Report Cell Usage: 
+------+---------+------+
|      |Cell     |Count |
+------+---------+------+
|1     |CARRY4   |   324|
|2     |DSP48E1  |    32|
|10    |LUT1     |    31|
|11    |LUT2     |  1088|
|12    |LUT3     |   175|
|13    |LUT4     |   188|
|14    |LUT5     |    22|
|15    |LUT6     |   102|
|16    |RAMB18E1 |     1|
|17    |RAMB36E1 |     6|
|23    |FDCE     |   677|
|24    |FDRE     |   769|
+------+---------+------+
---------------------------------------------------------------------------------
Finished Writing Synthesis Report : Time (s): cpu = 00:01:31 ; elapsed = 00:01:33 . Memory (MB): peak = 1483.375 ; gain = 674.758
---------------------------------------------------------------------------------
Synthesis finished with 0 errors, 0 critical warnings and 5 warnings.
Synthesis Optimization Runtime : Time (s): cpu = 00:00:35 ; elapsed = 00:01:31 . Memory (MB): peak = 1483.375 ; gain = 674.758
Synthesis Optimization Complete : Time (s): cpu = 00:01:32 ; elapsed = 00:01:34 . Memory (MB): peak = 1483.375 ; gain = 674.758
INFO: [Project 1-571] Translating synthesized netlist
Netlist sorting complete. Time (s): cpu = 00:00:00 ; elapsed = 00:00:00.064 . Memory (MB): peak = 1495.441 ; gain = 0.000
INFO: [Netlist 29-17] Analyzing 363 Unisim elements for replacement
INFO: [Netlist 29-28] Unisim Transformation completed in 0 CPU seconds
INFO: [Project 1-570] Preparing netlist for logic optimization
INFO: [Opt 31-138] Pushed 0 inverter(s) to 0 load pin(s).
Netlist sorting complete. Time (s): cpu = 00:00:00 ; elapsed = 00:00:00 . Memory (MB): peak = 1499.133 ; gain = 0.000
INFO: [Project 1-111] Unisim Transformation Summary:
No Unisim elements were transformed.

Synth Design complete, checksum: 314fff44
INFO: [Common 17-83] Releasing license: Synthesis
161 Infos, 9 Warnings, 0 Critical Warnings and 0 Errors encountered.
synth_design completed successfully
synth_design: Time (s): cpu = 00:01:38 ; elapsed = 00:01:43 . Memory (MB): peak = 1499.133 ; gain = 1069.121
INFO: [Common 17-1381] The checkpoint 'C:/Users/John/Desktop/Honours_Project/RP-Production/RP-Production.runs/Differental_Phasemeter_Costa_Demodulator_1_0_synth_1/Differental_Phasemeter_Costa_Demodulator_1_0.dcp' has been generated.
INFO: [Coretcl 2-1648] Added synthesis output to IP cache for IP Differental_Phasemeter_Costa_Demodulator_1_0, cache-ID = f0f62e910ac172eb
INFO: [Coretcl 2-1174] Renamed 12 cell refs.
INFO: [Common 17-1381] The checkpoint 'C:/Users/John/Desktop/Honours_Project/RP-Production/RP-Production.runs/Differental_Phasemeter_Costa_Demodulator_1_0_synth_1/Differental_Phasemeter_Costa_Demodulator_1_0.dcp' has been generated.
INFO: [runtcl-4] Executing : report_utilization -file Differental_Phasemeter_Costa_Demodulator_1_0_utilization_synth.rpt -pb Differental_Phasemeter_Costa_Demodulator_1_0_utilization_synth.pb
INFO: [Common 17-206] Exiting Vivado at Fri Sep 22 15:09:39 2023...
