Copyright 1986-2022 Xilinx, Inc. All Rights Reserved.
------------------------------------------------------------------------------------------------------------------------------------------------------------------------------------
| Tool Version : Vivado v.2022.2 (win64) Build 3671981 Fri Oct 14 05:00:03 MDT 2022
| Date         : Fri Aug 11 13:41:09 2023
| Host         : Centurion-Heavy running 64-bit major release  (build 9200)
| Command      : report_drc -file Differental_Phasemeter_wrapper_drc_routed.rpt -pb Differental_Phasemeter_wrapper_drc_routed.pb -rpx Differental_Phasemeter_wrapper_drc_routed.rpx
| Design       : Differental_Phasemeter_wrapper
| Device       : xc7z010clg400-1
| Speed File   : -1
| Design State : Fully Routed
------------------------------------------------------------------------------------------------------------------------------------------------------------------------------------

Report DRC

Table of Contents
-----------------
1. REPORT SUMMARY
2. REPORT DETAILS

1. REPORT SUMMARY
-----------------
            Netlist: netlist
          Floorplan: design_1
      Design limits: <entire design considered>
           Ruledeck: default
             Max violations: <unlimited>
             Violations found: 64
+-----------+----------+-------------------------+------------+
| Rule      | Severity | Description             | Violations |
+-----------+----------+-------------------------+------------+
| DPIP-1    | Warning  | Input pipelining        | 28         |
| DPOP-1    | Warning  | PREG Output pipelining  | 16         |
| DPOP-2    | Warning  | MREG Output pipelining  | 16         |
| PDCN-1569 | Warning  | LUT equation term check | 3          |
| RTSTAT-10 | Warning  | No routable loads       | 1          |
+-----------+----------+-------------------------+------------+

2. REPORT DETAILS
-----------------
DPIP-1#1 Warning
Input pipelining  
DSP Differental_Phasemeter_i/Phase_Locked_Loop_0/inst/Loop_Controller/ARG input Differental_Phasemeter_i/Phase_Locked_Loop_0/inst/Loop_Controller/ARG/A[29:0] is not pipelined. Pipelining DSP48 input will improve performance.
Related violations: <none>

DPIP-1#2 Warning
Input pipelining  
DSP Differental_Phasemeter_i/Phase_Locked_Loop_0/inst/Loop_Controller/ARG input Differental_Phasemeter_i/Phase_Locked_Loop_0/inst/Loop_Controller/ARG/B[17:0] is not pipelined. Pipelining DSP48 input will improve performance.
Related violations: <none>

DPIP-1#3 Warning
Input pipelining  
DSP Differental_Phasemeter_i/Phase_Locked_Loop_0/inst/Loop_Controller/ARG__0 input Differental_Phasemeter_i/Phase_Locked_Loop_0/inst/Loop_Controller/ARG__0/A[29:0] is not pipelined. Pipelining DSP48 input will improve performance.
Related violations: <none>

DPIP-1#4 Warning
Input pipelining  
DSP Differental_Phasemeter_i/Phase_Locked_Loop_0/inst/Loop_Controller/ARG__0 input Differental_Phasemeter_i/Phase_Locked_Loop_0/inst/Loop_Controller/ARG__0/B[17:0] is not pipelined. Pipelining DSP48 input will improve performance.
Related violations: <none>

DPIP-1#5 Warning
Input pipelining  
DSP Differental_Phasemeter_i/Phase_Locked_Loop_0/inst/Loop_Controller/ARG__1 input Differental_Phasemeter_i/Phase_Locked_Loop_0/inst/Loop_Controller/ARG__1/A[29:0] is not pipelined. Pipelining DSP48 input will improve performance.
Related violations: <none>

DPIP-1#6 Warning
Input pipelining  
DSP Differental_Phasemeter_i/Phase_Locked_Loop_0/inst/Loop_Controller/ARG__1 input Differental_Phasemeter_i/Phase_Locked_Loop_0/inst/Loop_Controller/ARG__1/B[17:0] is not pipelined. Pipelining DSP48 input will improve performance.
Related violations: <none>

DPIP-1#7 Warning
Input pipelining  
DSP Differental_Phasemeter_i/Phase_Locked_Loop_0/inst/Loop_Controller/ARG__2 input Differental_Phasemeter_i/Phase_Locked_Loop_0/inst/Loop_Controller/ARG__2/B[17:0] is not pipelined. Pipelining DSP48 input will improve performance.
Related violations: <none>

DPIP-1#8 Warning
Input pipelining  
DSP Differental_Phasemeter_i/Phase_Locked_Loop_0/inst/Loop_Controller/ARG__3 input Differental_Phasemeter_i/Phase_Locked_Loop_0/inst/Loop_Controller/ARG__3/A[29:0] is not pipelined. Pipelining DSP48 input will improve performance.
Related violations: <none>

DPIP-1#9 Warning
Input pipelining  
DSP Differental_Phasemeter_i/Phase_Locked_Loop_0/inst/Loop_Controller/ARG__3 input Differental_Phasemeter_i/Phase_Locked_Loop_0/inst/Loop_Controller/ARG__3/B[17:0] is not pipelined. Pipelining DSP48 input will improve performance.
Related violations: <none>

DPIP-1#10 Warning
Input pipelining  
DSP Differental_Phasemeter_i/Phase_Locked_Loop_0/inst/Loop_Controller/ARG__4 input Differental_Phasemeter_i/Phase_Locked_Loop_0/inst/Loop_Controller/ARG__4/A[29:0] is not pipelined. Pipelining DSP48 input will improve performance.
Related violations: <none>

DPIP-1#11 Warning
Input pipelining  
DSP Differental_Phasemeter_i/Phase_Locked_Loop_0/inst/Loop_Controller/ARG__4 input Differental_Phasemeter_i/Phase_Locked_Loop_0/inst/Loop_Controller/ARG__4/B[17:0] is not pipelined. Pipelining DSP48 input will improve performance.
Related violations: <none>

DPIP-1#12 Warning
Input pipelining  
DSP Differental_Phasemeter_i/Phase_Locked_Loop_0/inst/Loop_Controller/ARG__5 input Differental_Phasemeter_i/Phase_Locked_Loop_0/inst/Loop_Controller/ARG__5/A[29:0] is not pipelined. Pipelining DSP48 input will improve performance.
Related violations: <none>

DPIP-1#13 Warning
Input pipelining  
DSP Differental_Phasemeter_i/Phase_Locked_Loop_0/inst/Loop_Controller/ARG__5 input Differental_Phasemeter_i/Phase_Locked_Loop_0/inst/Loop_Controller/ARG__5/B[17:0] is not pipelined. Pipelining DSP48 input will improve performance.
Related violations: <none>

DPIP-1#14 Warning
Input pipelining  
DSP Differental_Phasemeter_i/Phase_Locked_Loop_0/inst/Loop_Controller/ARG__6 input Differental_Phasemeter_i/Phase_Locked_Loop_0/inst/Loop_Controller/ARG__6/B[17:0] is not pipelined. Pipelining DSP48 input will improve performance.
Related violations: <none>

DPIP-1#15 Warning
Input pipelining  
DSP Differental_Phasemeter_i/Phase_Locked_Loop_1/inst/Loop_Controller/ARG input Differental_Phasemeter_i/Phase_Locked_Loop_1/inst/Loop_Controller/ARG/A[29:0] is not pipelined. Pipelining DSP48 input will improve performance.
Related violations: <none>

DPIP-1#16 Warning
Input pipelining  
DSP Differental_Phasemeter_i/Phase_Locked_Loop_1/inst/Loop_Controller/ARG input Differental_Phasemeter_i/Phase_Locked_Loop_1/inst/Loop_Controller/ARG/B[17:0] is not pipelined. Pipelining DSP48 input will improve performance.
Related violations: <none>

DPIP-1#17 Warning
Input pipelining  
DSP Differental_Phasemeter_i/Phase_Locked_Loop_1/inst/Loop_Controller/ARG__0 input Differental_Phasemeter_i/Phase_Locked_Loop_1/inst/Loop_Controller/ARG__0/A[29:0] is not pipelined. Pipelining DSP48 input will improve performance.
Related violations: <none>

DPIP-1#18 Warning
Input pipelining  
DSP Differental_Phasemeter_i/Phase_Locked_Loop_1/inst/Loop_Controller/ARG__0 input Differental_Phasemeter_i/Phase_Locked_Loop_1/inst/Loop_Controller/ARG__0/B[17:0] is not pipelined. Pipelining DSP48 input will improve performance.
Related violations: <none>

DPIP-1#19 Warning
Input pipelining  
DSP Differental_Phasemeter_i/Phase_Locked_Loop_1/inst/Loop_Controller/ARG__1 input Differental_Phasemeter_i/Phase_Locked_Loop_1/inst/Loop_Controller/ARG__1/A[29:0] is not pipelined. Pipelining DSP48 input will improve performance.
Related violations: <none>

DPIP-1#20 Warning
Input pipelining  
DSP Differental_Phasemeter_i/Phase_Locked_Loop_1/inst/Loop_Controller/ARG__1 input Differental_Phasemeter_i/Phase_Locked_Loop_1/inst/Loop_Controller/ARG__1/B[17:0] is not pipelined. Pipelining DSP48 input will improve performance.
Related violations: <none>

DPIP-1#21 Warning
Input pipelining  
DSP Differental_Phasemeter_i/Phase_Locked_Loop_1/inst/Loop_Controller/ARG__2 input Differental_Phasemeter_i/Phase_Locked_Loop_1/inst/Loop_Controller/ARG__2/B[17:0] is not pipelined. Pipelining DSP48 input will improve performance.
Related violations: <none>

DPIP-1#22 Warning
Input pipelining  
DSP Differental_Phasemeter_i/Phase_Locked_Loop_1/inst/Loop_Controller/ARG__3 input Differental_Phasemeter_i/Phase_Locked_Loop_1/inst/Loop_Controller/ARG__3/A[29:0] is not pipelined. Pipelining DSP48 input will improve performance.
Related violations: <none>

DPIP-1#23 Warning
Input pipelining  
DSP Differental_Phasemeter_i/Phase_Locked_Loop_1/inst/Loop_Controller/ARG__3 input Differental_Phasemeter_i/Phase_Locked_Loop_1/inst/Loop_Controller/ARG__3/B[17:0] is not pipelined. Pipelining DSP48 input will improve performance.
Related violations: <none>

DPIP-1#24 Warning
Input pipelining  
DSP Differental_Phasemeter_i/Phase_Locked_Loop_1/inst/Loop_Controller/ARG__4 input Differental_Phasemeter_i/Phase_Locked_Loop_1/inst/Loop_Controller/ARG__4/A[29:0] is not pipelined. Pipelining DSP48 input will improve performance.
Related violations: <none>

DPIP-1#25 Warning
Input pipelining  
DSP Differental_Phasemeter_i/Phase_Locked_Loop_1/inst/Loop_Controller/ARG__4 input Differental_Phasemeter_i/Phase_Locked_Loop_1/inst/Loop_Controller/ARG__4/B[17:0] is not pipelined. Pipelining DSP48 input will improve performance.
Related violations: <none>

DPIP-1#26 Warning
Input pipelining  
DSP Differental_Phasemeter_i/Phase_Locked_Loop_1/inst/Loop_Controller/ARG__5 input Differental_Phasemeter_i/Phase_Locked_Loop_1/inst/Loop_Controller/ARG__5/A[29:0] is not pipelined. Pipelining DSP48 input will improve performance.
Related violations: <none>

DPIP-1#27 Warning
Input pipelining  
DSP Differental_Phasemeter_i/Phase_Locked_Loop_1/inst/Loop_Controller/ARG__5 input Differental_Phasemeter_i/Phase_Locked_Loop_1/inst/Loop_Controller/ARG__5/B[17:0] is not pipelined. Pipelining DSP48 input will improve performance.
Related violations: <none>

DPIP-1#28 Warning
Input pipelining  
DSP Differental_Phasemeter_i/Phase_Locked_Loop_1/inst/Loop_Controller/ARG__6 input Differental_Phasemeter_i/Phase_Locked_Loop_1/inst/Loop_Controller/ARG__6/B[17:0] is not pipelined. Pipelining DSP48 input will improve performance.
Related violations: <none>

DPOP-1#1 Warning
PREG Output pipelining  
DSP Differental_Phasemeter_i/Phase_Locked_Loop_0/inst/Loop_Controller/ARG output Differental_Phasemeter_i/Phase_Locked_Loop_0/inst/Loop_Controller/ARG/P[47:0] is not pipelined (PREG=0). Pipelining the DSP48 output will improve performance and often saves power so it is suggested whenever possible to fully pipeline this function.  If this DSP48 function was inferred, it is suggested to describe an additional register stage after this function.  If the DSP48 was instantiated in the design, it is suggested to set the PREG attribute to 1.
Related violations: <none>

DPOP-1#2 Warning
PREG Output pipelining  
DSP Differental_Phasemeter_i/Phase_Locked_Loop_0/inst/Loop_Controller/ARG__0 output Differental_Phasemeter_i/Phase_Locked_Loop_0/inst/Loop_Controller/ARG__0/P[47:0] is not pipelined (PREG=0). Pipelining the DSP48 output will improve performance and often saves power so it is suggested whenever possible to fully pipeline this function.  If this DSP48 function was inferred, it is suggested to describe an additional register stage after this function.  If the DSP48 was instantiated in the design, it is suggested to set the PREG attribute to 1.
Related violations: <none>

DPOP-1#3 Warning
PREG Output pipelining  
DSP Differental_Phasemeter_i/Phase_Locked_Loop_0/inst/Loop_Controller/ARG__1 output Differental_Phasemeter_i/Phase_Locked_Loop_0/inst/Loop_Controller/ARG__1/P[47:0] is not pipelined (PREG=0). Pipelining the DSP48 output will improve performance and often saves power so it is suggested whenever possible to fully pipeline this function.  If this DSP48 function was inferred, it is suggested to describe an additional register stage after this function.  If the DSP48 was instantiated in the design, it is suggested to set the PREG attribute to 1.
Related violations: <none>

DPOP-1#4 Warning
PREG Output pipelining  
DSP Differental_Phasemeter_i/Phase_Locked_Loop_0/inst/Loop_Controller/ARG__2 output Differental_Phasemeter_i/Phase_Locked_Loop_0/inst/Loop_Controller/ARG__2/P[47:0] is not pipelined (PREG=0). Pipelining the DSP48 output will improve performance and often saves power so it is suggested whenever possible to fully pipeline this function.  If this DSP48 function was inferred, it is suggested to describe an additional register stage after this function.  If the DSP48 was instantiated in the design, it is suggested to set the PREG attribute to 1.
Related violations: <none>

DPOP-1#5 Warning
PREG Output pipelining  
DSP Differental_Phasemeter_i/Phase_Locked_Loop_0/inst/Loop_Controller/ARG__3 output Differental_Phasemeter_i/Phase_Locked_Loop_0/inst/Loop_Controller/ARG__3/P[47:0] is not pipelined (PREG=0). Pipelining the DSP48 output will improve performance and often saves power so it is suggested whenever possible to fully pipeline this function.  If this DSP48 function was inferred, it is suggested to describe an additional register stage after this function.  If the DSP48 was instantiated in the design, it is suggested to set the PREG attribute to 1.
Related violations: <none>

DPOP-1#6 Warning
PREG Output pipelining  
DSP Differental_Phasemeter_i/Phase_Locked_Loop_0/inst/Loop_Controller/ARG__4 output Differental_Phasemeter_i/Phase_Locked_Loop_0/inst/Loop_Controller/ARG__4/P[47:0] is not pipelined (PREG=0). Pipelining the DSP48 output will improve performance and often saves power so it is suggested whenever possible to fully pipeline this function.  If this DSP48 function was inferred, it is suggested to describe an additional register stage after this function.  If the DSP48 was instantiated in the design, it is suggested to set the PREG attribute to 1.
Related violations: <none>

DPOP-1#7 Warning
PREG Output pipelining  
DSP Differental_Phasemeter_i/Phase_Locked_Loop_0/inst/Loop_Controller/ARG__5 output Differental_Phasemeter_i/Phase_Locked_Loop_0/inst/Loop_Controller/ARG__5/P[47:0] is not pipelined (PREG=0). Pipelining the DSP48 output will improve performance and often saves power so it is suggested whenever possible to fully pipeline this function.  If this DSP48 function was inferred, it is suggested to describe an additional register stage after this function.  If the DSP48 was instantiated in the design, it is suggested to set the PREG attribute to 1.
Related violations: <none>

DPOP-1#8 Warning
PREG Output pipelining  
DSP Differental_Phasemeter_i/Phase_Locked_Loop_0/inst/Loop_Controller/ARG__6 output Differental_Phasemeter_i/Phase_Locked_Loop_0/inst/Loop_Controller/ARG__6/P[47:0] is not pipelined (PREG=0). Pipelining the DSP48 output will improve performance and often saves power so it is suggested whenever possible to fully pipeline this function.  If this DSP48 function was inferred, it is suggested to describe an additional register stage after this function.  If the DSP48 was instantiated in the design, it is suggested to set the PREG attribute to 1.
Related violations: <none>

DPOP-1#9 Warning
PREG Output pipelining  
DSP Differental_Phasemeter_i/Phase_Locked_Loop_1/inst/Loop_Controller/ARG output Differental_Phasemeter_i/Phase_Locked_Loop_1/inst/Loop_Controller/ARG/P[47:0] is not pipelined (PREG=0). Pipelining the DSP48 output will improve performance and often saves power so it is suggested whenever possible to fully pipeline this function.  If this DSP48 function was inferred, it is suggested to describe an additional register stage after this function.  If the DSP48 was instantiated in the design, it is suggested to set the PREG attribute to 1.
Related violations: <none>

DPOP-1#10 Warning
PREG Output pipelining  
DSP Differental_Phasemeter_i/Phase_Locked_Loop_1/inst/Loop_Controller/ARG__0 output Differental_Phasemeter_i/Phase_Locked_Loop_1/inst/Loop_Controller/ARG__0/P[47:0] is not pipelined (PREG=0). Pipelining the DSP48 output will improve performance and often saves power so it is suggested whenever possible to fully pipeline this function.  If this DSP48 function was inferred, it is suggested to describe an additional register stage after this function.  If the DSP48 was instantiated in the design, it is suggested to set the PREG attribute to 1.
Related violations: <none>

DPOP-1#11 Warning
PREG Output pipelining  
DSP Differental_Phasemeter_i/Phase_Locked_Loop_1/inst/Loop_Controller/ARG__1 output Differental_Phasemeter_i/Phase_Locked_Loop_1/inst/Loop_Controller/ARG__1/P[47:0] is not pipelined (PREG=0). Pipelining the DSP48 output will improve performance and often saves power so it is suggested whenever possible to fully pipeline this function.  If this DSP48 function was inferred, it is suggested to describe an additional register stage after this function.  If the DSP48 was instantiated in the design, it is suggested to set the PREG attribute to 1.
Related violations: <none>

DPOP-1#12 Warning
PREG Output pipelining  
DSP Differental_Phasemeter_i/Phase_Locked_Loop_1/inst/Loop_Controller/ARG__2 output Differental_Phasemeter_i/Phase_Locked_Loop_1/inst/Loop_Controller/ARG__2/P[47:0] is not pipelined (PREG=0). Pipelining the DSP48 output will improve performance and often saves power so it is suggested whenever possible to fully pipeline this function.  If this DSP48 function was inferred, it is suggested to describe an additional register stage after this function.  If the DSP48 was instantiated in the design, it is suggested to set the PREG attribute to 1.
Related violations: <none>

DPOP-1#13 Warning
PREG Output pipelining  
DSP Differental_Phasemeter_i/Phase_Locked_Loop_1/inst/Loop_Controller/ARG__3 output Differental_Phasemeter_i/Phase_Locked_Loop_1/inst/Loop_Controller/ARG__3/P[47:0] is not pipelined (PREG=0). Pipelining the DSP48 output will improve performance and often saves power so it is suggested whenever possible to fully pipeline this function.  If this DSP48 function was inferred, it is suggested to describe an additional register stage after this function.  If the DSP48 was instantiated in the design, it is suggested to set the PREG attribute to 1.
Related violations: <none>

DPOP-1#14 Warning
PREG Output pipelining  
DSP Differental_Phasemeter_i/Phase_Locked_Loop_1/inst/Loop_Controller/ARG__4 output Differental_Phasemeter_i/Phase_Locked_Loop_1/inst/Loop_Controller/ARG__4/P[47:0] is not pipelined (PREG=0). Pipelining the DSP48 output will improve performance and often saves power so it is suggested whenever possible to fully pipeline this function.  If this DSP48 function was inferred, it is suggested to describe an additional register stage after this function.  If the DSP48 was instantiated in the design, it is suggested to set the PREG attribute to 1.
Related violations: <none>

DPOP-1#15 Warning
PREG Output pipelining  
DSP Differental_Phasemeter_i/Phase_Locked_Loop_1/inst/Loop_Controller/ARG__5 output Differental_Phasemeter_i/Phase_Locked_Loop_1/inst/Loop_Controller/ARG__5/P[47:0] is not pipelined (PREG=0). Pipelining the DSP48 output will improve performance and often saves power so it is suggested whenever possible to fully pipeline this function.  If this DSP48 function was inferred, it is suggested to describe an additional register stage after this function.  If the DSP48 was instantiated in the design, it is suggested to set the PREG attribute to 1.
Related violations: <none>

DPOP-1#16 Warning
PREG Output pipelining  
DSP Differental_Phasemeter_i/Phase_Locked_Loop_1/inst/Loop_Controller/ARG__6 output Differental_Phasemeter_i/Phase_Locked_Loop_1/inst/Loop_Controller/ARG__6/P[47:0] is not pipelined (PREG=0). Pipelining the DSP48 output will improve performance and often saves power so it is suggested whenever possible to fully pipeline this function.  If this DSP48 function was inferred, it is suggested to describe an additional register stage after this function.  If the DSP48 was instantiated in the design, it is suggested to set the PREG attribute to 1.
Related violations: <none>

DPOP-2#1 Warning
MREG Output pipelining  
DSP Differental_Phasemeter_i/Phase_Locked_Loop_0/inst/Loop_Controller/ARG multiplier stage Differental_Phasemeter_i/Phase_Locked_Loop_0/inst/Loop_Controller/ARG/P[47:0] is not pipelined (MREG=0). Pipelining the multiplier function will improve performance and will save significant power so it is suggested whenever possible to fully pipeline this function.  If this multiplier was inferred, it is suggested to describe an additional register stage after this function.  If there is no registered adder/accumulator following the multiply function, two pipeline stages are suggested to allow both the MREG and PREG registers to be used.  If the DSP48 was instantiated in the design, it is suggested to set both the MREG and PREG attributes to 1 when performing multiply functions.
Related violations: <none>

DPOP-2#2 Warning
MREG Output pipelining  
DSP Differental_Phasemeter_i/Phase_Locked_Loop_0/inst/Loop_Controller/ARG__0 multiplier stage Differental_Phasemeter_i/Phase_Locked_Loop_0/inst/Loop_Controller/ARG__0/P[47:0] is not pipelined (MREG=0). Pipelining the multiplier function will improve performance and will save significant power so it is suggested whenever possible to fully pipeline this function.  If this multiplier was inferred, it is suggested to describe an additional register stage after this function.  If there is no registered adder/accumulator following the multiply function, two pipeline stages are suggested to allow both the MREG and PREG registers to be used.  If the DSP48 was instantiated in the design, it is suggested to set both the MREG and PREG attributes to 1 when performing multiply functions.
Related violations: <none>

DPOP-2#3 Warning
MREG Output pipelining  
DSP Differental_Phasemeter_i/Phase_Locked_Loop_0/inst/Loop_Controller/ARG__1 multiplier stage Differental_Phasemeter_i/Phase_Locked_Loop_0/inst/Loop_Controller/ARG__1/P[47:0] is not pipelined (MREG=0). Pipelining the multiplier function will improve performance and will save significant power so it is suggested whenever possible to fully pipeline this function.  If this multiplier was inferred, it is suggested to describe an additional register stage after this function.  If there is no registered adder/accumulator following the multiply function, two pipeline stages are suggested to allow both the MREG and PREG registers to be used.  If the DSP48 was instantiated in the design, it is suggested to set both the MREG and PREG attributes to 1 when performing multiply functions.
Related violations: <none>

DPOP-2#4 Warning
MREG Output pipelining  
DSP Differental_Phasemeter_i/Phase_Locked_Loop_0/inst/Loop_Controller/ARG__2 multiplier stage Differental_Phasemeter_i/Phase_Locked_Loop_0/inst/Loop_Controller/ARG__2/P[47:0] is not pipelined (MREG=0). Pipelining the multiplier function will improve performance and will save significant power so it is suggested whenever possible to fully pipeline this function.  If this multiplier was inferred, it is suggested to describe an additional register stage after this function.  If there is no registered adder/accumulator following the multiply function, two pipeline stages are suggested to allow both the MREG and PREG registers to be used.  If the DSP48 was instantiated in the design, it is suggested to set both the MREG and PREG attributes to 1 when performing multiply functions.
Related violations: <none>

DPOP-2#5 Warning
MREG Output pipelining  
DSP Differental_Phasemeter_i/Phase_Locked_Loop_0/inst/Loop_Controller/ARG__3 multiplier stage Differental_Phasemeter_i/Phase_Locked_Loop_0/inst/Loop_Controller/ARG__3/P[47:0] is not pipelined (MREG=0). Pipelining the multiplier function will improve performance and will save significant power so it is suggested whenever possible to fully pipeline this function.  If this multiplier was inferred, it is suggested to describe an additional register stage after this function.  If there is no registered adder/accumulator following the multiply function, two pipeline stages are suggested to allow both the MREG and PREG registers to be used.  If the DSP48 was instantiated in the design, it is suggested to set both the MREG and PREG attributes to 1 when performing multiply functions.
Related violations: <none>

DPOP-2#6 Warning
MREG Output pipelining  
DSP Differental_Phasemeter_i/Phase_Locked_Loop_0/inst/Loop_Controller/ARG__4 multiplier stage Differental_Phasemeter_i/Phase_Locked_Loop_0/inst/Loop_Controller/ARG__4/P[47:0] is not pipelined (MREG=0). Pipelining the multiplier function will improve performance and will save significant power so it is suggested whenever possible to fully pipeline this function.  If this multiplier was inferred, it is suggested to describe an additional register stage after this function.  If there is no registered adder/accumulator following the multiply function, two pipeline stages are suggested to allow both the MREG and PREG registers to be used.  If the DSP48 was instantiated in the design, it is suggested to set both the MREG and PREG attributes to 1 when performing multiply functions.
Related violations: <none>

DPOP-2#7 Warning
MREG Output pipelining  
DSP Differental_Phasemeter_i/Phase_Locked_Loop_0/inst/Loop_Controller/ARG__5 multiplier stage Differental_Phasemeter_i/Phase_Locked_Loop_0/inst/Loop_Controller/ARG__5/P[47:0] is not pipelined (MREG=0). Pipelining the multiplier function will improve performance and will save significant power so it is suggested whenever possible to fully pipeline this function.  If this multiplier was inferred, it is suggested to describe an additional register stage after this function.  If there is no registered adder/accumulator following the multiply function, two pipeline stages are suggested to allow both the MREG and PREG registers to be used.  If the DSP48 was instantiated in the design, it is suggested to set both the MREG and PREG attributes to 1 when performing multiply functions.
Related violations: <none>

DPOP-2#8 Warning
MREG Output pipelining  
DSP Differental_Phasemeter_i/Phase_Locked_Loop_0/inst/Loop_Controller/ARG__6 multiplier stage Differental_Phasemeter_i/Phase_Locked_Loop_0/inst/Loop_Controller/ARG__6/P[47:0] is not pipelined (MREG=0). Pipelining the multiplier function will improve performance and will save significant power so it is suggested whenever possible to fully pipeline this function.  If this multiplier was inferred, it is suggested to describe an additional register stage after this function.  If there is no registered adder/accumulator following the multiply function, two pipeline stages are suggested to allow both the MREG and PREG registers to be used.  If the DSP48 was instantiated in the design, it is suggested to set both the MREG and PREG attributes to 1 when performing multiply functions.
Related violations: <none>

DPOP-2#9 Warning
MREG Output pipelining  
DSP Differental_Phasemeter_i/Phase_Locked_Loop_1/inst/Loop_Controller/ARG multiplier stage Differental_Phasemeter_i/Phase_Locked_Loop_1/inst/Loop_Controller/ARG/P[47:0] is not pipelined (MREG=0). Pipelining the multiplier function will improve performance and will save significant power so it is suggested whenever possible to fully pipeline this function.  If this multiplier was inferred, it is suggested to describe an additional register stage after this function.  If there is no registered adder/accumulator following the multiply function, two pipeline stages are suggested to allow both the MREG and PREG registers to be used.  If the DSP48 was instantiated in the design, it is suggested to set both the MREG and PREG attributes to 1 when performing multiply functions.
Related violations: <none>

DPOP-2#10 Warning
MREG Output pipelining  
DSP Differental_Phasemeter_i/Phase_Locked_Loop_1/inst/Loop_Controller/ARG__0 multiplier stage Differental_Phasemeter_i/Phase_Locked_Loop_1/inst/Loop_Controller/ARG__0/P[47:0] is not pipelined (MREG=0). Pipelining the multiplier function will improve performance and will save significant power so it is suggested whenever possible to fully pipeline this function.  If this multiplier was inferred, it is suggested to describe an additional register stage after this function.  If there is no registered adder/accumulator following the multiply function, two pipeline stages are suggested to allow both the MREG and PREG registers to be used.  If the DSP48 was instantiated in the design, it is suggested to set both the MREG and PREG attributes to 1 when performing multiply functions.
Related violations: <none>

DPOP-2#11 Warning
MREG Output pipelining  
DSP Differental_Phasemeter_i/Phase_Locked_Loop_1/inst/Loop_Controller/ARG__1 multiplier stage Differental_Phasemeter_i/Phase_Locked_Loop_1/inst/Loop_Controller/ARG__1/P[47:0] is not pipelined (MREG=0). Pipelining the multiplier function will improve performance and will save significant power so it is suggested whenever possible to fully pipeline this function.  If this multiplier was inferred, it is suggested to describe an additional register stage after this function.  If there is no registered adder/accumulator following the multiply function, two pipeline stages are suggested to allow both the MREG and PREG registers to be used.  If the DSP48 was instantiated in the design, it is suggested to set both the MREG and PREG attributes to 1 when performing multiply functions.
Related violations: <none>

DPOP-2#12 Warning
MREG Output pipelining  
DSP Differental_Phasemeter_i/Phase_Locked_Loop_1/inst/Loop_Controller/ARG__2 multiplier stage Differental_Phasemeter_i/Phase_Locked_Loop_1/inst/Loop_Controller/ARG__2/P[47:0] is not pipelined (MREG=0). Pipelining the multiplier function will improve performance and will save significant power so it is suggested whenever possible to fully pipeline this function.  If this multiplier was inferred, it is suggested to describe an additional register stage after this function.  If there is no registered adder/accumulator following the multiply function, two pipeline stages are suggested to allow both the MREG and PREG registers to be used.  If the DSP48 was instantiated in the design, it is suggested to set both the MREG and PREG attributes to 1 when performing multiply functions.
Related violations: <none>

DPOP-2#13 Warning
MREG Output pipelining  
DSP Differental_Phasemeter_i/Phase_Locked_Loop_1/inst/Loop_Controller/ARG__3 multiplier stage Differental_Phasemeter_i/Phase_Locked_Loop_1/inst/Loop_Controller/ARG__3/P[47:0] is not pipelined (MREG=0). Pipelining the multiplier function will improve performance and will save significant power so it is suggested whenever possible to fully pipeline this function.  If this multiplier was inferred, it is suggested to describe an additional register stage after this function.  If there is no registered adder/accumulator following the multiply function, two pipeline stages are suggested to allow both the MREG and PREG registers to be used.  If the DSP48 was instantiated in the design, it is suggested to set both the MREG and PREG attributes to 1 when performing multiply functions.
Related violations: <none>

DPOP-2#14 Warning
MREG Output pipelining  
DSP Differental_Phasemeter_i/Phase_Locked_Loop_1/inst/Loop_Controller/ARG__4 multiplier stage Differental_Phasemeter_i/Phase_Locked_Loop_1/inst/Loop_Controller/ARG__4/P[47:0] is not pipelined (MREG=0). Pipelining the multiplier function will improve performance and will save significant power so it is suggested whenever possible to fully pipeline this function.  If this multiplier was inferred, it is suggested to describe an additional register stage after this function.  If there is no registered adder/accumulator following the multiply function, two pipeline stages are suggested to allow both the MREG and PREG registers to be used.  If the DSP48 was instantiated in the design, it is suggested to set both the MREG and PREG attributes to 1 when performing multiply functions.
Related violations: <none>

DPOP-2#15 Warning
MREG Output pipelining  
DSP Differental_Phasemeter_i/Phase_Locked_Loop_1/inst/Loop_Controller/ARG__5 multiplier stage Differental_Phasemeter_i/Phase_Locked_Loop_1/inst/Loop_Controller/ARG__5/P[47:0] is not pipelined (MREG=0). Pipelining the multiplier function will improve performance and will save significant power so it is suggested whenever possible to fully pipeline this function.  If this multiplier was inferred, it is suggested to describe an additional register stage after this function.  If there is no registered adder/accumulator following the multiply function, two pipeline stages are suggested to allow both the MREG and PREG registers to be used.  If the DSP48 was instantiated in the design, it is suggested to set both the MREG and PREG attributes to 1 when performing multiply functions.
Related violations: <none>

DPOP-2#16 Warning
MREG Output pipelining  
DSP Differental_Phasemeter_i/Phase_Locked_Loop_1/inst/Loop_Controller/ARG__6 multiplier stage Differental_Phasemeter_i/Phase_Locked_Loop_1/inst/Loop_Controller/ARG__6/P[47:0] is not pipelined (MREG=0). Pipelining the multiplier function will improve performance and will save significant power so it is suggested whenever possible to fully pipeline this function.  If this multiplier was inferred, it is suggested to describe an additional register stage after this function.  If there is no registered adder/accumulator following the multiply function, two pipeline stages are suggested to allow both the MREG and PREG registers to be used.  If the DSP48 was instantiated in the design, it is suggested to set both the MREG and PREG attributes to 1 when performing multiply functions.
Related violations: <none>

PDCN-1569#1 Warning
LUT equation term check  
Used physical LUT pin 'A2' of cell Differental_Phasemeter_i/PS7/DMA_Engine/axi_interconnect_0/m00_couplers/auto_pc/inst/gen_axi4_axi3.axi3_conv_inst/USE_WRITE.write_addr_inst/USE_BURSTS.cmd_queue/inst/fifo_gen_inst/inst_fifo_gen/gconvfifo.rf/grf.rf/gntv_or_sync_fifo.gl0.rd/gr1.gr1_int.rfwft/gpregsm1.user_valid_i_1 (pin Differental_Phasemeter_i/PS7/DMA_Engine/axi_interconnect_0/m00_couplers/auto_pc/inst/gen_axi4_axi3.axi3_conv_inst/USE_WRITE.write_addr_inst/USE_BURSTS.cmd_queue/inst/fifo_gen_inst/inst_fifo_gen/gconvfifo.rf/grf.rf/gntv_or_sync_fifo.gl0.rd/gr1.gr1_int.rfwft/gpregsm1.user_valid_i_1/I1) is not included in the LUT equation: 'O6=(A6)+((~A6)*(~A5)*A3)'. If this cell is a user instantiated LUT in the design, please remove connectivity to the pin or change the equation and/or INIT string of the LUT to prevent this issue. If the cell is inferred or IP created LUT, please regenerate the IP and/or resynthesize the design to attempt to correct the issue.
Related violations: <none>

PDCN-1569#2 Warning
LUT equation term check  
Used physical LUT pin 'A4' of cell Differental_Phasemeter_i/PS7/DMA_Engine/axi_interconnect_0/m00_couplers/auto_pc/inst/gen_axi4_axi3.axi3_conv_inst/USE_WRITE.write_addr_inst/USE_B_CHANNEL.cmd_b_queue/inst/fifo_gen_inst/inst_fifo_gen/gconvfifo.rf/grf.rf/gntv_or_sync_fifo.gl0.rd/gr1.gr1_int.rfwft/gpregsm1.user_valid_i_1 (pin Differental_Phasemeter_i/PS7/DMA_Engine/axi_interconnect_0/m00_couplers/auto_pc/inst/gen_axi4_axi3.axi3_conv_inst/USE_WRITE.write_addr_inst/USE_B_CHANNEL.cmd_b_queue/inst/fifo_gen_inst/inst_fifo_gen/gconvfifo.rf/grf.rf/gntv_or_sync_fifo.gl0.rd/gr1.gr1_int.rfwft/gpregsm1.user_valid_i_1/I1) is not included in the LUT equation: 'O6=(A1)+((~A1)*(~A5)*A3)'. If this cell is a user instantiated LUT in the design, please remove connectivity to the pin or change the equation and/or INIT string of the LUT to prevent this issue. If the cell is inferred or IP created LUT, please regenerate the IP and/or resynthesize the design to attempt to correct the issue.
Related violations: <none>

PDCN-1569#3 Warning
LUT equation term check  
Used physical LUT pin 'A5' of cell Differental_Phasemeter_i/PS7/DMA_Engine/axi_interconnect_0/m00_couplers/auto_pc/inst/gen_axi4_axi3.axi3_conv_inst/USE_READ.USE_SPLIT_R.read_addr_inst/USE_R_CHANNEL.cmd_queue/inst/fifo_gen_inst/inst_fifo_gen/gconvfifo.rf/grf.rf/gntv_or_sync_fifo.gl0.rd/gr1.gr1_int.rfwft/gpregsm1.user_valid_i_1 (pin Differental_Phasemeter_i/PS7/DMA_Engine/axi_interconnect_0/m00_couplers/auto_pc/inst/gen_axi4_axi3.axi3_conv_inst/USE_READ.USE_SPLIT_R.read_addr_inst/USE_R_CHANNEL.cmd_queue/inst/fifo_gen_inst/inst_fifo_gen/gconvfifo.rf/grf.rf/gntv_or_sync_fifo.gl0.rd/gr1.gr1_int.rfwft/gpregsm1.user_valid_i_1/I1) is not included in the LUT equation: 'O6=(A1)+((~A1)*(~A6)*A4)'. If this cell is a user instantiated LUT in the design, please remove connectivity to the pin or change the equation and/or INIT string of the LUT to prevent this issue. If the cell is inferred or IP created LUT, please regenerate the IP and/or resynthesize the design to attempt to correct the issue.
Related violations: <none>

RTSTAT-10#1 Warning
No routable loads  
33 net(s) have no routable loads. The problem bus(es) and/or net(s) are Differental_Phasemeter_i/PS7/DMA_Engine/axi_interconnect_0/m00_couplers/auto_pc/inst/gen_axi4_axi3.axi3_conv_inst/USE_READ.USE_SPLIT_R.read_addr_inst/USE_R_CHANNEL.cmd_queue/inst/fifo_gen_inst/inst_fifo_gen/gconvfifo.rf/grf.rf/gntv_or_sync_fifo.gl0.rd/gr1.gr1_int.rfwft/aempty_fwft_i,
Differental_Phasemeter_i/PS7/DMA_Engine/axi_interconnect_0/m00_couplers/auto_pc/inst/gen_axi4_axi3.axi3_conv_inst/USE_READ.USE_SPLIT_R.read_addr_inst/USE_R_CHANNEL.cmd_queue/inst/fifo_gen_inst/inst_fifo_gen/gconvfifo.rf/grf.rf/gntv_or_sync_fifo.gl0.wr/gwss.wsts/ram_afull_fb,
Differental_Phasemeter_i/PS7/DMA_Engine/axi_interconnect_0/m00_couplers/auto_pc/inst/gen_axi4_axi3.axi3_conv_inst/USE_READ.USE_SPLIT_R.read_addr_inst/USE_R_CHANNEL.cmd_queue/inst/fifo_gen_inst/inst_fifo_gen/gconvfifo.rf/grf.rf/gntv_or_sync_fifo.gl0.wr/gwss.wsts/ram_afull_i,
Differental_Phasemeter_i/PS7/DMA_Engine/axi_interconnect_0/m00_couplers/auto_pc/inst/gen_axi4_axi3.axi3_conv_inst/USE_READ.USE_SPLIT_R.read_addr_inst/USE_R_CHANNEL.cmd_queue/inst/fifo_gen_inst/inst_fifo_gen/gconvfifo.rf/grf.rf/rstblk/ngwrdrst.grst.rd_rst_reg[2:0],
Differental_Phasemeter_i/PS7/DMA_Engine/axi_interconnect_0/m00_couplers/auto_pc/inst/gen_axi4_axi3.axi3_conv_inst/USE_READ.USE_SPLIT_R.read_addr_inst/USE_R_CHANNEL.cmd_queue/inst/fifo_gen_inst/inst_fifo_gen/gconvfifo.rf/grf.rf/rstblk/ngwrdrst.grst.wr_rst_reg[2:0],
Differental_Phasemeter_i/PS7/DMA_Engine/axi_interconnect_0/m00_couplers/auto_pc/inst/gen_axi4_axi3.axi3_conv_inst/USE_WRITE.write_addr_inst/USE_BURSTS.cmd_queue/inst/fifo_gen_inst/inst_fifo_gen/gconvfifo.rf/grf.rf/gntv_or_sync_fifo.gl0.rd/gr1.gr1_int.rfwft/aempty_fwft_i,
Differental_Phasemeter_i/PS7/DMA_Engine/axi_interconnect_0/m00_couplers/auto_pc/inst/gen_axi4_axi3.axi3_conv_inst/USE_WRITE.write_addr_inst/USE_BURSTS.cmd_queue/inst/fifo_gen_inst/inst_fifo_gen/gconvfifo.rf/grf.rf/gntv_or_sync_fifo.gl0.wr/gwss.wsts/ram_afull_fb,
Differental_Phasemeter_i/PS7/DMA_Engine/axi_interconnect_0/m00_couplers/auto_pc/inst/gen_axi4_axi3.axi3_conv_inst/USE_WRITE.write_addr_inst/USE_BURSTS.cmd_queue/inst/fifo_gen_inst/inst_fifo_gen/gconvfifo.rf/grf.rf/gntv_or_sync_fifo.gl0.wr/gwss.wsts/ram_afull_i,
Differental_Phasemeter_i/PS7/DMA_Engine/axi_interconnect_0/m00_couplers/auto_pc/inst/gen_axi4_axi3.axi3_conv_inst/USE_WRITE.write_addr_inst/USE_BURSTS.cmd_queue/inst/fifo_gen_inst/inst_fifo_gen/gconvfifo.rf/grf.rf/rstblk/ngwrdrst.grst.rd_rst_reg[2:0],
Differental_Phasemeter_i/PS7/DMA_Engine/axi_interconnect_0/m00_couplers/auto_pc/inst/gen_axi4_axi3.axi3_conv_inst/USE_WRITE.write_addr_inst/USE_BURSTS.cmd_queue/inst/fifo_gen_inst/inst_fifo_gen/gconvfifo.rf/grf.rf/rstblk/ngwrdrst.grst.wr_rst_reg[2:0],
Differental_Phasemeter_i/PS7/DMA_Engine/axi_interconnect_0/m00_couplers/auto_pc/inst/gen_axi4_axi3.axi3_conv_inst/USE_WRITE.write_addr_inst/USE_B_CHANNEL.cmd_b_queue/inst/fifo_gen_inst/inst_fifo_gen/gconvfifo.rf/grf.rf/gntv_or_sync_fifo.gl0.rd/gr1.gr1_int.rfwft/aempty_fwft_i,
Differental_Phasemeter_i/PS7/DMA_Engine/axi_interconnect_0/m00_couplers/auto_pc/inst/gen_axi4_axi3.axi3_conv_inst/USE_WRITE.write_addr_inst/USE_B_CHANNEL.cmd_b_queue/inst/fifo_gen_inst/inst_fifo_gen/gconvfifo.rf/grf.rf/gntv_or_sync_fifo.gl0.wr/gwss.wsts/ram_afull_fb,
Differental_Phasemeter_i/PS7/DMA_Engine/axi_interconnect_0/m00_couplers/auto_pc/inst/gen_axi4_axi3.axi3_conv_inst/USE_WRITE.write_addr_inst/USE_B_CHANNEL.cmd_b_queue/inst/fifo_gen_inst/inst_fifo_gen/gconvfifo.rf/grf.rf/gntv_or_sync_fifo.gl0.wr/gwss.wsts/ram_afull_i,
Differental_Phasemeter_i/PS7/DMA_Engine/axi_interconnect_0/m00_couplers/auto_pc/inst/gen_axi4_axi3.axi3_conv_inst/USE_WRITE.write_addr_inst/USE_B_CHANNEL.cmd_b_queue/inst/fifo_gen_inst/inst_fifo_gen/gconvfifo.rf/grf.rf/rstblk/ngwrdrst.grst.rd_rst_reg[2:0],
Differental_Phasemeter_i/PS7/DMA_Engine/axi_interconnect_0/m00_couplers/auto_pc/inst/gen_axi4_axi3.axi3_conv_inst/USE_WRITE.write_addr_inst/USE_B_CHANNEL.cmd_b_queue/inst/fifo_gen_inst/inst_fifo_gen/gconvfifo.rf/grf.rf/rstblk/ngwrdrst.grst.wr_rst_reg[2:0]
 (the first 15 of 21 listed nets/buses).
Related violations: <none>


