Copyright 1986-2022 Xilinx, Inc. All Rights Reserved.
----------------------------------------------------------------------------------------------------------------------------------------------------------------------------------------------------------------
| Tool Version     : Vivado v.2022.2 (win64) Build 3671981 Fri Oct 14 05:00:03 MDT 2022
| Date             : Thu Oct  5 17:30:24 2023
| Host             : Valkyrie running 64-bit major release  (build 9200)
| Command          : report_power -file Differental_Phasemeter_wrapper_power_routed.rpt -pb Differental_Phasemeter_wrapper_power_summary_routed.pb -rpx Differental_Phasemeter_wrapper_power_routed.rpx
| Design           : Differental_Phasemeter_wrapper
| Device           : xc7z010clg400-1
| Design State     : routed
| Grade            : commercial
| Process          : typical
| Characterization : Production
----------------------------------------------------------------------------------------------------------------------------------------------------------------------------------------------------------------

Power Report

Table of Contents
-----------------
1. Summary
1.1 On-Chip Components
1.2 Power Supply Summary
1.3 Confidence Level
2. Settings
2.1 Environment
2.2 Clock Constraints
3. Detailed Reports
3.1 By Hierarchy

1. Summary
----------

+--------------------------+--------------+
| Total On-Chip Power (W)  | 2.285        |
| Design Power Budget (W)  | Unspecified* |
| Power Budget Margin (W)  | NA           |
| Dynamic (W)              | 2.144        |
| Device Static (W)        | 0.140        |
| Effective TJA (C/W)      | 11.5         |
| Max Ambient (C)          | 58.7         |
| Junction Temperature (C) | 51.3         |
| Confidence Level         | Low          |
| Setting File             | ---          |
| Simulation Activity File | ---          |
| Design Nets Matched      | NA           |
+--------------------------+--------------+
* Specify Design Power Budget using, set_operating_conditions -design_power_budget <value in Watts>


1.1 On-Chip Components
----------------------

+--------------------------+-----------+----------+-----------+-----------------+
| On-Chip                  | Power (W) | Used     | Available | Utilization (%) |
+--------------------------+-----------+----------+-----------+-----------------+
| Clocks                   |     0.055 |        9 |       --- |             --- |
| Slice Logic              |     0.042 |    23384 |       --- |             --- |
|   LUT as Logic           |     0.033 |     8152 |     17600 |           46.32 |
|   CARRY4                 |     0.005 |      808 |      4400 |           18.36 |
|   Register               |     0.004 |    11517 |     35200 |           32.72 |
|   F7/F8 Muxes            |    <0.001 |        6 |     17600 |            0.03 |
|   LUT as Distributed RAM |    <0.001 |       68 |      6000 |            1.13 |
|   LUT as Shift Register  |    <0.001 |      216 |      6000 |            3.60 |
|   Others                 |     0.000 |      865 |       --- |             --- |
| Signals                  |     0.064 |    19924 |       --- |             --- |
| Block RAM                |     0.087 |       29 |        60 |           48.33 |
| MMCM                     |     0.107 |        1 |         2 |           50.00 |
| DSPs                     |     0.042 |       64 |        80 |           80.00 |
| I/O                      |     0.465 |       42 |       100 |           42.00 |
| PS7                      |     1.282 |        1 |       --- |             --- |
| Static Power             |     0.140 |          |           |                 |
| Total                    |     2.284 |          |           |                 |
+--------------------------+-----------+----------+-----------+-----------------+


1.2 Power Supply Summary
------------------------

+-----------+-------------+-----------+-------------+------------+-------------+-------------+------------+
| Source    | Voltage (V) | Total (A) | Dynamic (A) | Static (A) | Powerup (A) | Budget (A)  | Margin (A) |
+-----------+-------------+-----------+-------------+------------+-------------+-------------+------------+
| Vccint    |       1.000 |     0.299 |       0.288 |      0.010 |       NA    | Unspecified | NA         |
| Vccaux    |       1.800 |     0.075 |       0.066 |      0.009 |       NA    | Unspecified | NA         |
| Vcco33    |       3.300 |     0.137 |       0.136 |      0.001 |       NA    | Unspecified | NA         |
| Vcco25    |       2.500 |     0.000 |       0.000 |      0.000 |       NA    | Unspecified | NA         |
| Vcco18    |       1.800 |     0.000 |       0.000 |      0.000 |       NA    | Unspecified | NA         |
| Vcco15    |       1.500 |     0.000 |       0.000 |      0.000 |       NA    | Unspecified | NA         |
| Vcco135   |       1.350 |     0.000 |       0.000 |      0.000 |       NA    | Unspecified | NA         |
| Vcco12    |       1.200 |     0.000 |       0.000 |      0.000 |       NA    | Unspecified | NA         |
| Vccaux_io |       1.800 |     0.000 |       0.000 |      0.000 |       NA    | Unspecified | NA         |
| Vccbram   |       1.000 |     0.010 |       0.007 |      0.003 |       NA    | Unspecified | NA         |
| MGTAVcc   |       1.000 |     0.000 |       0.000 |      0.000 |       NA    | Unspecified | NA         |
| MGTAVtt   |       1.200 |     0.000 |       0.000 |      0.000 |       NA    | Unspecified | NA         |
| MGTVccaux |       1.800 |     0.000 |       0.000 |      0.000 |       NA    | Unspecified | NA         |
| Vccpint   |       1.000 |     0.706 |       0.669 |      0.038 |       NA    | Unspecified | NA         |
| Vccpaux   |       1.800 |     0.037 |       0.027 |      0.010 |       NA    | Unspecified | NA         |
| Vccpll    |       1.800 |     0.017 |       0.014 |      0.003 |       NA    | Unspecified | NA         |
| Vcco_ddr  |       1.500 |     0.356 |       0.354 |      0.002 |       NA    | Unspecified | NA         |
| Vcco_mio0 |       3.300 |     0.002 |       0.001 |      0.001 |       NA    | Unspecified | NA         |
| Vcco_mio1 |       2.500 |     0.003 |       0.002 |      0.001 |       NA    | Unspecified | NA         |
| Vccadc    |       1.800 |     0.020 |       0.000 |      0.020 |       NA    | Unspecified | NA         |
+-----------+-------------+-----------+-------------+------------+-------------+-------------+------------+


1.3 Confidence Level
--------------------

+-----------------------------+------------+--------------------------------------------------------+------------------------------------------------------------------------------------------------------------+
| User Input Data             | Confidence | Details                                                | Action                                                                                                     |
+-----------------------------+------------+--------------------------------------------------------+------------------------------------------------------------------------------------------------------------+
| Design implementation state | High       | Design is routed                                       |                                                                                                            |
| Clock nodes activity        | High       | User specified more than 95% of clocks                 |                                                                                                            |
| I/O nodes activity          | Low        | More than 75% of inputs are missing user specification | Provide missing input activity with simulation results or by editing the "By Resource Type -> I/Os" view   |
| Internal nodes activity     | Medium     | User specified less than 25% of internal nodes         | Provide missing internal nodes activity with simulation results or by editing the "By Resource Type" views |
| Device models               | High       | Device models are Production                           |                                                                                                            |
|                             |            |                                                        |                                                                                                            |
| Overall confidence level    | Low        |                                                        |                                                                                                            |
+-----------------------------+------------+--------------------------------------------------------+------------------------------------------------------------------------------------------------------------+


2. Settings
-----------

2.1 Environment
---------------

+-----------------------+------------------------+
| Ambient Temp (C)      | 25.0                   |
| ThetaJA (C/W)         | 11.5                   |
| Airflow (LFM)         | 250                    |
| Heat Sink             | none                   |
| ThetaSA (C/W)         | 0.0                    |
| Board Selection       | medium (10"x10")       |
| # of Board Layers     | 8to11 (8 to 11 Layers) |
| Board Temperature (C) | 25.0                   |
+-----------------------+------------------------+


2.2 Clock Constraints
---------------------

+---------------------------------------------+---------------------------------------------------------------------------------------------------+-----------------+
| Clock                                       | Domain                                                                                            | Constraint (ns) |
+---------------------------------------------+---------------------------------------------------------------------------------------------------+-----------------+
| adc_clk                                     | Differental_Phasemeter_i/axis_red_pitaya_adc_0/inst/adc_clk                                       |             8.0 |
| adc_clk                                     | adc_clk_p_i                                                                                       |             8.0 |
| clk_fpga_0                                  | Differental_Phasemeter_i/PS7/processing_system7_0/inst/FCLK_CLK_unbuffered[0]                     |             8.0 |
| clk_out1_Differental_Phasemeter_clk_wiz_0_0 | Differental_Phasemeter_i/DAC_Interface/clk_wiz_0/inst/clk_out1_Differental_Phasemeter_clk_wiz_0_0 |             4.0 |
| clkfbout_Differental_Phasemeter_clk_wiz_0_0 | Differental_Phasemeter_i/DAC_Interface/clk_wiz_0/inst/clkfbout_Differental_Phasemeter_clk_wiz_0_0 |             8.0 |
+---------------------------------------------+---------------------------------------------------------------------------------------------------+-----------------+


3. Detailed Reports
-------------------

3.1 By Hierarchy
----------------

+--------------------------------+-----------+
| Name                           | Power (W) |
+--------------------------------+-----------+
| Differental_Phasemeter_wrapper |     2.144 |
|   Differental_Phasemeter_i     |     1.682 |
|     Costa_Demodulator_0        |     0.100 |
|       inst                     |     0.100 |
|     Costa_Demodulator_1        |     0.099 |
|       inst                     |     0.099 |
|     DAC_Interface              |     0.112 |
|       axis_red_pitaya_dac_1    |     0.004 |
|       clk_wiz_0                |     0.107 |
|     DATA_LOGGER_0              |     0.017 |
|       inst                     |     0.017 |
|     GPIO_Interface             |     0.021 |
|       GPIO_FreqMeasureA        |     0.003 |
|       GPIO_FreqMeasureB        |     0.003 |
|     NCO_Wrapper_0              |     0.007 |
|       inst                     |     0.007 |
|     PS7                        |     1.326 |
|       DMA_Engine               |     0.026 |
|       axi_interconnect_0       |     0.004 |
|       axi_interconnect_1       |     0.010 |
|       processing_system7_0     |     1.286 |
+--------------------------------+-----------+


