
*** Running vivado
    with args -log Differental_Phasemeter_wrapper.vdi -applog -m64 -product Vivado -messageDb vivado.pb -mode batch -source Differental_Phasemeter_wrapper.tcl -notrace



****** Vivado v2022.2 (64-bit)
  **** SW Build 3671981 on Fri Oct 14 05:00:03 MDT 2022
  **** IP Build 3669848 on Fri Oct 14 08:30:02 MDT 2022
    ** Copyright 1986-2022 Xilinx, Inc. All Rights Reserved.

source Differental_Phasemeter_wrapper.tcl -notrace
INFO: [IP_Flow 19-234] Refreshing IP repositories
INFO: [IP_Flow 19-1700] Loaded user IP repository 'c:/Users/John/Desktop/Honours_Project/cores'.
INFO: [IP_Flow 19-2313] Loaded Vivado IP repository 'C:/Xilinx/Vivado/2022.2/data/ip'.
add_files: Time (s): cpu = 00:00:02 ; elapsed = 00:00:06 . Memory (MB): peak = 461.012 ; gain = 41.020
Command: link_design -top Differental_Phasemeter_wrapper -part xc7z010clg400-1
Design is defaulting to srcset: sources_1
Design is defaulting to constrset: constrs_1
INFO: [Device 21-403] Loading part xc7z010clg400-1
INFO: [Project 1-454] Reading design checkpoint 'c:/Users/John/Desktop/Honours_Project/RP-Production/RP-Production.gen/sources_1/bd/Differental_Phasemeter/ip/Differental_Phasemeter_AXI4_Stream_Writer_0_0/Differental_Phasemeter_AXI4_Stream_Writer_0_0.dcp' for cell 'Differental_Phasemeter_i/AXI4_Stream_Writer_0'
INFO: [Project 1-454] Reading design checkpoint 'c:/Users/John/Desktop/Honours_Project/RP-Production/RP-Production.gen/sources_1/bd/Differental_Phasemeter/ip/Differental_Phasemeter_Phase_Locked_Loop_0_0/Differental_Phasemeter_Phase_Locked_Loop_0_0.dcp' for cell 'Differental_Phasemeter_i/Phase_Locked_Loop_0'
INFO: [Project 1-454] Reading design checkpoint 'c:/Users/John/Desktop/Honours_Project/RP-Production/RP-Production.gen/sources_1/bd/Differental_Phasemeter/ip/Differental_Phasemeter_Phase_Locked_Loop_0_1/Differental_Phasemeter_Phase_Locked_Loop_0_1.dcp' for cell 'Differental_Phasemeter_i/Phase_Locked_Loop_1'
INFO: [Project 1-454] Reading design checkpoint 'c:/Users/John/Desktop/Honours_Project/RP-Production/RP-Production.gen/sources_1/bd/Differental_Phasemeter/ip/Differental_Phasemeter_Reset_Latch_0_0/Differental_Phasemeter_Reset_Latch_0_0.dcp' for cell 'Differental_Phasemeter_i/Reset_Latch_0'
INFO: [Project 1-454] Reading design checkpoint 'c:/Users/John/Desktop/Honours_Project/RP-Production/RP-Production.gen/sources_1/bd/Differental_Phasemeter/ip/Differental_Phasemeter_Subtractor_0_0/Differental_Phasemeter_Subtractor_0_0.dcp' for cell 'Differental_Phasemeter_i/Subtractor_0'
INFO: [Project 1-454] Reading design checkpoint 'c:/Users/John/Desktop/Honours_Project/RP-Production/RP-Production.gen/sources_1/bd/Differental_Phasemeter/ip/Differental_Phasemeter_Subtractor_0_1/Differental_Phasemeter_Subtractor_0_1.dcp' for cell 'Differental_Phasemeter_i/Subtractor_1'
INFO: [Project 1-454] Reading design checkpoint 'c:/Users/John/Desktop/Honours_Project/RP-Production/RP-Production.gen/sources_1/bd/Differental_Phasemeter/ip/Differental_Phasemeter_Subtractor_2_0/Differental_Phasemeter_Subtractor_2_0.dcp' for cell 'Differental_Phasemeter_i/Subtractor_2'
INFO: [Project 1-454] Reading design checkpoint 'c:/Users/John/Desktop/Honours_Project/RP-Production/RP-Production.gen/sources_1/bd/Differental_Phasemeter/ip/Differental_Phasemeter_Test_Sequence_Gen_0_0/Differental_Phasemeter_Test_Sequence_Gen_0_0.dcp' for cell 'Differental_Phasemeter_i/Test_Sequence_Gen_0'
INFO: [Project 1-454] Reading design checkpoint 'c:/Users/John/Desktop/Honours_Project/RP-Production/RP-Production.gen/sources_1/bd/Differental_Phasemeter/ip/Differental_Phasemeter_axis_broadcaster_0_0/Differental_Phasemeter_axis_broadcaster_0_0.dcp' for cell 'Differental_Phasemeter_i/axis_broadcaster_0'
INFO: [Project 1-454] Reading design checkpoint 'c:/Users/John/Desktop/Honours_Project/RP-Production/RP-Production.gen/sources_1/bd/Differental_Phasemeter/ip/Differental_Phasemeter_axis_data_fifo_0_0/Differental_Phasemeter_axis_data_fifo_0_0.dcp' for cell 'Differental_Phasemeter_i/axis_data_fifo_0'
INFO: [Project 1-454] Reading design checkpoint 'c:/Users/John/Desktop/Honours_Project/RP-Production/RP-Production.gen/sources_1/bd/Differental_Phasemeter/ip/Differental_Phasemeter_axis_red_pitaya_adc_0_0/Differental_Phasemeter_axis_red_pitaya_adc_0_0.dcp' for cell 'Differental_Phasemeter_i/axis_red_pitaya_adc_0'
INFO: [Project 1-454] Reading design checkpoint 'c:/Users/John/Desktop/Honours_Project/RP-Production/RP-Production.gen/sources_1/bd/Differental_Phasemeter/ip/Differental_Phasemeter_inverter_0_0/Differental_Phasemeter_inverter_0_0.dcp' for cell 'Differental_Phasemeter_i/inverter_0'
INFO: [Project 1-454] Reading design checkpoint 'c:/Users/John/Desktop/Honours_Project/RP-Production/RP-Production.gen/sources_1/bd/Differental_Phasemeter/ip/Differental_Phasemeter_axis_constant_0_0/Differental_Phasemeter_axis_constant_0_0.dcp' for cell 'Differental_Phasemeter_i/DAC_Interface/axis_constant_0'
INFO: [Project 1-454] Reading design checkpoint 'c:/Users/John/Desktop/Honours_Project/RP-Production/RP-Production.gen/sources_1/bd/Differental_Phasemeter/ip/Differental_Phasemeter_axis_red_pitaya_dac_1_0/Differental_Phasemeter_axis_red_pitaya_dac_1_0.dcp' for cell 'Differental_Phasemeter_i/DAC_Interface/axis_red_pitaya_dac_1'
INFO: [Project 1-454] Reading design checkpoint 'c:/Users/John/Desktop/Honours_Project/RP-Production/RP-Production.gen/sources_1/bd/Differental_Phasemeter/ip/Differental_Phasemeter_clk_wiz_0_0/Differental_Phasemeter_clk_wiz_0_0.dcp' for cell 'Differental_Phasemeter_i/DAC_Interface/clk_wiz_0'
INFO: [Project 1-454] Reading design checkpoint 'c:/Users/John/Desktop/Honours_Project/RP-Production/RP-Production.gen/sources_1/bd/Differental_Phasemeter/ip/Differental_Phasemeter_util_ds_buf_0_0/Differental_Phasemeter_util_ds_buf_0_0.dcp' for cell 'Differental_Phasemeter_i/Daisy_Controller/util_ds_buf_0'
INFO: [Project 1-454] Reading design checkpoint 'c:/Users/John/Desktop/Honours_Project/RP-Production/RP-Production.gen/sources_1/bd/Differental_Phasemeter/ip/Differental_Phasemeter_util_ds_buf_1_0/Differental_Phasemeter_util_ds_buf_1_0.dcp' for cell 'Differental_Phasemeter_i/Daisy_Controller/util_ds_buf_1'
INFO: [Project 1-454] Reading design checkpoint 'c:/Users/John/Desktop/Honours_Project/RP-Production/RP-Production.gen/sources_1/bd/Differental_Phasemeter/ip/Differental_Phasemeter_GPIO_Integrator_Reset1_0/Differental_Phasemeter_GPIO_Integrator_Reset1_0.dcp' for cell 'Differental_Phasemeter_i/GPIO_Interface/GPIO_FIFO_Status'
INFO: [Project 1-454] Reading design checkpoint 'c:/Users/John/Desktop/Honours_Project/RP-Production/RP-Production.gen/sources_1/bd/Differental_Phasemeter/ip/Differental_Phasemeter_GPIO_FreqMeasure_0/Differental_Phasemeter_GPIO_FreqMeasure_0.dcp' for cell 'Differental_Phasemeter_i/GPIO_Interface/GPIO_FreqMeasure'
INFO: [Project 1-454] Reading design checkpoint 'c:/Users/John/Desktop/Honours_Project/RP-Production/RP-Production.gen/sources_1/bd/Differental_Phasemeter/ip/Differental_Phasemeter_GPIO_Integrator_Reset_0/Differental_Phasemeter_GPIO_Integrator_Reset_0.dcp' for cell 'Differental_Phasemeter_i/GPIO_Interface/GPIO_Integrator_Reset'
INFO: [Project 1-454] Reading design checkpoint 'c:/Users/John/Desktop/Honours_Project/RP-Production/RP-Production.gen/sources_1/bd/Differental_Phasemeter/ip/Differental_Phasemeter_GPIO_Ki_0/Differental_Phasemeter_GPIO_Ki_0.dcp' for cell 'Differental_Phasemeter_i/GPIO_Interface/GPIO_Ki'
INFO: [Project 1-454] Reading design checkpoint 'c:/Users/John/Desktop/Honours_Project/RP-Production/RP-Production.gen/sources_1/bd/Differental_Phasemeter/ip/Differental_Phasemeter_GPIO_Kp_0/Differental_Phasemeter_GPIO_Kp_0.dcp' for cell 'Differental_Phasemeter_i/GPIO_Interface/GPIO_Kp'
INFO: [Project 1-454] Reading design checkpoint 'c:/Users/John/Desktop/Honours_Project/RP-Production/RP-Production.gen/sources_1/bd/Differental_Phasemeter/ip/Differental_Phasemeter_GPIO_PLL_GUESS_Freq_0/Differental_Phasemeter_GPIO_PLL_GUESS_Freq_0.dcp' for cell 'Differental_Phasemeter_i/GPIO_Interface/GPIO_PLL_GUESS_Freq'
INFO: [Project 1-454] Reading design checkpoint 'c:/Users/John/Desktop/Honours_Project/RP-Production/RP-Production.gen/sources_1/bd/Differental_Phasemeter/ip/Differental_Phasemeter_GPIO_Integrator_Reset_1/Differental_Phasemeter_GPIO_Integrator_Reset_1.dcp' for cell 'Differental_Phasemeter_i/GPIO_Interface/GPIO_Trigger_Test'
INFO: [Project 1-454] Reading design checkpoint 'c:/Users/John/Desktop/Honours_Project/RP-Production/RP-Production.gen/sources_1/bd/Differental_Phasemeter/ip/Differental_Phasemeter_proc_sys_reset_0_0/Differental_Phasemeter_proc_sys_reset_0_0.dcp' for cell 'Differental_Phasemeter_i/PS7/proc_sys_reset_0'
INFO: [Project 1-454] Reading design checkpoint 'c:/Users/John/Desktop/Honours_Project/RP-Production/RP-Production.gen/sources_1/bd/Differental_Phasemeter/ip/Differental_Phasemeter_processing_system7_0_0/Differental_Phasemeter_processing_system7_0_0.dcp' for cell 'Differental_Phasemeter_i/PS7/processing_system7_0'
INFO: [Project 1-454] Reading design checkpoint 'c:/Users/John/Desktop/Honours_Project/RP-Production/RP-Production.gen/sources_1/bd/Differental_Phasemeter/ip/Differental_Phasemeter_axi_dma_0_1/Differental_Phasemeter_axi_dma_0_1.dcp' for cell 'Differental_Phasemeter_i/PS7/DMA_Engine/axi_dma_0'
INFO: [Project 1-454] Reading design checkpoint 'c:/Users/John/Desktop/Honours_Project/RP-Production/RP-Production.gen/sources_1/bd/Differental_Phasemeter/ip/Differental_Phasemeter_axi_protocol_convert_0_1/Differental_Phasemeter_axi_protocol_convert_0_1.dcp' for cell 'Differental_Phasemeter_i/PS7/DMA_Engine/axi_protocol_convert_0'
INFO: [Project 1-454] Reading design checkpoint 'c:/Users/John/Desktop/Honours_Project/RP-Production/RP-Production.gen/sources_1/bd/Differental_Phasemeter/ip/Differental_Phasemeter_xbar_3/Differental_Phasemeter_xbar_3.dcp' for cell 'Differental_Phasemeter_i/PS7/DMA_Engine/axi_interconnect_0/xbar'
INFO: [Project 1-454] Reading design checkpoint 'c:/Users/John/Desktop/Honours_Project/RP-Production/RP-Production.gen/sources_1/bd/Differental_Phasemeter/ip/Differental_Phasemeter_auto_pc_1/Differental_Phasemeter_auto_pc_1.dcp' for cell 'Differental_Phasemeter_i/PS7/DMA_Engine/axi_interconnect_0/m00_couplers/auto_pc'
INFO: [Project 1-454] Reading design checkpoint 'c:/Users/John/Desktop/Honours_Project/RP-Production/RP-Production.gen/sources_1/bd/Differental_Phasemeter/ip/Differental_Phasemeter_auto_us_0/Differental_Phasemeter_auto_us_0.dcp' for cell 'Differental_Phasemeter_i/PS7/DMA_Engine/axi_interconnect_0/s01_couplers/auto_us'
INFO: [Project 1-454] Reading design checkpoint 'c:/Users/John/Desktop/Honours_Project/RP-Production/RP-Production.gen/sources_1/bd/Differental_Phasemeter/ip/Differental_Phasemeter_xbar_0/Differental_Phasemeter_xbar_0.dcp' for cell 'Differental_Phasemeter_i/PS7/axi_interconnect_1/xbar'
INFO: [Project 1-454] Reading design checkpoint 'c:/Users/John/Desktop/Honours_Project/RP-Production/RP-Production.gen/sources_1/bd/Differental_Phasemeter/ip/Differental_Phasemeter_auto_pc_0/Differental_Phasemeter_auto_pc_0.dcp' for cell 'Differental_Phasemeter_i/PS7/axi_interconnect_1/s00_couplers/auto_pc'
Netlist sorting complete. Time (s): cpu = 00:00:00 ; elapsed = 00:00:00.405 . Memory (MB): peak = 939.402 ; gain = 0.000
INFO: [Netlist 29-17] Analyzing 398 Unisim elements for replacement
INFO: [Netlist 29-28] Unisim Transformation completed in 0 CPU seconds
WARNING: [Netlist 29-1115] Found multi-term driver net: Differental_Phasemeter_i/Daisy_Controller/util_ds_buf_1/U0/<const0>.
WARNING: [Netlist 29-1115] Found multi-term driver net: Differental_Phasemeter_i/Daisy_Controller/util_ds_buf_0/U0/<const0>.
INFO: [Project 1-479] Netlist was created with Vivado 2022.2
INFO: [Project 1-570] Preparing netlist for logic optimization
WARNING: [Opt 31-32] Removing redundant IBUF since it is not being driven by a top-level port. Differental_Phasemeter_i/DAC_Interface/clk_wiz_0/inst/clkin1_ibufg 
Resolution: The tool has removed redundant IBUF. To resolve this warning, check for redundant IBUF in the input design.
WARNING: [Constraints 18-550] Could not create 'IBUF_LOW_PWR' constraint because net 'Differental_Phasemeter_i/DAC_Interface/clk_wiz_0/clk_in1' is not directly connected to top level port. Synthesis is ignored for IBUF_LOW_PWR but preserved for implementation.
WARNING: [Constraints 18-550] Could not create 'DIFF_TERM' constraint because net 'Differental_Phasemeter_i/Daisy_Controller/util_ds_buf_0/IBUF_OUT[0]' is not directly connected to top level port. Synthesis is ignored for DIFF_TERM but preserved for implementation.
WARNING: [Constraints 18-550] Could not create 'IBUF_LOW_PWR' constraint because net 'Differental_Phasemeter_i/Daisy_Controller/util_ds_buf_0/IBUF_OUT[0]' is not directly connected to top level port. Synthesis is ignored for IBUF_LOW_PWR but preserved for implementation.
WARNING: [Constraints 18-550] Could not create 'DIFF_TERM' constraint because net 'Differental_Phasemeter_i/Daisy_Controller/util_ds_buf_0/IBUF_OUT[1]' is not directly connected to top level port. Synthesis is ignored for DIFF_TERM but preserved for implementation.
WARNING: [Constraints 18-550] Could not create 'IBUF_LOW_PWR' constraint because net 'Differental_Phasemeter_i/Daisy_Controller/util_ds_buf_0/IBUF_OUT[1]' is not directly connected to top level port. Synthesis is ignored for IBUF_LOW_PWR but preserved for implementation.
WARNING: [Constraints 18-550] Could not create 'SLEW' constraint because net 'Differental_Phasemeter_i/Daisy_Controller/util_ds_buf_1/OBUF_IN[0]' is not directly connected to top level port. Synthesis is ignored for SLEW but preserved for implementation.
WARNING: [Constraints 18-550] Could not create 'SLEW' constraint because net 'Differental_Phasemeter_i/Daisy_Controller/util_ds_buf_1/OBUF_IN[1]' is not directly connected to top level port. Synthesis is ignored for SLEW but preserved for implementation.
Parsing XDC File [c:/Users/John/Desktop/Honours_Project/RP-Production/RP-Production.gen/sources_1/bd/Differental_Phasemeter/ip/Differental_Phasemeter_clk_wiz_0_0/Differental_Phasemeter_clk_wiz_0_0_board.xdc] for cell 'Differental_Phasemeter_i/DAC_Interface/clk_wiz_0/inst'
Finished Parsing XDC File [c:/Users/John/Desktop/Honours_Project/RP-Production/RP-Production.gen/sources_1/bd/Differental_Phasemeter/ip/Differental_Phasemeter_clk_wiz_0_0/Differental_Phasemeter_clk_wiz_0_0_board.xdc] for cell 'Differental_Phasemeter_i/DAC_Interface/clk_wiz_0/inst'
Parsing XDC File [c:/Users/John/Desktop/Honours_Project/RP-Production/RP-Production.gen/sources_1/bd/Differental_Phasemeter/ip/Differental_Phasemeter_clk_wiz_0_0/Differental_Phasemeter_clk_wiz_0_0.xdc] for cell 'Differental_Phasemeter_i/DAC_Interface/clk_wiz_0/inst'
INFO: [Timing 38-35] Done setting XDC timing constraints. [c:/Users/John/Desktop/Honours_Project/RP-Production/RP-Production.gen/sources_1/bd/Differental_Phasemeter/ip/Differental_Phasemeter_clk_wiz_0_0/Differental_Phasemeter_clk_wiz_0_0.xdc:57]
INFO: [Timing 38-2] Deriving generated clocks [c:/Users/John/Desktop/Honours_Project/RP-Production/RP-Production.gen/sources_1/bd/Differental_Phasemeter/ip/Differental_Phasemeter_clk_wiz_0_0/Differental_Phasemeter_clk_wiz_0_0.xdc:57]
get_clocks: Time (s): cpu = 00:00:06 ; elapsed = 00:00:06 . Memory (MB): peak = 1638.137 ; gain = 548.020
Finished Parsing XDC File [c:/Users/John/Desktop/Honours_Project/RP-Production/RP-Production.gen/sources_1/bd/Differental_Phasemeter/ip/Differental_Phasemeter_clk_wiz_0_0/Differental_Phasemeter_clk_wiz_0_0.xdc] for cell 'Differental_Phasemeter_i/DAC_Interface/clk_wiz_0/inst'
Parsing XDC File [c:/Users/John/Desktop/Honours_Project/RP-Production/RP-Production.gen/sources_1/bd/Differental_Phasemeter/ip/Differental_Phasemeter_util_ds_buf_0_0/Differental_Phasemeter_util_ds_buf_0_0_board.xdc] for cell 'Differental_Phasemeter_i/Daisy_Controller/util_ds_buf_0/U0'
Finished Parsing XDC File [c:/Users/John/Desktop/Honours_Project/RP-Production/RP-Production.gen/sources_1/bd/Differental_Phasemeter/ip/Differental_Phasemeter_util_ds_buf_0_0/Differental_Phasemeter_util_ds_buf_0_0_board.xdc] for cell 'Differental_Phasemeter_i/Daisy_Controller/util_ds_buf_0/U0'
Parsing XDC File [c:/Users/John/Desktop/Honours_Project/RP-Production/RP-Production.gen/sources_1/bd/Differental_Phasemeter/ip/Differental_Phasemeter_util_ds_buf_1_0/Differental_Phasemeter_util_ds_buf_1_0_board.xdc] for cell 'Differental_Phasemeter_i/Daisy_Controller/util_ds_buf_1/U0'
Finished Parsing XDC File [c:/Users/John/Desktop/Honours_Project/RP-Production/RP-Production.gen/sources_1/bd/Differental_Phasemeter/ip/Differental_Phasemeter_util_ds_buf_1_0/Differental_Phasemeter_util_ds_buf_1_0_board.xdc] for cell 'Differental_Phasemeter_i/Daisy_Controller/util_ds_buf_1/U0'
Parsing XDC File [c:/Users/John/Desktop/Honours_Project/RP-Production/RP-Production.gen/sources_1/bd/Differental_Phasemeter/ip/Differental_Phasemeter_GPIO_Ki_0/Differental_Phasemeter_GPIO_Ki_0_board.xdc] for cell 'Differental_Phasemeter_i/GPIO_Interface/GPIO_Ki/U0'
Finished Parsing XDC File [c:/Users/John/Desktop/Honours_Project/RP-Production/RP-Production.gen/sources_1/bd/Differental_Phasemeter/ip/Differental_Phasemeter_GPIO_Ki_0/Differental_Phasemeter_GPIO_Ki_0_board.xdc] for cell 'Differental_Phasemeter_i/GPIO_Interface/GPIO_Ki/U0'
Parsing XDC File [c:/Users/John/Desktop/Honours_Project/RP-Production/RP-Production.gen/sources_1/bd/Differental_Phasemeter/ip/Differental_Phasemeter_GPIO_Ki_0/Differental_Phasemeter_GPIO_Ki_0.xdc] for cell 'Differental_Phasemeter_i/GPIO_Interface/GPIO_Ki/U0'
Finished Parsing XDC File [c:/Users/John/Desktop/Honours_Project/RP-Production/RP-Production.gen/sources_1/bd/Differental_Phasemeter/ip/Differental_Phasemeter_GPIO_Ki_0/Differental_Phasemeter_GPIO_Ki_0.xdc] for cell 'Differental_Phasemeter_i/GPIO_Interface/GPIO_Ki/U0'
Parsing XDC File [c:/Users/John/Desktop/Honours_Project/RP-Production/RP-Production.gen/sources_1/bd/Differental_Phasemeter/ip/Differental_Phasemeter_GPIO_Kp_0/Differental_Phasemeter_GPIO_Kp_0_board.xdc] for cell 'Differental_Phasemeter_i/GPIO_Interface/GPIO_Kp/U0'
Finished Parsing XDC File [c:/Users/John/Desktop/Honours_Project/RP-Production/RP-Production.gen/sources_1/bd/Differental_Phasemeter/ip/Differental_Phasemeter_GPIO_Kp_0/Differental_Phasemeter_GPIO_Kp_0_board.xdc] for cell 'Differental_Phasemeter_i/GPIO_Interface/GPIO_Kp/U0'
Parsing XDC File [c:/Users/John/Desktop/Honours_Project/RP-Production/RP-Production.gen/sources_1/bd/Differental_Phasemeter/ip/Differental_Phasemeter_GPIO_Kp_0/Differental_Phasemeter_GPIO_Kp_0.xdc] for cell 'Differental_Phasemeter_i/GPIO_Interface/GPIO_Kp/U0'
Finished Parsing XDC File [c:/Users/John/Desktop/Honours_Project/RP-Production/RP-Production.gen/sources_1/bd/Differental_Phasemeter/ip/Differental_Phasemeter_GPIO_Kp_0/Differental_Phasemeter_GPIO_Kp_0.xdc] for cell 'Differental_Phasemeter_i/GPIO_Interface/GPIO_Kp/U0'
Parsing XDC File [c:/Users/John/Desktop/Honours_Project/RP-Production/RP-Production.gen/sources_1/bd/Differental_Phasemeter/ip/Differental_Phasemeter_GPIO_PLL_GUESS_Freq_0/Differental_Phasemeter_GPIO_PLL_GUESS_Freq_0_board.xdc] for cell 'Differental_Phasemeter_i/GPIO_Interface/GPIO_PLL_GUESS_Freq/U0'
Finished Parsing XDC File [c:/Users/John/Desktop/Honours_Project/RP-Production/RP-Production.gen/sources_1/bd/Differental_Phasemeter/ip/Differental_Phasemeter_GPIO_PLL_GUESS_Freq_0/Differental_Phasemeter_GPIO_PLL_GUESS_Freq_0_board.xdc] for cell 'Differental_Phasemeter_i/GPIO_Interface/GPIO_PLL_GUESS_Freq/U0'
Parsing XDC File [c:/Users/John/Desktop/Honours_Project/RP-Production/RP-Production.gen/sources_1/bd/Differental_Phasemeter/ip/Differental_Phasemeter_GPIO_PLL_GUESS_Freq_0/Differental_Phasemeter_GPIO_PLL_GUESS_Freq_0.xdc] for cell 'Differental_Phasemeter_i/GPIO_Interface/GPIO_PLL_GUESS_Freq/U0'
Finished Parsing XDC File [c:/Users/John/Desktop/Honours_Project/RP-Production/RP-Production.gen/sources_1/bd/Differental_Phasemeter/ip/Differental_Phasemeter_GPIO_PLL_GUESS_Freq_0/Differental_Phasemeter_GPIO_PLL_GUESS_Freq_0.xdc] for cell 'Differental_Phasemeter_i/GPIO_Interface/GPIO_PLL_GUESS_Freq/U0'
Parsing XDC File [c:/Users/John/Desktop/Honours_Project/RP-Production/RP-Production.gen/sources_1/bd/Differental_Phasemeter/ip/Differental_Phasemeter_GPIO_FreqMeasure_0/Differental_Phasemeter_GPIO_FreqMeasure_0_board.xdc] for cell 'Differental_Phasemeter_i/GPIO_Interface/GPIO_FreqMeasure/U0'
Finished Parsing XDC File [c:/Users/John/Desktop/Honours_Project/RP-Production/RP-Production.gen/sources_1/bd/Differental_Phasemeter/ip/Differental_Phasemeter_GPIO_FreqMeasure_0/Differental_Phasemeter_GPIO_FreqMeasure_0_board.xdc] for cell 'Differental_Phasemeter_i/GPIO_Interface/GPIO_FreqMeasure/U0'
Parsing XDC File [c:/Users/John/Desktop/Honours_Project/RP-Production/RP-Production.gen/sources_1/bd/Differental_Phasemeter/ip/Differental_Phasemeter_GPIO_FreqMeasure_0/Differental_Phasemeter_GPIO_FreqMeasure_0.xdc] for cell 'Differental_Phasemeter_i/GPIO_Interface/GPIO_FreqMeasure/U0'
Finished Parsing XDC File [c:/Users/John/Desktop/Honours_Project/RP-Production/RP-Production.gen/sources_1/bd/Differental_Phasemeter/ip/Differental_Phasemeter_GPIO_FreqMeasure_0/Differental_Phasemeter_GPIO_FreqMeasure_0.xdc] for cell 'Differental_Phasemeter_i/GPIO_Interface/GPIO_FreqMeasure/U0'
Parsing XDC File [c:/Users/John/Desktop/Honours_Project/RP-Production/RP-Production.gen/sources_1/bd/Differental_Phasemeter/ip/Differental_Phasemeter_GPIO_Integrator_Reset_0/Differental_Phasemeter_GPIO_Integrator_Reset_0_board.xdc] for cell 'Differental_Phasemeter_i/GPIO_Interface/GPIO_Integrator_Reset/U0'
Finished Parsing XDC File [c:/Users/John/Desktop/Honours_Project/RP-Production/RP-Production.gen/sources_1/bd/Differental_Phasemeter/ip/Differental_Phasemeter_GPIO_Integrator_Reset_0/Differental_Phasemeter_GPIO_Integrator_Reset_0_board.xdc] for cell 'Differental_Phasemeter_i/GPIO_Interface/GPIO_Integrator_Reset/U0'
Parsing XDC File [c:/Users/John/Desktop/Honours_Project/RP-Production/RP-Production.gen/sources_1/bd/Differental_Phasemeter/ip/Differental_Phasemeter_GPIO_Integrator_Reset_0/Differental_Phasemeter_GPIO_Integrator_Reset_0.xdc] for cell 'Differental_Phasemeter_i/GPIO_Interface/GPIO_Integrator_Reset/U0'
Finished Parsing XDC File [c:/Users/John/Desktop/Honours_Project/RP-Production/RP-Production.gen/sources_1/bd/Differental_Phasemeter/ip/Differental_Phasemeter_GPIO_Integrator_Reset_0/Differental_Phasemeter_GPIO_Integrator_Reset_0.xdc] for cell 'Differental_Phasemeter_i/GPIO_Interface/GPIO_Integrator_Reset/U0'
Parsing XDC File [c:/Users/John/Desktop/Honours_Project/RP-Production/RP-Production.gen/sources_1/bd/Differental_Phasemeter/ip/Differental_Phasemeter_GPIO_Integrator_Reset_1/Differental_Phasemeter_GPIO_Integrator_Reset_1_board.xdc] for cell 'Differental_Phasemeter_i/GPIO_Interface/GPIO_Trigger_Test/U0'
Finished Parsing XDC File [c:/Users/John/Desktop/Honours_Project/RP-Production/RP-Production.gen/sources_1/bd/Differental_Phasemeter/ip/Differental_Phasemeter_GPIO_Integrator_Reset_1/Differental_Phasemeter_GPIO_Integrator_Reset_1_board.xdc] for cell 'Differental_Phasemeter_i/GPIO_Interface/GPIO_Trigger_Test/U0'
Parsing XDC File [c:/Users/John/Desktop/Honours_Project/RP-Production/RP-Production.gen/sources_1/bd/Differental_Phasemeter/ip/Differental_Phasemeter_GPIO_Integrator_Reset_1/Differental_Phasemeter_GPIO_Integrator_Reset_1.xdc] for cell 'Differental_Phasemeter_i/GPIO_Interface/GPIO_Trigger_Test/U0'
Finished Parsing XDC File [c:/Users/John/Desktop/Honours_Project/RP-Production/RP-Production.gen/sources_1/bd/Differental_Phasemeter/ip/Differental_Phasemeter_GPIO_Integrator_Reset_1/Differental_Phasemeter_GPIO_Integrator_Reset_1.xdc] for cell 'Differental_Phasemeter_i/GPIO_Interface/GPIO_Trigger_Test/U0'
Parsing XDC File [c:/Users/John/Desktop/Honours_Project/RP-Production/RP-Production.gen/sources_1/bd/Differental_Phasemeter/ip/Differental_Phasemeter_GPIO_Integrator_Reset1_0/Differental_Phasemeter_GPIO_Integrator_Reset1_0_board.xdc] for cell 'Differental_Phasemeter_i/GPIO_Interface/GPIO_FIFO_Status/U0'
Finished Parsing XDC File [c:/Users/John/Desktop/Honours_Project/RP-Production/RP-Production.gen/sources_1/bd/Differental_Phasemeter/ip/Differental_Phasemeter_GPIO_Integrator_Reset1_0/Differental_Phasemeter_GPIO_Integrator_Reset1_0_board.xdc] for cell 'Differental_Phasemeter_i/GPIO_Interface/GPIO_FIFO_Status/U0'
Parsing XDC File [c:/Users/John/Desktop/Honours_Project/RP-Production/RP-Production.gen/sources_1/bd/Differental_Phasemeter/ip/Differental_Phasemeter_GPIO_Integrator_Reset1_0/Differental_Phasemeter_GPIO_Integrator_Reset1_0.xdc] for cell 'Differental_Phasemeter_i/GPIO_Interface/GPIO_FIFO_Status/U0'
Finished Parsing XDC File [c:/Users/John/Desktop/Honours_Project/RP-Production/RP-Production.gen/sources_1/bd/Differental_Phasemeter/ip/Differental_Phasemeter_GPIO_Integrator_Reset1_0/Differental_Phasemeter_GPIO_Integrator_Reset1_0.xdc] for cell 'Differental_Phasemeter_i/GPIO_Interface/GPIO_FIFO_Status/U0'
Parsing XDC File [c:/Users/John/Desktop/Honours_Project/RP-Production/RP-Production.gen/sources_1/bd/Differental_Phasemeter/ip/Differental_Phasemeter_processing_system7_0_0/Differental_Phasemeter_processing_system7_0_0.xdc] for cell 'Differental_Phasemeter_i/PS7/processing_system7_0/inst'
WARNING: [Vivado 12-2489] -input_jitter contains time 0.196860 which will be rounded to 0.197 to ensure it is an integer multiple of 1 picosecond [c:/Users/John/Desktop/Honours_Project/RP-Production/RP-Production.gen/sources_1/bd/Differental_Phasemeter/ip/Differental_Phasemeter_processing_system7_0_0/Differental_Phasemeter_processing_system7_0_0.xdc:21]
Finished Parsing XDC File [c:/Users/John/Desktop/Honours_Project/RP-Production/RP-Production.gen/sources_1/bd/Differental_Phasemeter/ip/Differental_Phasemeter_processing_system7_0_0/Differental_Phasemeter_processing_system7_0_0.xdc] for cell 'Differental_Phasemeter_i/PS7/processing_system7_0/inst'
Parsing XDC File [c:/Users/John/Desktop/Honours_Project/RP-Production/RP-Production.gen/sources_1/bd/Differental_Phasemeter/ip/Differental_Phasemeter_proc_sys_reset_0_0/Differental_Phasemeter_proc_sys_reset_0_0_board.xdc] for cell 'Differental_Phasemeter_i/PS7/proc_sys_reset_0/U0'
Finished Parsing XDC File [c:/Users/John/Desktop/Honours_Project/RP-Production/RP-Production.gen/sources_1/bd/Differental_Phasemeter/ip/Differental_Phasemeter_proc_sys_reset_0_0/Differental_Phasemeter_proc_sys_reset_0_0_board.xdc] for cell 'Differental_Phasemeter_i/PS7/proc_sys_reset_0/U0'
Parsing XDC File [c:/Users/John/Desktop/Honours_Project/RP-Production/RP-Production.gen/sources_1/bd/Differental_Phasemeter/ip/Differental_Phasemeter_proc_sys_reset_0_0/Differental_Phasemeter_proc_sys_reset_0_0.xdc] for cell 'Differental_Phasemeter_i/PS7/proc_sys_reset_0/U0'
Finished Parsing XDC File [c:/Users/John/Desktop/Honours_Project/RP-Production/RP-Production.gen/sources_1/bd/Differental_Phasemeter/ip/Differental_Phasemeter_proc_sys_reset_0_0/Differental_Phasemeter_proc_sys_reset_0_0.xdc] for cell 'Differental_Phasemeter_i/PS7/proc_sys_reset_0/U0'
Parsing XDC File [c:/Users/John/Desktop/Honours_Project/RP-Production/RP-Production.gen/sources_1/bd/Differental_Phasemeter/ip/Differental_Phasemeter_axi_dma_0_1/Differental_Phasemeter_axi_dma_0_1.xdc] for cell 'Differental_Phasemeter_i/PS7/DMA_Engine/axi_dma_0/U0'
WARNING: [Vivado_Tcl 4-919] Waiver ID 'CDC-1' -from list should not be empty. [c:/Users/John/Desktop/Honours_Project/RP-Production/RP-Production.gen/sources_1/bd/Differental_Phasemeter/ip/Differental_Phasemeter_axi_dma_0_1/Differental_Phasemeter_axi_dma_0_1.xdc:61]
Finished Parsing XDC File [c:/Users/John/Desktop/Honours_Project/RP-Production/RP-Production.gen/sources_1/bd/Differental_Phasemeter/ip/Differental_Phasemeter_axi_dma_0_1/Differental_Phasemeter_axi_dma_0_1.xdc] for cell 'Differental_Phasemeter_i/PS7/DMA_Engine/axi_dma_0/U0'
Parsing XDC File [C:/Users/John/Desktop/Honours_Project/RP-Production/RP-Production.srcs/constrs_1/imports/cfg/clocks.xdc]
Finished Parsing XDC File [C:/Users/John/Desktop/Honours_Project/RP-Production/RP-Production.srcs/constrs_1/imports/cfg/clocks.xdc]
Parsing XDC File [C:/Users/John/Desktop/Honours_Project/RP-Production/RP-Production.srcs/constrs_1/imports/cfg/ports.xdc]
WARNING: [Vivado 12-584] No ports matched 'Vp_Vn_v_p'. [C:/Users/John/Desktop/Honours_Project/RP-Production/RP-Production.srcs/constrs_1/imports/cfg/ports.xdc:123]
CRITICAL WARNING: [Common 17-55] 'set_property' expects at least one object. [C:/Users/John/Desktop/Honours_Project/RP-Production/RP-Production.srcs/constrs_1/imports/cfg/ports.xdc:123]
Resolution: If [get_<value>] was used to populate the object, check to make sure this command returns at least one valid object.
WARNING: [Vivado 12-584] No ports matched 'Vp_Vn_v_n'. [C:/Users/John/Desktop/Honours_Project/RP-Production/RP-Production.srcs/constrs_1/imports/cfg/ports.xdc:124]
CRITICAL WARNING: [Common 17-55] 'set_property' expects at least one object. [C:/Users/John/Desktop/Honours_Project/RP-Production/RP-Production.srcs/constrs_1/imports/cfg/ports.xdc:124]
Resolution: If [get_<value>] was used to populate the object, check to make sure this command returns at least one valid object.
WARNING: [Vivado 12-584] No ports matched 'Vaux0_v_p'. [C:/Users/John/Desktop/Honours_Project/RP-Production/RP-Production.srcs/constrs_1/imports/cfg/ports.xdc:125]
CRITICAL WARNING: [Common 17-55] 'set_property' expects at least one object. [C:/Users/John/Desktop/Honours_Project/RP-Production/RP-Production.srcs/constrs_1/imports/cfg/ports.xdc:125]
Resolution: If [get_<value>] was used to populate the object, check to make sure this command returns at least one valid object.
WARNING: [Vivado 12-584] No ports matched 'Vaux0_v_n'. [C:/Users/John/Desktop/Honours_Project/RP-Production/RP-Production.srcs/constrs_1/imports/cfg/ports.xdc:126]
CRITICAL WARNING: [Common 17-55] 'set_property' expects at least one object. [C:/Users/John/Desktop/Honours_Project/RP-Production/RP-Production.srcs/constrs_1/imports/cfg/ports.xdc:126]
Resolution: If [get_<value>] was used to populate the object, check to make sure this command returns at least one valid object.
WARNING: [Vivado 12-584] No ports matched 'Vaux1_v_p'. [C:/Users/John/Desktop/Honours_Project/RP-Production/RP-Production.srcs/constrs_1/imports/cfg/ports.xdc:127]
CRITICAL WARNING: [Common 17-55] 'set_property' expects at least one object. [C:/Users/John/Desktop/Honours_Project/RP-Production/RP-Production.srcs/constrs_1/imports/cfg/ports.xdc:127]
Resolution: If [get_<value>] was used to populate the object, check to make sure this command returns at least one valid object.
WARNING: [Vivado 12-584] No ports matched 'Vaux1_v_n'. [C:/Users/John/Desktop/Honours_Project/RP-Production/RP-Production.srcs/constrs_1/imports/cfg/ports.xdc:128]
CRITICAL WARNING: [Common 17-55] 'set_property' expects at least one object. [C:/Users/John/Desktop/Honours_Project/RP-Production/RP-Production.srcs/constrs_1/imports/cfg/ports.xdc:128]
Resolution: If [get_<value>] was used to populate the object, check to make sure this command returns at least one valid object.
WARNING: [Vivado 12-584] No ports matched 'Vaux8_v_p'. [C:/Users/John/Desktop/Honours_Project/RP-Production/RP-Production.srcs/constrs_1/imports/cfg/ports.xdc:129]
CRITICAL WARNING: [Common 17-55] 'set_property' expects at least one object. [C:/Users/John/Desktop/Honours_Project/RP-Production/RP-Production.srcs/constrs_1/imports/cfg/ports.xdc:129]
Resolution: If [get_<value>] was used to populate the object, check to make sure this command returns at least one valid object.
WARNING: [Vivado 12-584] No ports matched 'Vaux8_v_n'. [C:/Users/John/Desktop/Honours_Project/RP-Production/RP-Production.srcs/constrs_1/imports/cfg/ports.xdc:130]
CRITICAL WARNING: [Common 17-55] 'set_property' expects at least one object. [C:/Users/John/Desktop/Honours_Project/RP-Production/RP-Production.srcs/constrs_1/imports/cfg/ports.xdc:130]
Resolution: If [get_<value>] was used to populate the object, check to make sure this command returns at least one valid object.
WARNING: [Vivado 12-584] No ports matched 'Vaux9_v_p'. [C:/Users/John/Desktop/Honours_Project/RP-Production/RP-Production.srcs/constrs_1/imports/cfg/ports.xdc:131]
CRITICAL WARNING: [Common 17-55] 'set_property' expects at least one object. [C:/Users/John/Desktop/Honours_Project/RP-Production/RP-Production.srcs/constrs_1/imports/cfg/ports.xdc:131]
Resolution: If [get_<value>] was used to populate the object, check to make sure this command returns at least one valid object.
WARNING: [Vivado 12-584] No ports matched 'Vaux9_v_n'. [C:/Users/John/Desktop/Honours_Project/RP-Production/RP-Production.srcs/constrs_1/imports/cfg/ports.xdc:132]
CRITICAL WARNING: [Common 17-55] 'set_property' expects at least one object. [C:/Users/John/Desktop/Honours_Project/RP-Production/RP-Production.srcs/constrs_1/imports/cfg/ports.xdc:132]
Resolution: If [get_<value>] was used to populate the object, check to make sure this command returns at least one valid object.
WARNING: [Vivado 12-584] No ports matched 'Vp_Vn_v_p'. [C:/Users/John/Desktop/Honours_Project/RP-Production/RP-Production.srcs/constrs_1/imports/cfg/ports.xdc:134]
CRITICAL WARNING: [Common 17-55] 'set_property' expects at least one object. [C:/Users/John/Desktop/Honours_Project/RP-Production/RP-Production.srcs/constrs_1/imports/cfg/ports.xdc:134]
Resolution: If [get_<value>] was used to populate the object, check to make sure this command returns at least one valid object.
WARNING: [Vivado 12-584] No ports matched 'Vp_Vn_v_n'. [C:/Users/John/Desktop/Honours_Project/RP-Production/RP-Production.srcs/constrs_1/imports/cfg/ports.xdc:135]
CRITICAL WARNING: [Common 17-55] 'set_property' expects at least one object. [C:/Users/John/Desktop/Honours_Project/RP-Production/RP-Production.srcs/constrs_1/imports/cfg/ports.xdc:135]
Resolution: If [get_<value>] was used to populate the object, check to make sure this command returns at least one valid object.
WARNING: [Vivado 12-584] No ports matched 'Vaux0_v_p'. [C:/Users/John/Desktop/Honours_Project/RP-Production/RP-Production.srcs/constrs_1/imports/cfg/ports.xdc:136]
CRITICAL WARNING: [Common 17-55] 'set_property' expects at least one object. [C:/Users/John/Desktop/Honours_Project/RP-Production/RP-Production.srcs/constrs_1/imports/cfg/ports.xdc:136]
Resolution: If [get_<value>] was used to populate the object, check to make sure this command returns at least one valid object.
WARNING: [Vivado 12-584] No ports matched 'Vaux0_v_n'. [C:/Users/John/Desktop/Honours_Project/RP-Production/RP-Production.srcs/constrs_1/imports/cfg/ports.xdc:137]
CRITICAL WARNING: [Common 17-55] 'set_property' expects at least one object. [C:/Users/John/Desktop/Honours_Project/RP-Production/RP-Production.srcs/constrs_1/imports/cfg/ports.xdc:137]
Resolution: If [get_<value>] was used to populate the object, check to make sure this command returns at least one valid object.
WARNING: [Vivado 12-584] No ports matched 'Vaux1_v_p'. [C:/Users/John/Desktop/Honours_Project/RP-Production/RP-Production.srcs/constrs_1/imports/cfg/ports.xdc:138]
CRITICAL WARNING: [Common 17-55] 'set_property' expects at least one object. [C:/Users/John/Desktop/Honours_Project/RP-Production/RP-Production.srcs/constrs_1/imports/cfg/ports.xdc:138]
Resolution: If [get_<value>] was used to populate the object, check to make sure this command returns at least one valid object.
WARNING: [Vivado 12-584] No ports matched 'Vaux1_v_n'. [C:/Users/John/Desktop/Honours_Project/RP-Production/RP-Production.srcs/constrs_1/imports/cfg/ports.xdc:139]
CRITICAL WARNING: [Common 17-55] 'set_property' expects at least one object. [C:/Users/John/Desktop/Honours_Project/RP-Production/RP-Production.srcs/constrs_1/imports/cfg/ports.xdc:139]
Resolution: If [get_<value>] was used to populate the object, check to make sure this command returns at least one valid object.
WARNING: [Vivado 12-584] No ports matched 'Vaux8_v_p'. [C:/Users/John/Desktop/Honours_Project/RP-Production/RP-Production.srcs/constrs_1/imports/cfg/ports.xdc:140]
CRITICAL WARNING: [Common 17-55] 'set_property' expects at least one object. [C:/Users/John/Desktop/Honours_Project/RP-Production/RP-Production.srcs/constrs_1/imports/cfg/ports.xdc:140]
Resolution: If [get_<value>] was used to populate the object, check to make sure this command returns at least one valid object.
WARNING: [Vivado 12-584] No ports matched 'Vaux8_v_n'. [C:/Users/John/Desktop/Honours_Project/RP-Production/RP-Production.srcs/constrs_1/imports/cfg/ports.xdc:141]
CRITICAL WARNING: [Common 17-55] 'set_property' expects at least one object. [C:/Users/John/Desktop/Honours_Project/RP-Production/RP-Production.srcs/constrs_1/imports/cfg/ports.xdc:141]
Resolution: If [get_<value>] was used to populate the object, check to make sure this command returns at least one valid object.
WARNING: [Vivado 12-584] No ports matched 'Vaux9_v_p'. [C:/Users/John/Desktop/Honours_Project/RP-Production/RP-Production.srcs/constrs_1/imports/cfg/ports.xdc:142]
CRITICAL WARNING: [Common 17-55] 'set_property' expects at least one object. [C:/Users/John/Desktop/Honours_Project/RP-Production/RP-Production.srcs/constrs_1/imports/cfg/ports.xdc:142]
Resolution: If [get_<value>] was used to populate the object, check to make sure this command returns at least one valid object.
WARNING: [Vivado 12-584] No ports matched 'Vaux9_v_n'. [C:/Users/John/Desktop/Honours_Project/RP-Production/RP-Production.srcs/constrs_1/imports/cfg/ports.xdc:143]
CRITICAL WARNING: [Common 17-55] 'set_property' expects at least one object. [C:/Users/John/Desktop/Honours_Project/RP-Production/RP-Production.srcs/constrs_1/imports/cfg/ports.xdc:143]
Resolution: If [get_<value>] was used to populate the object, check to make sure this command returns at least one valid object.
WARNING: [Vivado 12-584] No ports matched 'exp_p_trg'. [C:/Users/John/Desktop/Honours_Project/RP-Production/RP-Production.srcs/constrs_1/imports/cfg/ports.xdc:173]
CRITICAL WARNING: [Common 17-55] 'set_property' expects at least one object. [C:/Users/John/Desktop/Honours_Project/RP-Production/RP-Production.srcs/constrs_1/imports/cfg/ports.xdc:173]
Resolution: If [get_<value>] was used to populate the object, check to make sure this command returns at least one valid object.
WARNING: [Vivado 12-584] No ports matched 'exp_p_trg'. [C:/Users/John/Desktop/Honours_Project/RP-Production/RP-Production.srcs/constrs_1/imports/cfg/ports.xdc:174]
CRITICAL WARNING: [Common 17-55] 'set_property' expects at least one object. [C:/Users/John/Desktop/Honours_Project/RP-Production/RP-Production.srcs/constrs_1/imports/cfg/ports.xdc:174]
Resolution: If [get_<value>] was used to populate the object, check to make sure this command returns at least one valid object.
WARNING: [Vivado 12-584] No ports matched 'exp_p_trg'. [C:/Users/John/Desktop/Honours_Project/RP-Production/RP-Production.srcs/constrs_1/imports/cfg/ports.xdc:175]
CRITICAL WARNING: [Common 17-55] 'set_property' expects at least one object. [C:/Users/John/Desktop/Honours_Project/RP-Production/RP-Production.srcs/constrs_1/imports/cfg/ports.xdc:175]
Resolution: If [get_<value>] was used to populate the object, check to make sure this command returns at least one valid object.
WARNING: [Vivado 12-584] No ports matched 'exp_p_trg'. [C:/Users/John/Desktop/Honours_Project/RP-Production/RP-Production.srcs/constrs_1/imports/cfg/ports.xdc:177]
CRITICAL WARNING: [Common 17-55] 'set_property' expects at least one object. [C:/Users/John/Desktop/Honours_Project/RP-Production/RP-Production.srcs/constrs_1/imports/cfg/ports.xdc:177]
Resolution: If [get_<value>] was used to populate the object, check to make sure this command returns at least one valid object.
WARNING: [Vivado 12-584] No ports matched 'exp_n_alex[*]'. [C:/Users/John/Desktop/Honours_Project/RP-Production/RP-Production.srcs/constrs_1/imports/cfg/ports.xdc:179]
CRITICAL WARNING: [Common 17-55] 'set_property' expects at least one object. [C:/Users/John/Desktop/Honours_Project/RP-Production/RP-Production.srcs/constrs_1/imports/cfg/ports.xdc:179]
Resolution: If [get_<value>] was used to populate the object, check to make sure this command returns at least one valid object.
WARNING: [Vivado 12-584] No ports matched 'exp_n_alex[*]'. [C:/Users/John/Desktop/Honours_Project/RP-Production/RP-Production.srcs/constrs_1/imports/cfg/ports.xdc:180]
CRITICAL WARNING: [Common 17-55] 'set_property' expects at least one object. [C:/Users/John/Desktop/Honours_Project/RP-Production/RP-Production.srcs/constrs_1/imports/cfg/ports.xdc:180]
Resolution: If [get_<value>] was used to populate the object, check to make sure this command returns at least one valid object.
WARNING: [Vivado 12-584] No ports matched 'exp_n_alex[*]'. [C:/Users/John/Desktop/Honours_Project/RP-Production/RP-Production.srcs/constrs_1/imports/cfg/ports.xdc:181]
CRITICAL WARNING: [Common 17-55] 'set_property' expects at least one object. [C:/Users/John/Desktop/Honours_Project/RP-Production/RP-Production.srcs/constrs_1/imports/cfg/ports.xdc:181]
Resolution: If [get_<value>] was used to populate the object, check to make sure this command returns at least one valid object.
WARNING: [Vivado 12-584] No ports matched 'exp_n_alex[0]'. [C:/Users/John/Desktop/Honours_Project/RP-Production/RP-Production.srcs/constrs_1/imports/cfg/ports.xdc:183]
CRITICAL WARNING: [Common 17-55] 'set_property' expects at least one object. [C:/Users/John/Desktop/Honours_Project/RP-Production/RP-Production.srcs/constrs_1/imports/cfg/ports.xdc:183]
Resolution: If [get_<value>] was used to populate the object, check to make sure this command returns at least one valid object.
WARNING: [Vivado 12-584] No ports matched 'exp_n_alex[1]'. [C:/Users/John/Desktop/Honours_Project/RP-Production/RP-Production.srcs/constrs_1/imports/cfg/ports.xdc:184]
CRITICAL WARNING: [Common 17-55] 'set_property' expects at least one object. [C:/Users/John/Desktop/Honours_Project/RP-Production/RP-Production.srcs/constrs_1/imports/cfg/ports.xdc:184]
Resolution: If [get_<value>] was used to populate the object, check to make sure this command returns at least one valid object.
WARNING: [Vivado 12-584] No ports matched 'exp_n_alex[2]'. [C:/Users/John/Desktop/Honours_Project/RP-Production/RP-Production.srcs/constrs_1/imports/cfg/ports.xdc:185]
CRITICAL WARNING: [Common 17-55] 'set_property' expects at least one object. [C:/Users/John/Desktop/Honours_Project/RP-Production/RP-Production.srcs/constrs_1/imports/cfg/ports.xdc:185]
Resolution: If [get_<value>] was used to populate the object, check to make sure this command returns at least one valid object.
WARNING: [Vivado 12-584] No ports matched 'exp_n_alex[3]'. [C:/Users/John/Desktop/Honours_Project/RP-Production/RP-Production.srcs/constrs_1/imports/cfg/ports.xdc:186]
CRITICAL WARNING: [Common 17-55] 'set_property' expects at least one object. [C:/Users/John/Desktop/Honours_Project/RP-Production/RP-Production.srcs/constrs_1/imports/cfg/ports.xdc:186]
Resolution: If [get_<value>] was used to populate the object, check to make sure this command returns at least one valid object.
WARNING: [Vivado 12-584] No ports matched 'led_o[1]'. [C:/Users/John/Desktop/Honours_Project/RP-Production/RP-Production.srcs/constrs_1/imports/cfg/ports.xdc:215]
CRITICAL WARNING: [Common 17-55] 'set_property' expects at least one object. [C:/Users/John/Desktop/Honours_Project/RP-Production/RP-Production.srcs/constrs_1/imports/cfg/ports.xdc:215]
Resolution: If [get_<value>] was used to populate the object, check to make sure this command returns at least one valid object.
WARNING: [Vivado 12-584] No ports matched 'led_o[2]'. [C:/Users/John/Desktop/Honours_Project/RP-Production/RP-Production.srcs/constrs_1/imports/cfg/ports.xdc:216]
CRITICAL WARNING: [Common 17-55] 'set_property' expects at least one object. [C:/Users/John/Desktop/Honours_Project/RP-Production/RP-Production.srcs/constrs_1/imports/cfg/ports.xdc:216]
Resolution: If [get_<value>] was used to populate the object, check to make sure this command returns at least one valid object.
WARNING: [Vivado 12-584] No ports matched 'led_o[3]'. [C:/Users/John/Desktop/Honours_Project/RP-Production/RP-Production.srcs/constrs_1/imports/cfg/ports.xdc:217]
CRITICAL WARNING: [Common 17-55] 'set_property' expects at least one object. [C:/Users/John/Desktop/Honours_Project/RP-Production/RP-Production.srcs/constrs_1/imports/cfg/ports.xdc:217]
Resolution: If [get_<value>] was used to populate the object, check to make sure this command returns at least one valid object.
WARNING: [Vivado 12-584] No ports matched 'led_o[4]'. [C:/Users/John/Desktop/Honours_Project/RP-Production/RP-Production.srcs/constrs_1/imports/cfg/ports.xdc:218]
CRITICAL WARNING: [Common 17-55] 'set_property' expects at least one object. [C:/Users/John/Desktop/Honours_Project/RP-Production/RP-Production.srcs/constrs_1/imports/cfg/ports.xdc:218]
Resolution: If [get_<value>] was used to populate the object, check to make sure this command returns at least one valid object.
WARNING: [Vivado 12-584] No ports matched 'led_o[5]'. [C:/Users/John/Desktop/Honours_Project/RP-Production/RP-Production.srcs/constrs_1/imports/cfg/ports.xdc:219]
CRITICAL WARNING: [Common 17-55] 'set_property' expects at least one object. [C:/Users/John/Desktop/Honours_Project/RP-Production/RP-Production.srcs/constrs_1/imports/cfg/ports.xdc:219]
Resolution: If [get_<value>] was used to populate the object, check to make sure this command returns at least one valid object.
WARNING: [Vivado 12-584] No ports matched 'led_o[6]'. [C:/Users/John/Desktop/Honours_Project/RP-Production/RP-Production.srcs/constrs_1/imports/cfg/ports.xdc:220]
CRITICAL WARNING: [Common 17-55] 'set_property' expects at least one object. [C:/Users/John/Desktop/Honours_Project/RP-Production/RP-Production.srcs/constrs_1/imports/cfg/ports.xdc:220]
Resolution: If [get_<value>] was used to populate the object, check to make sure this command returns at least one valid object.
WARNING: [Vivado 12-584] No ports matched 'led_o[7]'. [C:/Users/John/Desktop/Honours_Project/RP-Production/RP-Production.srcs/constrs_1/imports/cfg/ports.xdc:221]
CRITICAL WARNING: [Common 17-55] 'set_property' expects at least one object. [C:/Users/John/Desktop/Honours_Project/RP-Production/RP-Production.srcs/constrs_1/imports/cfg/ports.xdc:221]
Resolution: If [get_<value>] was used to populate the object, check to make sure this command returns at least one valid object.
Finished Parsing XDC File [C:/Users/John/Desktop/Honours_Project/RP-Production/RP-Production.srcs/constrs_1/imports/cfg/ports.xdc]
Parsing XDC File [c:/Users/John/Desktop/Honours_Project/RP-Production/RP-Production.gen/sources_1/bd/Differental_Phasemeter/ip/Differental_Phasemeter_axi_dma_0_1/Differental_Phasemeter_axi_dma_0_1_clocks.xdc] for cell 'Differental_Phasemeter_i/PS7/DMA_Engine/axi_dma_0/U0'
Finished Parsing XDC File [c:/Users/John/Desktop/Honours_Project/RP-Production/RP-Production.gen/sources_1/bd/Differental_Phasemeter/ip/Differental_Phasemeter_axi_dma_0_1/Differental_Phasemeter_axi_dma_0_1_clocks.xdc] for cell 'Differental_Phasemeter_i/PS7/DMA_Engine/axi_dma_0/U0'
Parsing XDC File [c:/Users/John/Desktop/Honours_Project/RP-Production/RP-Production.gen/sources_1/bd/Differental_Phasemeter/ip/Differental_Phasemeter_auto_us_0/Differental_Phasemeter_auto_us_0_clocks.xdc] for cell 'Differental_Phasemeter_i/PS7/DMA_Engine/axi_interconnect_0/s01_couplers/auto_us/inst'
Finished Parsing XDC File [c:/Users/John/Desktop/Honours_Project/RP-Production/RP-Production.gen/sources_1/bd/Differental_Phasemeter/ip/Differental_Phasemeter_auto_us_0/Differental_Phasemeter_auto_us_0_clocks.xdc] for cell 'Differental_Phasemeter_i/PS7/DMA_Engine/axi_interconnect_0/s01_couplers/auto_us/inst'
INFO: [Project 1-1714] 21 XPM XDC files have been applied to the design.
INFO: [Opt 31-138] Pushed 0 inverter(s) to 0 load pin(s).
