Design Route Status
                                               :      # nets :
   ------------------------------------------- : ----------- :
<<<<<<< HEAD
   # of logical nets.......................... :       19159 :
       # of nets not needing routing.......... :        8254 :
           # of internally routed nets........ :        8121 :
           # of nets with no loads............ :         133 :
       # of routable nets..................... :       10905 :
           # of fully routed nets............. :       10905 :
=======
   # of logical nets.......................... :       18699 :
       # of nets not needing routing.......... :        8242 :
           # of internally routed nets........ :        8109 :
           # of nets with no loads............ :         133 :
       # of routable nets..................... :       10457 :
           # of fully routed nets............. :       10457 :
>>>>>>> 9eee53f2058b56a42e82c683f809f69ed94d3bb3
       # of nets with routing errors.......... :           0 :
   ------------------------------------------- : ----------- :

