
*** Running vivado
    with args -log Differental_Phasemeter_xbar_3.vds -m64 -product Vivado -mode batch -messageDb vivado.pb -notrace -source Differental_Phasemeter_xbar_3.tcl



****** Vivado v2022.2 (64-bit)
  **** SW Build 3671981 on Fri Oct 14 05:00:03 MDT 2022
  **** IP Build 3669848 on Fri Oct 14 08:30:02 MDT 2022
    ** Copyright 1986-2022 Xilinx, Inc. All Rights Reserved.

source Differental_Phasemeter_xbar_3.tcl -notrace
create_project: Time (s): cpu = 00:00:05 ; elapsed = 00:00:05 . Memory (MB): peak = 394.562 ; gain = 75.629
INFO: [IP_Flow 19-234] Refreshing IP repositories
INFO: [IP_Flow 19-1700] Loaded user IP repository 'c:/Users/John/Desktop/Honours_Project/cores'.
INFO: [IP_Flow 19-2313] Loaded Vivado IP repository 'C:/Xilinx/Vivado/2022.2/data/ip'.
INFO: [IP_Flow 19-6924] IPCACHE: Running cache check for IP inst: Differental_Phasemeter_xbar_3
INFO: [IP_Flow 19-6922] IPCACHE: Exporting cached entry bb6542044d31e2f2 to dir: C:/Users/John/Desktop/Honours_Project/RP-Production/RP-Production.runs/Differental_Phasemeter_xbar_3_synth_1
INFO: [IP_Flow 19-6928] IPCACHE: copied cached file c:/Users/John/Desktop/Honours_Project/RP-Production/RP-Production.cache/ip/2022.2/b/b/bb6542044d31e2f2/Differental_Phasemeter_xbar_3.dcp to C:/Users/John/Desktop/Honours_Project/RP-Production/RP-Production.runs/Differental_Phasemeter_xbar_3_synth_1/Differental_Phasemeter_xbar_3.dcp.
INFO: [IP_Flow 19-6928] IPCACHE: copied cached file c:/Users/John/Desktop/Honours_Project/RP-Production/RP-Production.cache/ip/2022.2/b/b/bb6542044d31e2f2/Differental_Phasemeter_xbar_3_sim_netlist.v to C:/Users/John/Desktop/Honours_Project/RP-Production/RP-Production.runs/Differental_Phasemeter_xbar_3_synth_1/Differental_Phasemeter_xbar_3_sim_netlist.v.
INFO: [IP_Flow 19-6928] IPCACHE: copied cached file c:/Users/John/Desktop/Honours_Project/RP-Production/RP-Production.cache/ip/2022.2/b/b/bb6542044d31e2f2/Differental_Phasemeter_xbar_3_sim_netlist.vhdl to C:/Users/John/Desktop/Honours_Project/RP-Production/RP-Production.runs/Differental_Phasemeter_xbar_3_synth_1/Differental_Phasemeter_xbar_3_sim_netlist.vhdl.
INFO: [IP_Flow 19-6928] IPCACHE: copied cached file c:/Users/John/Desktop/Honours_Project/RP-Production/RP-Production.cache/ip/2022.2/b/b/bb6542044d31e2f2/Differental_Phasemeter_xbar_3_stub.v to C:/Users/John/Desktop/Honours_Project/RP-Production/RP-Production.runs/Differental_Phasemeter_xbar_3_synth_1/Differental_Phasemeter_xbar_3_stub.v.
INFO: [IP_Flow 19-6928] IPCACHE: copied cached file c:/Users/John/Desktop/Honours_Project/RP-Production/RP-Production.cache/ip/2022.2/b/b/bb6542044d31e2f2/Differental_Phasemeter_xbar_3_stub.vhdl to C:/Users/John/Desktop/Honours_Project/RP-Production/RP-Production.runs/Differental_Phasemeter_xbar_3_synth_1/Differental_Phasemeter_xbar_3_stub.vhdl.
INFO: [IP_Flow 19-4838] Using cached IP synthesis design for IP Differental_Phasemeter_xbar_3, cache-ID = bb6542044d31e2f2.
INFO: [Common 17-206] Exiting Vivado at Tue Sep 19 15:23:56 2023...
