
*** Running vivado
    with args -log system_Custom_System_0_0.vds -m64 -product Vivado -mode batch -messageDb vivado.pb -notrace -source system_Custom_System_0_0.tcl



****** Vivado v2022.2 (64-bit)
  **** SW Build 3671981 on Fri Oct 14 05:00:03 MDT 2022
  **** IP Build 3669848 on Fri Oct 14 08:30:02 MDT 2022
    ** Copyright 1986-2022 Xilinx, Inc. All Rights Reserved.

source system_Custom_System_0_0.tcl -notrace
INFO: [IP_Flow 19-234] Refreshing IP repositories
INFO: [IP_Flow 19-1700] Loaded user IP repository 'c:/Users/John/Desktop/Honours_Project/cores'.
INFO: [IP_Flow 19-2313] Loaded Vivado IP repository 'C:/Xilinx/Vivado/2022.2/data/ip'.
INFO: [IP_Flow 19-6924] IPCACHE: Running cache check for IP inst: system_Custom_System_0_0
Command: synth_design -top system_Custom_System_0_0 -part xc7z010clg400-1 -incremental_mode off -mode out_of_context
Starting synth_design
Attempting to get a license for feature 'Synthesis' and/or device 'xc7z010'
INFO: [Common 17-349] Got license for feature 'Synthesis' and/or device 'xc7z010'
INFO: [Device 21-403] Loading part xc7z010clg400-1
INFO: [Synth 8-7079] Multithreading enabled for synth_design using a maximum of 2 processes.
INFO: [Synth 8-7078] Launching helper process for spawning children vivado processes
INFO: [Synth 8-7075] Helper process launched with PID 25916
INFO: [Synth 8-11241] undeclared symbol 'REGCCE', assumed default net type 'wire' [C:/Xilinx/Vivado/2022.2/data/verilog/src/unimacro/BRAM_SINGLE_MACRO.v:2170]
---------------------------------------------------------------------------------
Starting RTL Elaboration : Time (s): cpu = 00:00:04 ; elapsed = 00:00:04 . Memory (MB): peak = 1214.984 ; gain = 406.457
---------------------------------------------------------------------------------
WARNING: [Synth 8-9112] actual for formal port 'signalinput' is neither a static name nor a globally static expression [C:/Users/John/Desktop/Honours_Project/VHDL_Modules/Main.vhd:292]
INFO: [Synth 8-6157] synthesizing module 'system_Custom_System_0_0' [c:/Users/John/Desktop/Honours_Project/RP-Production/RP-Production.gen/sources_1/bd/system/ip/system_Custom_System_0_0/synth/system_Custom_System_0_0.v:53]
INFO: [Synth 8-638] synthesizing module 'Custom_System' [C:/Users/John/Desktop/Honours_Project/VHDL_Modules/Main.vhd:50]
	Parameter stream_size bound to: 32 - type: integer 
INFO: [Synth 8-3491] module 'AXI4_Stream_Reader' declared at 'C:/Users/John/Desktop/Honours_Project/RP-Production/RP-Production.srcs/sources_1/new/AXI4_Stream_Reader.vhd:34' bound to instance 'ADC_Stream_Reader' of component 'AXI4_Stream_Reader' [C:/Users/John/Desktop/Honours_Project/VHDL_Modules/Main.vhd:190]
INFO: [Synth 8-638] synthesizing module 'AXI4_Stream_Reader' [C:/Users/John/Desktop/Honours_Project/RP-Production/RP-Production.srcs/sources_1/new/AXI4_Stream_Reader.vhd:47]
INFO: [Synth 8-256] done synthesizing module 'AXI4_Stream_Reader' (0#1) [C:/Users/John/Desktop/Honours_Project/RP-Production/RP-Production.srcs/sources_1/new/AXI4_Stream_Reader.vhd:47]
	Parameter Freq_Size bound to: 32 - type: integer 
	Parameter ROM_Size bound to: 8 - type: integer 
	Parameter DAC_SIZE bound to: 14 - type: integer 
INFO: [Synth 8-3491] module 'NCO' declared at 'C:/Users/John/Desktop/Honours_Project/VHDL_Modules/NCO.vhd:8' bound to instance 'ADC_Debug_NCO' of component 'NCO' [C:/Users/John/Desktop/Honours_Project/VHDL_Modules/Main.vhd:200]
INFO: [Synth 8-638] synthesizing module 'NCO' [C:/Users/John/Desktop/Honours_Project/VHDL_Modules/NCO.vhd:25]
INFO: [Synth 8-256] done synthesizing module 'NCO' (0#1) [C:/Users/John/Desktop/Honours_Project/VHDL_Modules/NCO.vhd:25]
	Parameter Data_Size bound to: 14 - type: integer 
INFO: [Synth 8-3491] module 'Dual_Multiplexer' declared at 'C:/Users/John/Desktop/Honours_Project/VHDL_Modules/Logic.vhd:33' bound to instance 'ADC_Override_Mux' of component 'Dual_Multiplexer' [C:/Users/John/Desktop/Honours_Project/VHDL_Modules/Main.vhd:211]
INFO: [Synth 8-638] synthesizing module 'Dual_Multiplexer' [C:/Users/John/Desktop/Honours_Project/VHDL_Modules/Logic.vhd:45]
INFO: [Synth 8-256] done synthesizing module 'Dual_Multiplexer' (0#1) [C:/Users/John/Desktop/Honours_Project/VHDL_Modules/Logic.vhd:45]
	Parameter Freq_Size bound to: 32 - type: integer 
	Parameter ROM_Size bound to: 8 - type: integer 
	Parameter DAC_SIZE bound to: 14 - type: integer 
INFO: [Synth 8-3491] module 'NCO' declared at 'C:/Users/John/Desktop/Honours_Project/VHDL_Modules/NCO.vhd:8' bound to instance 'PLL_NCO' of component 'NCO' [C:/Users/John/Desktop/Honours_Project/VHDL_Modules/Main.vhd:232]
	Parameter MixerSize bound to: 14 - type: integer 
INFO: [Synth 8-3491] module 'Mixer' declared at 'C:/Users/John/Desktop/Honours_Project/VHDL_Modules/Logic.vhd:6' bound to instance 'Quadrature_Mixer' of component 'Mixer' [C:/Users/John/Desktop/Honours_Project/VHDL_Modules/Main.vhd:243]
INFO: [Synth 8-638] synthesizing module 'Mixer' [C:/Users/John/Desktop/Honours_Project/VHDL_Modules/Logic.vhd:18]
INFO: [Synth 8-256] done synthesizing module 'Mixer' (0#1) [C:/Users/John/Desktop/Honours_Project/VHDL_Modules/Logic.vhd:18]
INFO: [Synth 8-3491] module 'CIC32' declared at 'C:/Users/John/Desktop/Honours_Project/VHDL_Modules/CIC32.vhd:46' bound to instance 'Loop_Filter' of component 'CIC32' [C:/Users/John/Desktop/Honours_Project/VHDL_Modules/Main.vhd:264]
INFO: [Synth 8-638] synthesizing module 'CIC32' [C:/Users/John/Desktop/Honours_Project/VHDL_Modules/CIC32.vhd:61]
INFO: [Synth 8-256] done synthesizing module 'CIC32' (0#1) [C:/Users/John/Desktop/Honours_Project/VHDL_Modules/CIC32.vhd:61]
	Parameter Data_Size bound to: 32 - type: integer 
	Parameter Inital bound to: 0 - type: integer 
INFO: [Synth 8-3491] module 'PID_Controller' declared at 'C:/Users/John/Desktop/Honours_Project/VHDL_Modules/Controllers.vhd:6' bound to instance 'Loop_Controller' of component 'PID_Controller' [C:/Users/John/Desktop/Honours_Project/VHDL_Modules/Main.vhd:289]
INFO: [Synth 8-638] synthesizing module 'PID_Controller' [C:/Users/John/Desktop/Honours_Project/VHDL_Modules/Controllers.vhd:20]
INFO: [Synth 8-256] done synthesizing module 'PID_Controller' (0#1) [C:/Users/John/Desktop/Honours_Project/VHDL_Modules/Controllers.vhd:20]
	Parameter Data_Size bound to: 14 - type: integer 
INFO: [Synth 8-3491] module 'Octal_Multiplexer' declared at 'C:/Users/John/Desktop/Honours_Project/VHDL_Modules/Logic.vhd:65' bound to instance 'Debug_Selector_Mux' of component 'Octal_Multiplexer' [C:/Users/John/Desktop/Honours_Project/VHDL_Modules/Main.vhd:309]
INFO: [Synth 8-638] synthesizing module 'Octal_Multiplexer' [C:/Users/John/Desktop/Honours_Project/VHDL_Modules/Logic.vhd:83]
INFO: [Synth 8-256] done synthesizing module 'Octal_Multiplexer' (0#1) [C:/Users/John/Desktop/Honours_Project/VHDL_Modules/Logic.vhd:83]
	Parameter Stream_Size bound to: 14 - type: integer 
	Parameter Bin_Bits bound to: 9 - type: integer 
	Parameter Freq_Bits bound to: 14 - type: integer 
INFO: [Synth 8-3491] module 'Sliding_DFT_Processor' declared at 'C:/Users/John/Desktop/Honours_Project/VHDL_Modules/FFT.vhd:7' bound to instance 'FFT_Test' of component 'Sliding_DFT_Processor' [C:/Users/John/Desktop/Honours_Project/VHDL_Modules/Main.vhd:325]
INFO: [Synth 8-638] synthesizing module 'Sliding_DFT_Processor' [C:/Users/John/Desktop/Honours_Project/VHDL_Modules/FFT.vhd:19]
WARNING: [Synth 8-3819] Generic 'freq_bits' not present in instantiated entity will be ignored [C:/Users/John/Desktop/Honours_Project/VHDL_Modules/Main.vhd:325]
INFO: [Synth 8-256] done synthesizing module 'Sliding_DFT_Processor' (0#1) [C:/Users/John/Desktop/Honours_Project/VHDL_Modules/FFT.vhd:19]
INFO: [Synth 8-256] done synthesizing module 'Custom_System' (0#1) [C:/Users/John/Desktop/Honours_Project/VHDL_Modules/Main.vhd:50]
INFO: [Synth 8-6155] done synthesizing module 'system_Custom_System_0_0' (0#1) [c:/Users/John/Desktop/Honours_Project/RP-Production/RP-Production.gen/sources_1/bd/system/ip/system_Custom_System_0_0/synth/system_Custom_System_0_0.v:53]
WARNING: [Synth 8-6014] Unused sequential element Fourier_Multiply[0].ad_reg[0] was removed.  [C:/Users/John/Desktop/Honours_Project/VHDL_Modules/FFT.vhd:79]
WARNING: [Synth 8-6014] Unused sequential element Fourier_Multiply[1].bd_reg[1] was removed.  [C:/Users/John/Desktop/Honours_Project/VHDL_Modules/FFT.vhd:78]
WARNING: [Synth 8-6014] Unused sequential element Fourier_Multiply[1].ad_reg[1] was removed.  [C:/Users/John/Desktop/Honours_Project/VHDL_Modules/FFT.vhd:79]
WARNING: [Synth 8-6014] Unused sequential element Fourier_Multiply[2].bd_reg[2] was removed.  [C:/Users/John/Desktop/Honours_Project/VHDL_Modules/FFT.vhd:78]
WARNING: [Synth 8-6014] Unused sequential element Fourier_Multiply[2].ad_reg[2] was removed.  [C:/Users/John/Desktop/Honours_Project/VHDL_Modules/FFT.vhd:79]
WARNING: [Synth 8-6014] Unused sequential element Fourier_Multiply[3].bd_reg[3] was removed.  [C:/Users/John/Desktop/Honours_Project/VHDL_Modules/FFT.vhd:78]
WARNING: [Synth 8-6014] Unused sequential element Fourier_Multiply[3].ad_reg[3] was removed.  [C:/Users/John/Desktop/Honours_Project/VHDL_Modules/FFT.vhd:79]
WARNING: [Synth 8-6014] Unused sequential element Fourier_Multiply[4].bd_reg[4] was removed.  [C:/Users/John/Desktop/Honours_Project/VHDL_Modules/FFT.vhd:78]
WARNING: [Synth 8-6014] Unused sequential element Fourier_Multiply[4].ad_reg[4] was removed.  [C:/Users/John/Desktop/Honours_Project/VHDL_Modules/FFT.vhd:79]
WARNING: [Synth 8-6014] Unused sequential element Fourier_Multiply[5].bd_reg[5] was removed.  [C:/Users/John/Desktop/Honours_Project/VHDL_Modules/FFT.vhd:78]
WARNING: [Synth 8-6014] Unused sequential element Fourier_Multiply[5].ad_reg[5] was removed.  [C:/Users/John/Desktop/Honours_Project/VHDL_Modules/FFT.vhd:79]
WARNING: [Synth 8-6014] Unused sequential element Fourier_Multiply[6].bd_reg[6] was removed.  [C:/Users/John/Desktop/Honours_Project/VHDL_Modules/FFT.vhd:78]
WARNING: [Synth 8-6014] Unused sequential element Fourier_Multiply[6].ad_reg[6] was removed.  [C:/Users/John/Desktop/Honours_Project/VHDL_Modules/FFT.vhd:79]
WARNING: [Synth 8-6014] Unused sequential element Fourier_Multiply[7].bd_reg[7] was removed.  [C:/Users/John/Desktop/Honours_Project/VHDL_Modules/FFT.vhd:78]
WARNING: [Synth 8-6014] Unused sequential element Fourier_Multiply[7].ad_reg[7] was removed.  [C:/Users/John/Desktop/Honours_Project/VHDL_Modules/FFT.vhd:79]
WARNING: [Synth 8-6014] Unused sequential element Fourier_Multiply[8].bd_reg[8] was removed.  [C:/Users/John/Desktop/Honours_Project/VHDL_Modules/FFT.vhd:78]
WARNING: [Synth 8-6014] Unused sequential element Fourier_Multiply[8].ad_reg[8] was removed.  [C:/Users/John/Desktop/Honours_Project/VHDL_Modules/FFT.vhd:79]
WARNING: [Synth 8-6014] Unused sequential element Fourier_Multiply[9].bd_reg[9] was removed.  [C:/Users/John/Desktop/Honours_Project/VHDL_Modules/FFT.vhd:78]
WARNING: [Synth 8-6014] Unused sequential element Fourier_Multiply[9].ad_reg[9] was removed.  [C:/Users/John/Desktop/Honours_Project/VHDL_Modules/FFT.vhd:79]
WARNING: [Synth 8-6014] Unused sequential element Fourier_Multiply[10].bd_reg[10] was removed.  [C:/Users/John/Desktop/Honours_Project/VHDL_Modules/FFT.vhd:78]
WARNING: [Synth 8-6014] Unused sequential element Fourier_Multiply[10].ad_reg[10] was removed.  [C:/Users/John/Desktop/Honours_Project/VHDL_Modules/FFT.vhd:79]
WARNING: [Synth 8-6014] Unused sequential element Fourier_Multiply[11].bd_reg[11] was removed.  [C:/Users/John/Desktop/Honours_Project/VHDL_Modules/FFT.vhd:78]
WARNING: [Synth 8-6014] Unused sequential element Fourier_Multiply[11].ad_reg[11] was removed.  [C:/Users/John/Desktop/Honours_Project/VHDL_Modules/FFT.vhd:79]
WARNING: [Synth 8-6014] Unused sequential element Fourier_Multiply[12].bd_reg[12] was removed.  [C:/Users/John/Desktop/Honours_Project/VHDL_Modules/FFT.vhd:78]
WARNING: [Synth 8-6014] Unused sequential element Fourier_Multiply[12].ad_reg[12] was removed.  [C:/Users/John/Desktop/Honours_Project/VHDL_Modules/FFT.vhd:79]
WARNING: [Synth 8-6014] Unused sequential element Fourier_Multiply[13].bd_reg[13] was removed.  [C:/Users/John/Desktop/Honours_Project/VHDL_Modules/FFT.vhd:78]
WARNING: [Synth 8-6014] Unused sequential element Fourier_Multiply[13].ad_reg[13] was removed.  [C:/Users/John/Desktop/Honours_Project/VHDL_Modules/FFT.vhd:79]
WARNING: [Synth 8-6014] Unused sequential element Fourier_Multiply[14].bd_reg[14] was removed.  [C:/Users/John/Desktop/Honours_Project/VHDL_Modules/FFT.vhd:78]
WARNING: [Synth 8-6014] Unused sequential element Fourier_Multiply[14].ad_reg[14] was removed.  [C:/Users/John/Desktop/Honours_Project/VHDL_Modules/FFT.vhd:79]
WARNING: [Synth 8-6014] Unused sequential element Fourier_Multiply[15].bd_reg[15] was removed.  [C:/Users/John/Desktop/Honours_Project/VHDL_Modules/FFT.vhd:78]
WARNING: [Synth 8-6014] Unused sequential element Fourier_Multiply[15].ad_reg[15] was removed.  [C:/Users/John/Desktop/Honours_Project/VHDL_Modules/FFT.vhd:79]
WARNING: [Synth 8-6014] Unused sequential element Fourier_Multiply[16].bd_reg[16] was removed.  [C:/Users/John/Desktop/Honours_Project/VHDL_Modules/FFT.vhd:78]
WARNING: [Synth 8-6014] Unused sequential element Fourier_Multiply[16].ad_reg[16] was removed.  [C:/Users/John/Desktop/Honours_Project/VHDL_Modules/FFT.vhd:79]
WARNING: [Synth 8-6014] Unused sequential element Fourier_Multiply[17].bd_reg[17] was removed.  [C:/Users/John/Desktop/Honours_Project/VHDL_Modules/FFT.vhd:78]
WARNING: [Synth 8-6014] Unused sequential element Fourier_Multiply[17].ad_reg[17] was removed.  [C:/Users/John/Desktop/Honours_Project/VHDL_Modules/FFT.vhd:79]
WARNING: [Synth 8-6014] Unused sequential element Fourier_Multiply[18].bd_reg[18] was removed.  [C:/Users/John/Desktop/Honours_Project/VHDL_Modules/FFT.vhd:78]
WARNING: [Synth 8-6014] Unused sequential element Fourier_Multiply[18].ad_reg[18] was removed.  [C:/Users/John/Desktop/Honours_Project/VHDL_Modules/FFT.vhd:79]
WARNING: [Synth 8-6014] Unused sequential element Fourier_Multiply[19].bd_reg[19] was removed.  [C:/Users/John/Desktop/Honours_Project/VHDL_Modules/FFT.vhd:78]
WARNING: [Synth 8-6014] Unused sequential element Fourier_Multiply[19].ad_reg[19] was removed.  [C:/Users/John/Desktop/Honours_Project/VHDL_Modules/FFT.vhd:79]
WARNING: [Synth 8-6014] Unused sequential element Fourier_Multiply[20].bd_reg[20] was removed.  [C:/Users/John/Desktop/Honours_Project/VHDL_Modules/FFT.vhd:78]
WARNING: [Synth 8-6014] Unused sequential element Fourier_Multiply[20].ad_reg[20] was removed.  [C:/Users/John/Desktop/Honours_Project/VHDL_Modules/FFT.vhd:79]
WARNING: [Synth 8-6014] Unused sequential element Fourier_Multiply[21].bd_reg[21] was removed.  [C:/Users/John/Desktop/Honours_Project/VHDL_Modules/FFT.vhd:78]
WARNING: [Synth 8-6014] Unused sequential element Fourier_Multiply[21].ad_reg[21] was removed.  [C:/Users/John/Desktop/Honours_Project/VHDL_Modules/FFT.vhd:79]
WARNING: [Synth 8-6014] Unused sequential element Fourier_Multiply[22].bd_reg[22] was removed.  [C:/Users/John/Desktop/Honours_Project/VHDL_Modules/FFT.vhd:78]
WARNING: [Synth 8-6014] Unused sequential element Fourier_Multiply[22].ad_reg[22] was removed.  [C:/Users/John/Desktop/Honours_Project/VHDL_Modules/FFT.vhd:79]
WARNING: [Synth 8-6014] Unused sequential element Fourier_Multiply[23].bd_reg[23] was removed.  [C:/Users/John/Desktop/Honours_Project/VHDL_Modules/FFT.vhd:78]
WARNING: [Synth 8-6014] Unused sequential element Fourier_Multiply[23].ad_reg[23] was removed.  [C:/Users/John/Desktop/Honours_Project/VHDL_Modules/FFT.vhd:79]
WARNING: [Synth 8-6014] Unused sequential element Fourier_Multiply[24].bd_reg[24] was removed.  [C:/Users/John/Desktop/Honours_Project/VHDL_Modules/FFT.vhd:78]
WARNING: [Synth 8-6014] Unused sequential element Fourier_Multiply[24].ad_reg[24] was removed.  [C:/Users/John/Desktop/Honours_Project/VHDL_Modules/FFT.vhd:79]
WARNING: [Synth 8-6014] Unused sequential element Fourier_Multiply[25].bd_reg[25] was removed.  [C:/Users/John/Desktop/Honours_Project/VHDL_Modules/FFT.vhd:78]
WARNING: [Synth 8-6014] Unused sequential element Fourier_Multiply[25].ad_reg[25] was removed.  [C:/Users/John/Desktop/Honours_Project/VHDL_Modules/FFT.vhd:79]
WARNING: [Synth 8-6014] Unused sequential element Fourier_Multiply[26].bd_reg[26] was removed.  [C:/Users/John/Desktop/Honours_Project/VHDL_Modules/FFT.vhd:78]
WARNING: [Synth 8-6014] Unused sequential element Fourier_Multiply[26].ad_reg[26] was removed.  [C:/Users/John/Desktop/Honours_Project/VHDL_Modules/FFT.vhd:79]
WARNING: [Synth 8-6014] Unused sequential element Fourier_Multiply[27].bd_reg[27] was removed.  [C:/Users/John/Desktop/Honours_Project/VHDL_Modules/FFT.vhd:78]
WARNING: [Synth 8-6014] Unused sequential element Fourier_Multiply[27].ad_reg[27] was removed.  [C:/Users/John/Desktop/Honours_Project/VHDL_Modules/FFT.vhd:79]
WARNING: [Synth 8-6014] Unused sequential element Fourier_Multiply[28].bd_reg[28] was removed.  [C:/Users/John/Desktop/Honours_Project/VHDL_Modules/FFT.vhd:78]
WARNING: [Synth 8-6014] Unused sequential element Fourier_Multiply[28].ad_reg[28] was removed.  [C:/Users/John/Desktop/Honours_Project/VHDL_Modules/FFT.vhd:79]
WARNING: [Synth 8-6014] Unused sequential element Fourier_Multiply[29].bd_reg[29] was removed.  [C:/Users/John/Desktop/Honours_Project/VHDL_Modules/FFT.vhd:78]
WARNING: [Synth 8-6014] Unused sequential element Fourier_Multiply[29].ad_reg[29] was removed.  [C:/Users/John/Desktop/Honours_Project/VHDL_Modules/FFT.vhd:79]
WARNING: [Synth 8-6014] Unused sequential element Fourier_Multiply[30].bd_reg[30] was removed.  [C:/Users/John/Desktop/Honours_Project/VHDL_Modules/FFT.vhd:78]
WARNING: [Synth 8-6014] Unused sequential element Fourier_Multiply[30].ad_reg[30] was removed.  [C:/Users/John/Desktop/Honours_Project/VHDL_Modules/FFT.vhd:79]
WARNING: [Synth 8-6014] Unused sequential element Fourier_Multiply[31].bd_reg[31] was removed.  [C:/Users/John/Desktop/Honours_Project/VHDL_Modules/FFT.vhd:78]
WARNING: [Synth 8-6014] Unused sequential element Fourier_Multiply[31].ad_reg[31] was removed.  [C:/Users/John/Desktop/Honours_Project/VHDL_Modules/FFT.vhd:79]
WARNING: [Synth 8-6014] Unused sequential element Fourier_Multiply[32].bd_reg[32] was removed.  [C:/Users/John/Desktop/Honours_Project/VHDL_Modules/FFT.vhd:78]
WARNING: [Synth 8-6014] Unused sequential element Fourier_Multiply[32].ad_reg[32] was removed.  [C:/Users/John/Desktop/Honours_Project/VHDL_Modules/FFT.vhd:79]
WARNING: [Synth 8-6014] Unused sequential element Fourier_Multiply[33].bd_reg[33] was removed.  [C:/Users/John/Desktop/Honours_Project/VHDL_Modules/FFT.vhd:78]
WARNING: [Synth 8-6014] Unused sequential element Fourier_Multiply[33].ad_reg[33] was removed.  [C:/Users/John/Desktop/Honours_Project/VHDL_Modules/FFT.vhd:79]
WARNING: [Synth 8-6014] Unused sequential element Fourier_Multiply[34].bd_reg[34] was removed.  [C:/Users/John/Desktop/Honours_Project/VHDL_Modules/FFT.vhd:78]
WARNING: [Synth 8-6014] Unused sequential element Fourier_Multiply[34].ad_reg[34] was removed.  [C:/Users/John/Desktop/Honours_Project/VHDL_Modules/FFT.vhd:79]
WARNING: [Synth 8-6014] Unused sequential element Fourier_Multiply[35].bd_reg[35] was removed.  [C:/Users/John/Desktop/Honours_Project/VHDL_Modules/FFT.vhd:78]
WARNING: [Synth 8-6014] Unused sequential element Fourier_Multiply[35].ad_reg[35] was removed.  [C:/Users/John/Desktop/Honours_Project/VHDL_Modules/FFT.vhd:79]
WARNING: [Synth 8-6014] Unused sequential element Fourier_Multiply[36].bd_reg[36] was removed.  [C:/Users/John/Desktop/Honours_Project/VHDL_Modules/FFT.vhd:78]
WARNING: [Synth 8-6014] Unused sequential element Fourier_Multiply[36].ad_reg[36] was removed.  [C:/Users/John/Desktop/Honours_Project/VHDL_Modules/FFT.vhd:79]
WARNING: [Synth 8-6014] Unused sequential element Fourier_Multiply[37].bd_reg[37] was removed.  [C:/Users/John/Desktop/Honours_Project/VHDL_Modules/FFT.vhd:78]
WARNING: [Synth 8-6014] Unused sequential element Fourier_Multiply[37].ad_reg[37] was removed.  [C:/Users/John/Desktop/Honours_Project/VHDL_Modules/FFT.vhd:79]
WARNING: [Synth 8-6014] Unused sequential element Fourier_Multiply[38].bd_reg[38] was removed.  [C:/Users/John/Desktop/Honours_Project/VHDL_Modules/FFT.vhd:78]
WARNING: [Synth 8-6014] Unused sequential element Fourier_Multiply[38].ad_reg[38] was removed.  [C:/Users/John/Desktop/Honours_Project/VHDL_Modules/FFT.vhd:79]
WARNING: [Synth 8-6014] Unused sequential element Fourier_Multiply[39].bd_reg[39] was removed.  [C:/Users/John/Desktop/Honours_Project/VHDL_Modules/FFT.vhd:78]
WARNING: [Synth 8-6014] Unused sequential element Fourier_Multiply[39].ad_reg[39] was removed.  [C:/Users/John/Desktop/Honours_Project/VHDL_Modules/FFT.vhd:79]
WARNING: [Synth 8-6014] Unused sequential element Fourier_Multiply[40].bd_reg[40] was removed.  [C:/Users/John/Desktop/Honours_Project/VHDL_Modules/FFT.vhd:78]
WARNING: [Synth 8-6014] Unused sequential element Fourier_Multiply[40].ad_reg[40] was removed.  [C:/Users/John/Desktop/Honours_Project/VHDL_Modules/FFT.vhd:79]
WARNING: [Synth 8-6014] Unused sequential element Fourier_Multiply[41].bd_reg[41] was removed.  [C:/Users/John/Desktop/Honours_Project/VHDL_Modules/FFT.vhd:78]
WARNING: [Synth 8-6014] Unused sequential element Fourier_Multiply[41].ad_reg[41] was removed.  [C:/Users/John/Desktop/Honours_Project/VHDL_Modules/FFT.vhd:79]
WARNING: [Synth 8-6014] Unused sequential element Fourier_Multiply[42].bd_reg[42] was removed.  [C:/Users/John/Desktop/Honours_Project/VHDL_Modules/FFT.vhd:78]
WARNING: [Synth 8-6014] Unused sequential element Fourier_Multiply[42].ad_reg[42] was removed.  [C:/Users/John/Desktop/Honours_Project/VHDL_Modules/FFT.vhd:79]
WARNING: [Synth 8-6014] Unused sequential element Fourier_Multiply[86].ac_reg[86] was removed.  [C:/Users/John/Desktop/Honours_Project/VHDL_Modules/FFT.vhd:77]
WARNING: [Synth 8-6014] Unused sequential element Fourier_Multiply[86].bc_reg[86] was removed.  [C:/Users/John/Desktop/Honours_Project/VHDL_Modules/FFT.vhd:80]
WARNING: [Synth 8-6014] Unused sequential element Fourier_Multiply[87].ac_reg[87] was removed.  [C:/Users/John/Desktop/Honours_Project/VHDL_Modules/FFT.vhd:77]
WARNING: [Synth 8-6014] Unused sequential element Fourier_Multiply[87].bc_reg[87] was removed.  [C:/Users/John/Desktop/Honours_Project/VHDL_Modules/FFT.vhd:80]
WARNING: [Synth 8-6014] Unused sequential element Fourier_Multiply[88].ac_reg[88] was removed.  [C:/Users/John/Desktop/Honours_Project/VHDL_Modules/FFT.vhd:77]
WARNING: [Synth 8-6014] Unused sequential element Fourier_Multiply[88].bc_reg[88] was removed.  [C:/Users/John/Desktop/Honours_Project/VHDL_Modules/FFT.vhd:80]
WARNING: [Synth 8-6014] Unused sequential element Fourier_Multiply[89].ac_reg[89] was removed.  [C:/Users/John/Desktop/Honours_Project/VHDL_Modules/FFT.vhd:77]
WARNING: [Synth 8-6014] Unused sequential element Fourier_Multiply[89].bc_reg[89] was removed.  [C:/Users/John/Desktop/Honours_Project/VHDL_Modules/FFT.vhd:80]
WARNING: [Synth 8-6014] Unused sequential element Fourier_Multiply[90].ac_reg[90] was removed.  [C:/Users/John/Desktop/Honours_Project/VHDL_Modules/FFT.vhd:77]
WARNING: [Synth 8-6014] Unused sequential element Fourier_Multiply[90].bc_reg[90] was removed.  [C:/Users/John/Desktop/Honours_Project/VHDL_Modules/FFT.vhd:80]
WARNING: [Synth 8-6014] Unused sequential element Fourier_Multiply[91].ac_reg[91] was removed.  [C:/Users/John/Desktop/Honours_Project/VHDL_Modules/FFT.vhd:77]
WARNING: [Synth 8-6014] Unused sequential element Fourier_Multiply[91].bc_reg[91] was removed.  [C:/Users/John/Desktop/Honours_Project/VHDL_Modules/FFT.vhd:80]
WARNING: [Synth 8-6014] Unused sequential element Fourier_Multiply[92].ac_reg[92] was removed.  [C:/Users/John/Desktop/Honours_Project/VHDL_Modules/FFT.vhd:77]
WARNING: [Synth 8-6014] Unused sequential element Fourier_Multiply[92].bc_reg[92] was removed.  [C:/Users/John/Desktop/Honours_Project/VHDL_Modules/FFT.vhd:80]
WARNING: [Synth 8-6014] Unused sequential element Fourier_Multiply[93].ac_reg[93] was removed.  [C:/Users/John/Desktop/Honours_Project/VHDL_Modules/FFT.vhd:77]
INFO: [Common 17-14] Message 'Synth 8-6014' appears 100 times and further instances of the messages will be disabled. Use the Tcl command set_msg_config to change the current settings.
WARNING: [Synth 8-3936] Found unconnected internal register 'Fourier_Multiply[511].Temp_Fourier_Reals_reg[511]' and it is trimmed from '28' to '14' bits. [C:/Users/John/Desktop/Honours_Project/VHDL_Modules/FFT.vhd:81]
WARNING: [Synth 8-3936] Found unconnected internal register 'Fourier_Multiply[511].ac_reg[511]' and it is trimmed from '28' to '14' bits. [C:/Users/John/Desktop/Honours_Project/VHDL_Modules/FFT.vhd:77]
WARNING: [Synth 8-3936] Found unconnected internal register 'Fourier_Multiply[510].Temp_Fourier_Reals_reg[510]' and it is trimmed from '28' to '14' bits. [C:/Users/John/Desktop/Honours_Project/VHDL_Modules/FFT.vhd:81]
WARNING: [Synth 8-3936] Found unconnected internal register 'Fourier_Multiply[510].ac_reg[510]' and it is trimmed from '28' to '14' bits. [C:/Users/John/Desktop/Honours_Project/VHDL_Modules/FFT.vhd:77]
WARNING: [Synth 8-3936] Found unconnected internal register 'Fourier_Multiply[509].Temp_Fourier_Reals_reg[509]' and it is trimmed from '28' to '14' bits. [C:/Users/John/Desktop/Honours_Project/VHDL_Modules/FFT.vhd:81]
WARNING: [Synth 8-3936] Found unconnected internal register 'Fourier_Multiply[509].ac_reg[509]' and it is trimmed from '28' to '14' bits. [C:/Users/John/Desktop/Honours_Project/VHDL_Modules/FFT.vhd:77]
WARNING: [Synth 8-3936] Found unconnected internal register 'Fourier_Multiply[508].Temp_Fourier_Reals_reg[508]' and it is trimmed from '28' to '14' bits. [C:/Users/John/Desktop/Honours_Project/VHDL_Modules/FFT.vhd:81]
WARNING: [Synth 8-3936] Found unconnected internal register 'Fourier_Multiply[508].ac_reg[508]' and it is trimmed from '28' to '14' bits. [C:/Users/John/Desktop/Honours_Project/VHDL_Modules/FFT.vhd:77]
WARNING: [Synth 8-3936] Found unconnected internal register 'Fourier_Multiply[507].Temp_Fourier_Reals_reg[507]' and it is trimmed from '28' to '14' bits. [C:/Users/John/Desktop/Honours_Project/VHDL_Modules/FFT.vhd:81]
WARNING: [Synth 8-3936] Found unconnected internal register 'Fourier_Multiply[507].ac_reg[507]' and it is trimmed from '28' to '14' bits. [C:/Users/John/Desktop/Honours_Project/VHDL_Modules/FFT.vhd:77]
WARNING: [Synth 8-3936] Found unconnected internal register 'Fourier_Multiply[506].Temp_Fourier_Reals_reg[506]' and it is trimmed from '28' to '14' bits. [C:/Users/John/Desktop/Honours_Project/VHDL_Modules/FFT.vhd:81]
WARNING: [Synth 8-3936] Found unconnected internal register 'Fourier_Multiply[506].ac_reg[506]' and it is trimmed from '28' to '14' bits. [C:/Users/John/Desktop/Honours_Project/VHDL_Modules/FFT.vhd:77]
WARNING: [Synth 8-3936] Found unconnected internal register 'Fourier_Multiply[505].Temp_Fourier_Reals_reg[505]' and it is trimmed from '28' to '14' bits. [C:/Users/John/Desktop/Honours_Project/VHDL_Modules/FFT.vhd:81]
WARNING: [Synth 8-3936] Found unconnected internal register 'Fourier_Multiply[505].ac_reg[505]' and it is trimmed from '28' to '14' bits. [C:/Users/John/Desktop/Honours_Project/VHDL_Modules/FFT.vhd:77]
WARNING: [Synth 8-3936] Found unconnected internal register 'Fourier_Multiply[504].Temp_Fourier_Reals_reg[504]' and it is trimmed from '28' to '14' bits. [C:/Users/John/Desktop/Honours_Project/VHDL_Modules/FFT.vhd:81]
WARNING: [Synth 8-3936] Found unconnected internal register 'Fourier_Multiply[504].ac_reg[504]' and it is trimmed from '28' to '14' bits. [C:/Users/John/Desktop/Honours_Project/VHDL_Modules/FFT.vhd:77]
WARNING: [Synth 8-3936] Found unconnected internal register 'Fourier_Multiply[503].Temp_Fourier_Reals_reg[503]' and it is trimmed from '28' to '14' bits. [C:/Users/John/Desktop/Honours_Project/VHDL_Modules/FFT.vhd:81]
WARNING: [Synth 8-3936] Found unconnected internal register 'Fourier_Multiply[503].ac_reg[503]' and it is trimmed from '28' to '14' bits. [C:/Users/John/Desktop/Honours_Project/VHDL_Modules/FFT.vhd:77]
WARNING: [Synth 8-3936] Found unconnected internal register 'Fourier_Multiply[502].Temp_Fourier_Reals_reg[502]' and it is trimmed from '28' to '14' bits. [C:/Users/John/Desktop/Honours_Project/VHDL_Modules/FFT.vhd:81]
WARNING: [Synth 8-3936] Found unconnected internal register 'Fourier_Multiply[502].ac_reg[502]' and it is trimmed from '28' to '14' bits. [C:/Users/John/Desktop/Honours_Project/VHDL_Modules/FFT.vhd:77]
WARNING: [Synth 8-3936] Found unconnected internal register 'Fourier_Multiply[501].Temp_Fourier_Reals_reg[501]' and it is trimmed from '28' to '14' bits. [C:/Users/John/Desktop/Honours_Project/VHDL_Modules/FFT.vhd:81]
WARNING: [Synth 8-3936] Found unconnected internal register 'Fourier_Multiply[501].ac_reg[501]' and it is trimmed from '28' to '14' bits. [C:/Users/John/Desktop/Honours_Project/VHDL_Modules/FFT.vhd:77]
WARNING: [Synth 8-3936] Found unconnected internal register 'Fourier_Multiply[500].Temp_Fourier_Reals_reg[500]' and it is trimmed from '28' to '14' bits. [C:/Users/John/Desktop/Honours_Project/VHDL_Modules/FFT.vhd:81]
WARNING: [Synth 8-3936] Found unconnected internal register 'Fourier_Multiply[500].ac_reg[500]' and it is trimmed from '28' to '14' bits. [C:/Users/John/Desktop/Honours_Project/VHDL_Modules/FFT.vhd:77]
WARNING: [Synth 8-3936] Found unconnected internal register 'Fourier_Multiply[499].Temp_Fourier_Reals_reg[499]' and it is trimmed from '28' to '14' bits. [C:/Users/John/Desktop/Honours_Project/VHDL_Modules/FFT.vhd:81]
WARNING: [Synth 8-3936] Found unconnected internal register 'Fourier_Multiply[499].ac_reg[499]' and it is trimmed from '28' to '14' bits. [C:/Users/John/Desktop/Honours_Project/VHDL_Modules/FFT.vhd:77]
WARNING: [Synth 8-3936] Found unconnected internal register 'Fourier_Multiply[498].Temp_Fourier_Reals_reg[498]' and it is trimmed from '28' to '14' bits. [C:/Users/John/Desktop/Honours_Project/VHDL_Modules/FFT.vhd:81]
WARNING: [Synth 8-3936] Found unconnected internal register 'Fourier_Multiply[498].ac_reg[498]' and it is trimmed from '28' to '14' bits. [C:/Users/John/Desktop/Honours_Project/VHDL_Modules/FFT.vhd:77]
WARNING: [Synth 8-3936] Found unconnected internal register 'Fourier_Multiply[497].Temp_Fourier_Reals_reg[497]' and it is trimmed from '28' to '14' bits. [C:/Users/John/Desktop/Honours_Project/VHDL_Modules/FFT.vhd:81]
WARNING: [Synth 8-3936] Found unconnected internal register 'Fourier_Multiply[497].ac_reg[497]' and it is trimmed from '28' to '14' bits. [C:/Users/John/Desktop/Honours_Project/VHDL_Modules/FFT.vhd:77]
WARNING: [Synth 8-3936] Found unconnected internal register 'Fourier_Multiply[496].Temp_Fourier_Reals_reg[496]' and it is trimmed from '28' to '14' bits. [C:/Users/John/Desktop/Honours_Project/VHDL_Modules/FFT.vhd:81]
WARNING: [Synth 8-3936] Found unconnected internal register 'Fourier_Multiply[496].ac_reg[496]' and it is trimmed from '28' to '14' bits. [C:/Users/John/Desktop/Honours_Project/VHDL_Modules/FFT.vhd:77]
WARNING: [Synth 8-3936] Found unconnected internal register 'Fourier_Multiply[495].Temp_Fourier_Reals_reg[495]' and it is trimmed from '28' to '14' bits. [C:/Users/John/Desktop/Honours_Project/VHDL_Modules/FFT.vhd:81]
WARNING: [Synth 8-3936] Found unconnected internal register 'Fourier_Multiply[495].ac_reg[495]' and it is trimmed from '28' to '14' bits. [C:/Users/John/Desktop/Honours_Project/VHDL_Modules/FFT.vhd:77]
WARNING: [Synth 8-3936] Found unconnected internal register 'Fourier_Multiply[494].Temp_Fourier_Reals_reg[494]' and it is trimmed from '28' to '14' bits. [C:/Users/John/Desktop/Honours_Project/VHDL_Modules/FFT.vhd:81]
WARNING: [Synth 8-3936] Found unconnected internal register 'Fourier_Multiply[494].ac_reg[494]' and it is trimmed from '28' to '14' bits. [C:/Users/John/Desktop/Honours_Project/VHDL_Modules/FFT.vhd:77]
WARNING: [Synth 8-3936] Found unconnected internal register 'Fourier_Multiply[493].Temp_Fourier_Reals_reg[493]' and it is trimmed from '28' to '14' bits. [C:/Users/John/Desktop/Honours_Project/VHDL_Modules/FFT.vhd:81]
WARNING: [Synth 8-3936] Found unconnected internal register 'Fourier_Multiply[493].ac_reg[493]' and it is trimmed from '28' to '14' bits. [C:/Users/John/Desktop/Honours_Project/VHDL_Modules/FFT.vhd:77]
WARNING: [Synth 8-3936] Found unconnected internal register 'Fourier_Multiply[492].Temp_Fourier_Reals_reg[492]' and it is trimmed from '28' to '14' bits. [C:/Users/John/Desktop/Honours_Project/VHDL_Modules/FFT.vhd:81]
WARNING: [Synth 8-3936] Found unconnected internal register 'Fourier_Multiply[492].ac_reg[492]' and it is trimmed from '28' to '14' bits. [C:/Users/John/Desktop/Honours_Project/VHDL_Modules/FFT.vhd:77]
WARNING: [Synth 8-3936] Found unconnected internal register 'Fourier_Multiply[491].Temp_Fourier_Reals_reg[491]' and it is trimmed from '28' to '14' bits. [C:/Users/John/Desktop/Honours_Project/VHDL_Modules/FFT.vhd:81]
WARNING: [Synth 8-3936] Found unconnected internal register 'Fourier_Multiply[491].ac_reg[491]' and it is trimmed from '28' to '14' bits. [C:/Users/John/Desktop/Honours_Project/VHDL_Modules/FFT.vhd:77]
WARNING: [Synth 8-3936] Found unconnected internal register 'Fourier_Multiply[490].Temp_Fourier_Reals_reg[490]' and it is trimmed from '28' to '14' bits. [C:/Users/John/Desktop/Honours_Project/VHDL_Modules/FFT.vhd:81]
WARNING: [Synth 8-3936] Found unconnected internal register 'Fourier_Multiply[490].ac_reg[490]' and it is trimmed from '28' to '14' bits. [C:/Users/John/Desktop/Honours_Project/VHDL_Modules/FFT.vhd:77]
WARNING: [Synth 8-3936] Found unconnected internal register 'Fourier_Multiply[489].Temp_Fourier_Reals_reg[489]' and it is trimmed from '28' to '14' bits. [C:/Users/John/Desktop/Honours_Project/VHDL_Modules/FFT.vhd:81]
WARNING: [Synth 8-3936] Found unconnected internal register 'Fourier_Multiply[489].ac_reg[489]' and it is trimmed from '28' to '14' bits. [C:/Users/John/Desktop/Honours_Project/VHDL_Modules/FFT.vhd:77]
WARNING: [Synth 8-3936] Found unconnected internal register 'Fourier_Multiply[488].Temp_Fourier_Reals_reg[488]' and it is trimmed from '28' to '14' bits. [C:/Users/John/Desktop/Honours_Project/VHDL_Modules/FFT.vhd:81]
WARNING: [Synth 8-3936] Found unconnected internal register 'Fourier_Multiply[488].ac_reg[488]' and it is trimmed from '28' to '14' bits. [C:/Users/John/Desktop/Honours_Project/VHDL_Modules/FFT.vhd:77]
WARNING: [Synth 8-3936] Found unconnected internal register 'Fourier_Multiply[487].Temp_Fourier_Reals_reg[487]' and it is trimmed from '28' to '14' bits. [C:/Users/John/Desktop/Honours_Project/VHDL_Modules/FFT.vhd:81]
WARNING: [Synth 8-3936] Found unconnected internal register 'Fourier_Multiply[487].ac_reg[487]' and it is trimmed from '28' to '14' bits. [C:/Users/John/Desktop/Honours_Project/VHDL_Modules/FFT.vhd:77]
WARNING: [Synth 8-3936] Found unconnected internal register 'Fourier_Multiply[486].Temp_Fourier_Reals_reg[486]' and it is trimmed from '28' to '14' bits. [C:/Users/John/Desktop/Honours_Project/VHDL_Modules/FFT.vhd:81]
WARNING: [Synth 8-3936] Found unconnected internal register 'Fourier_Multiply[486].ac_reg[486]' and it is trimmed from '28' to '14' bits. [C:/Users/John/Desktop/Honours_Project/VHDL_Modules/FFT.vhd:77]
WARNING: [Synth 8-3936] Found unconnected internal register 'Fourier_Multiply[485].Temp_Fourier_Reals_reg[485]' and it is trimmed from '28' to '14' bits. [C:/Users/John/Desktop/Honours_Project/VHDL_Modules/FFT.vhd:81]
WARNING: [Synth 8-3936] Found unconnected internal register 'Fourier_Multiply[485].ac_reg[485]' and it is trimmed from '28' to '14' bits. [C:/Users/John/Desktop/Honours_Project/VHDL_Modules/FFT.vhd:77]
WARNING: [Synth 8-3936] Found unconnected internal register 'Fourier_Multiply[484].Temp_Fourier_Reals_reg[484]' and it is trimmed from '28' to '14' bits. [C:/Users/John/Desktop/Honours_Project/VHDL_Modules/FFT.vhd:81]
WARNING: [Synth 8-3936] Found unconnected internal register 'Fourier_Multiply[484].ac_reg[484]' and it is trimmed from '28' to '14' bits. [C:/Users/John/Desktop/Honours_Project/VHDL_Modules/FFT.vhd:77]
WARNING: [Synth 8-3936] Found unconnected internal register 'Fourier_Multiply[483].Temp_Fourier_Reals_reg[483]' and it is trimmed from '28' to '14' bits. [C:/Users/John/Desktop/Honours_Project/VHDL_Modules/FFT.vhd:81]
WARNING: [Synth 8-3936] Found unconnected internal register 'Fourier_Multiply[483].ac_reg[483]' and it is trimmed from '28' to '14' bits. [C:/Users/John/Desktop/Honours_Project/VHDL_Modules/FFT.vhd:77]
WARNING: [Synth 8-3936] Found unconnected internal register 'Fourier_Multiply[482].Temp_Fourier_Reals_reg[482]' and it is trimmed from '28' to '14' bits. [C:/Users/John/Desktop/Honours_Project/VHDL_Modules/FFT.vhd:81]
WARNING: [Synth 8-3936] Found unconnected internal register 'Fourier_Multiply[482].ac_reg[482]' and it is trimmed from '28' to '14' bits. [C:/Users/John/Desktop/Honours_Project/VHDL_Modules/FFT.vhd:77]
WARNING: [Synth 8-3936] Found unconnected internal register 'Fourier_Multiply[481].Temp_Fourier_Reals_reg[481]' and it is trimmed from '28' to '14' bits. [C:/Users/John/Desktop/Honours_Project/VHDL_Modules/FFT.vhd:81]
WARNING: [Synth 8-3936] Found unconnected internal register 'Fourier_Multiply[481].ac_reg[481]' and it is trimmed from '28' to '14' bits. [C:/Users/John/Desktop/Honours_Project/VHDL_Modules/FFT.vhd:77]
WARNING: [Synth 8-3936] Found unconnected internal register 'Fourier_Multiply[480].Temp_Fourier_Reals_reg[480]' and it is trimmed from '28' to '14' bits. [C:/Users/John/Desktop/Honours_Project/VHDL_Modules/FFT.vhd:81]
WARNING: [Synth 8-3936] Found unconnected internal register 'Fourier_Multiply[480].ac_reg[480]' and it is trimmed from '28' to '14' bits. [C:/Users/John/Desktop/Honours_Project/VHDL_Modules/FFT.vhd:77]
WARNING: [Synth 8-3936] Found unconnected internal register 'Fourier_Multiply[479].Temp_Fourier_Reals_reg[479]' and it is trimmed from '28' to '14' bits. [C:/Users/John/Desktop/Honours_Project/VHDL_Modules/FFT.vhd:81]
WARNING: [Synth 8-3936] Found unconnected internal register 'Fourier_Multiply[479].ac_reg[479]' and it is trimmed from '28' to '14' bits. [C:/Users/John/Desktop/Honours_Project/VHDL_Modules/FFT.vhd:77]
WARNING: [Synth 8-3936] Found unconnected internal register 'Fourier_Multiply[478].Temp_Fourier_Reals_reg[478]' and it is trimmed from '28' to '14' bits. [C:/Users/John/Desktop/Honours_Project/VHDL_Modules/FFT.vhd:81]
WARNING: [Synth 8-3936] Found unconnected internal register 'Fourier_Multiply[478].ac_reg[478]' and it is trimmed from '28' to '14' bits. [C:/Users/John/Desktop/Honours_Project/VHDL_Modules/FFT.vhd:77]
WARNING: [Synth 8-3936] Found unconnected internal register 'Fourier_Multiply[477].Temp_Fourier_Reals_reg[477]' and it is trimmed from '28' to '14' bits. [C:/Users/John/Desktop/Honours_Project/VHDL_Modules/FFT.vhd:81]
WARNING: [Synth 8-3936] Found unconnected internal register 'Fourier_Multiply[477].ac_reg[477]' and it is trimmed from '28' to '14' bits. [C:/Users/John/Desktop/Honours_Project/VHDL_Modules/FFT.vhd:77]
WARNING: [Synth 8-3936] Found unconnected internal register 'Fourier_Multiply[476].Temp_Fourier_Reals_reg[476]' and it is trimmed from '28' to '14' bits. [C:/Users/John/Desktop/Honours_Project/VHDL_Modules/FFT.vhd:81]
WARNING: [Synth 8-3936] Found unconnected internal register 'Fourier_Multiply[476].ac_reg[476]' and it is trimmed from '28' to '14' bits. [C:/Users/John/Desktop/Honours_Project/VHDL_Modules/FFT.vhd:77]
WARNING: [Synth 8-3936] Found unconnected internal register 'Fourier_Multiply[475].Temp_Fourier_Reals_reg[475]' and it is trimmed from '28' to '14' bits. [C:/Users/John/Desktop/Honours_Project/VHDL_Modules/FFT.vhd:81]
WARNING: [Synth 8-3936] Found unconnected internal register 'Fourier_Multiply[475].ac_reg[475]' and it is trimmed from '28' to '14' bits. [C:/Users/John/Desktop/Honours_Project/VHDL_Modules/FFT.vhd:77]
WARNING: [Synth 8-3936] Found unconnected internal register 'Fourier_Multiply[474].Temp_Fourier_Reals_reg[474]' and it is trimmed from '28' to '14' bits. [C:/Users/John/Desktop/Honours_Project/VHDL_Modules/FFT.vhd:81]
WARNING: [Synth 8-3936] Found unconnected internal register 'Fourier_Multiply[474].ac_reg[474]' and it is trimmed from '28' to '14' bits. [C:/Users/John/Desktop/Honours_Project/VHDL_Modules/FFT.vhd:77]
WARNING: [Synth 8-3936] Found unconnected internal register 'Fourier_Multiply[473].Temp_Fourier_Reals_reg[473]' and it is trimmed from '28' to '14' bits. [C:/Users/John/Desktop/Honours_Project/VHDL_Modules/FFT.vhd:81]
WARNING: [Synth 8-3936] Found unconnected internal register 'Fourier_Multiply[473].ac_reg[473]' and it is trimmed from '28' to '14' bits. [C:/Users/John/Desktop/Honours_Project/VHDL_Modules/FFT.vhd:77]
WARNING: [Synth 8-3936] Found unconnected internal register 'Fourier_Multiply[472].Temp_Fourier_Reals_reg[472]' and it is trimmed from '28' to '14' bits. [C:/Users/John/Desktop/Honours_Project/VHDL_Modules/FFT.vhd:81]
WARNING: [Synth 8-3936] Found unconnected internal register 'Fourier_Multiply[472].ac_reg[472]' and it is trimmed from '28' to '14' bits. [C:/Users/John/Desktop/Honours_Project/VHDL_Modules/FFT.vhd:77]
WARNING: [Synth 8-3936] Found unconnected internal register 'Fourier_Multiply[471].Temp_Fourier_Reals_reg[471]' and it is trimmed from '28' to '14' bits. [C:/Users/John/Desktop/Honours_Project/VHDL_Modules/FFT.vhd:81]
WARNING: [Synth 8-3936] Found unconnected internal register 'Fourier_Multiply[471].ac_reg[471]' and it is trimmed from '28' to '14' bits. [C:/Users/John/Desktop/Honours_Project/VHDL_Modules/FFT.vhd:77]
WARNING: [Synth 8-3936] Found unconnected internal register 'Fourier_Multiply[470].Temp_Fourier_Reals_reg[470]' and it is trimmed from '28' to '14' bits. [C:/Users/John/Desktop/Honours_Project/VHDL_Modules/FFT.vhd:81]
WARNING: [Synth 8-3936] Found unconnected internal register 'Fourier_Multiply[470].ac_reg[470]' and it is trimmed from '28' to '14' bits. [C:/Users/John/Desktop/Honours_Project/VHDL_Modules/FFT.vhd:77]
WARNING: [Synth 8-3936] Found unconnected internal register 'Fourier_Multiply[469].Temp_Fourier_Reals_reg[469]' and it is trimmed from '28' to '14' bits. [C:/Users/John/Desktop/Honours_Project/VHDL_Modules/FFT.vhd:81]
WARNING: [Synth 8-3936] Found unconnected internal register 'Fourier_Multiply[469].bd_reg[469]' and it is trimmed from '28' to '14' bits. [C:/Users/John/Desktop/Honours_Project/VHDL_Modules/FFT.vhd:78]
WARNING: [Synth 8-3936] Found unconnected internal register 'Fourier_Multiply[469].Temp_Fourier_Imags_reg[469]' and it is trimmed from '28' to '14' bits. [C:/Users/John/Desktop/Honours_Project/VHDL_Modules/FFT.vhd:82]
WARNING: [Synth 8-3936] Found unconnected internal register 'Fourier_Multiply[469].ad_reg[469]' and it is trimmed from '28' to '14' bits. [C:/Users/John/Desktop/Honours_Project/VHDL_Modules/FFT.vhd:79]
WARNING: [Synth 8-3936] Found unconnected internal register 'Fourier_Multiply[469].ac_reg[469]' and it is trimmed from '28' to '14' bits. [C:/Users/John/Desktop/Honours_Project/VHDL_Modules/FFT.vhd:77]
WARNING: [Synth 8-3936] Found unconnected internal register 'Fourier_Multiply[468].Temp_Fourier_Reals_reg[468]' and it is trimmed from '28' to '14' bits. [C:/Users/John/Desktop/Honours_Project/VHDL_Modules/FFT.vhd:81]
WARNING: [Synth 8-3936] Found unconnected internal register 'Fourier_Multiply[468].bd_reg[468]' and it is trimmed from '28' to '14' bits. [C:/Users/John/Desktop/Honours_Project/VHDL_Modules/FFT.vhd:78]
WARNING: [Synth 8-3936] Found unconnected internal register 'Fourier_Multiply[468].Temp_Fourier_Imags_reg[468]' and it is trimmed from '28' to '14' bits. [C:/Users/John/Desktop/Honours_Project/VHDL_Modules/FFT.vhd:82]
WARNING: [Synth 8-3936] Found unconnected internal register 'Fourier_Multiply[468].ad_reg[468]' and it is trimmed from '28' to '14' bits. [C:/Users/John/Desktop/Honours_Project/VHDL_Modules/FFT.vhd:79]
WARNING: [Synth 8-3936] Found unconnected internal register 'Fourier_Multiply[468].ac_reg[468]' and it is trimmed from '28' to '14' bits. [C:/Users/John/Desktop/Honours_Project/VHDL_Modules/FFT.vhd:77]
WARNING: [Synth 8-3936] Found unconnected internal register 'Fourier_Multiply[467].Temp_Fourier_Reals_reg[467]' and it is trimmed from '28' to '14' bits. [C:/Users/John/Desktop/Honours_Project/VHDL_Modules/FFT.vhd:81]
WARNING: [Synth 8-3936] Found unconnected internal register 'Fourier_Multiply[467].bd_reg[467]' and it is trimmed from '28' to '14' bits. [C:/Users/John/Desktop/Honours_Project/VHDL_Modules/FFT.vhd:78]
WARNING: [Synth 8-3936] Found unconnected internal register 'Fourier_Multiply[467].Temp_Fourier_Imags_reg[467]' and it is trimmed from '28' to '14' bits. [C:/Users/John/Desktop/Honours_Project/VHDL_Modules/FFT.vhd:82]
WARNING: [Synth 8-3936] Found unconnected internal register 'Fourier_Multiply[467].ad_reg[467]' and it is trimmed from '28' to '14' bits. [C:/Users/John/Desktop/Honours_Project/VHDL_Modules/FFT.vhd:79]
WARNING: [Synth 8-3936] Found unconnected internal register 'Fourier_Multiply[467].ac_reg[467]' and it is trimmed from '28' to '14' bits. [C:/Users/John/Desktop/Honours_Project/VHDL_Modules/FFT.vhd:77]
WARNING: [Synth 8-3936] Found unconnected internal register 'Fourier_Multiply[466].Temp_Fourier_Reals_reg[466]' and it is trimmed from '28' to '14' bits. [C:/Users/John/Desktop/Honours_Project/VHDL_Modules/FFT.vhd:81]
INFO: [Common 17-14] Message 'Synth 8-3936' appears 100 times and further instances of the messages will be disabled. Use the Tcl command set_msg_config to change the current settings.
WARNING: [Synth 8-3848] Net Fourier_Real in module/entity Custom_System does not have driver. [C:/Users/John/Desktop/Honours_Project/VHDL_Modules/Main.vhd:21]
WARNING: [Synth 8-3848] Net Fourier_Imag in module/entity Custom_System does not have driver. [C:/Users/John/Desktop/Honours_Project/VHDL_Modules/Main.vhd:22]
WARNING: [Synth 8-7129] Port Input8[13] in module Octal_Multiplexer is either unconnected or has no load
WARNING: [Synth 8-7129] Port Input8[12] in module Octal_Multiplexer is either unconnected or has no load
WARNING: [Synth 8-7129] Port Input8[11] in module Octal_Multiplexer is either unconnected or has no load
WARNING: [Synth 8-7129] Port Input8[10] in module Octal_Multiplexer is either unconnected or has no load
WARNING: [Synth 8-7129] Port Input8[9] in module Octal_Multiplexer is either unconnected or has no load
WARNING: [Synth 8-7129] Port Input8[8] in module Octal_Multiplexer is either unconnected or has no load
WARNING: [Synth 8-7129] Port Input8[7] in module Octal_Multiplexer is either unconnected or has no load
WARNING: [Synth 8-7129] Port Input8[6] in module Octal_Multiplexer is either unconnected or has no load
WARNING: [Synth 8-7129] Port Input8[5] in module Octal_Multiplexer is either unconnected or has no load
WARNING: [Synth 8-7129] Port Input8[4] in module Octal_Multiplexer is either unconnected or has no load
WARNING: [Synth 8-7129] Port Input8[3] in module Octal_Multiplexer is either unconnected or has no load
WARNING: [Synth 8-7129] Port Input8[2] in module Octal_Multiplexer is either unconnected or has no load
WARNING: [Synth 8-7129] Port Input8[1] in module Octal_Multiplexer is either unconnected or has no load
WARNING: [Synth 8-7129] Port Input8[0] in module Octal_Multiplexer is either unconnected or has no load
WARNING: [Synth 8-7129] Port s_axis_tvalid in module AXI4_Stream_Reader is either unconnected or has no load
WARNING: [Synth 8-7129] Port Fourier_Real[13] in module Custom_System is either unconnected or has no load
WARNING: [Synth 8-7129] Port Fourier_Real[12] in module Custom_System is either unconnected or has no load
WARNING: [Synth 8-7129] Port Fourier_Real[11] in module Custom_System is either unconnected or has no load
WARNING: [Synth 8-7129] Port Fourier_Real[10] in module Custom_System is either unconnected or has no load
WARNING: [Synth 8-7129] Port Fourier_Real[9] in module Custom_System is either unconnected or has no load
WARNING: [Synth 8-7129] Port Fourier_Real[8] in module Custom_System is either unconnected or has no load
WARNING: [Synth 8-7129] Port Fourier_Real[7] in module Custom_System is either unconnected or has no load
WARNING: [Synth 8-7129] Port Fourier_Real[6] in module Custom_System is either unconnected or has no load
WARNING: [Synth 8-7129] Port Fourier_Real[5] in module Custom_System is either unconnected or has no load
WARNING: [Synth 8-7129] Port Fourier_Real[4] in module Custom_System is either unconnected or has no load
WARNING: [Synth 8-7129] Port Fourier_Real[3] in module Custom_System is either unconnected or has no load
WARNING: [Synth 8-7129] Port Fourier_Real[2] in module Custom_System is either unconnected or has no load
WARNING: [Synth 8-7129] Port Fourier_Real[1] in module Custom_System is either unconnected or has no load
WARNING: [Synth 8-7129] Port Fourier_Real[0] in module Custom_System is either unconnected or has no load
WARNING: [Synth 8-7129] Port Fourier_Imag[13] in module Custom_System is either unconnected or has no load
WARNING: [Synth 8-7129] Port Fourier_Imag[12] in module Custom_System is either unconnected or has no load
WARNING: [Synth 8-7129] Port Fourier_Imag[11] in module Custom_System is either unconnected or has no load
WARNING: [Synth 8-7129] Port Fourier_Imag[10] in module Custom_System is either unconnected or has no load
WARNING: [Synth 8-7129] Port Fourier_Imag[9] in module Custom_System is either unconnected or has no load
WARNING: [Synth 8-7129] Port Fourier_Imag[8] in module Custom_System is either unconnected or has no load
WARNING: [Synth 8-7129] Port Fourier_Imag[7] in module Custom_System is either unconnected or has no load
WARNING: [Synth 8-7129] Port Fourier_Imag[6] in module Custom_System is either unconnected or has no load
WARNING: [Synth 8-7129] Port Fourier_Imag[5] in module Custom_System is either unconnected or has no load
WARNING: [Synth 8-7129] Port Fourier_Imag[4] in module Custom_System is either unconnected or has no load
WARNING: [Synth 8-7129] Port Fourier_Imag[3] in module Custom_System is either unconnected or has no load
WARNING: [Synth 8-7129] Port Fourier_Imag[2] in module Custom_System is either unconnected or has no load
WARNING: [Synth 8-7129] Port Fourier_Imag[1] in module Custom_System is either unconnected or has no load
WARNING: [Synth 8-7129] Port Fourier_Imag[0] in module Custom_System is either unconnected or has no load
WARNING: [Synth 8-7129] Port Sys_CLK_in in module Custom_System is either unconnected or has no load
---------------------------------------------------------------------------------
Finished RTL Elaboration : Time (s): cpu = 00:00:10 ; elapsed = 00:00:10 . Memory (MB): peak = 1459.016 ; gain = 650.488
---------------------------------------------------------------------------------
---------------------------------------------------------------------------------
Start Handling Custom Attributes
---------------------------------------------------------------------------------
---------------------------------------------------------------------------------
Finished Handling Custom Attributes : Time (s): cpu = 00:00:10 ; elapsed = 00:00:11 . Memory (MB): peak = 1459.016 ; gain = 650.488
---------------------------------------------------------------------------------
---------------------------------------------------------------------------------
Finished RTL Optimization Phase 1 : Time (s): cpu = 00:00:10 ; elapsed = 00:00:11 . Memory (MB): peak = 1459.016 ; gain = 650.488
---------------------------------------------------------------------------------
Netlist sorting complete. Time (s): cpu = 00:00:01 ; elapsed = 00:00:01 . Memory (MB): peak = 1459.016 ; gain = 0.000
INFO: [Project 1-570] Preparing netlist for logic optimization

Processing XDC Constraints
Initializing timing engine
Completed Processing XDC Constraints

Netlist sorting complete. Time (s): cpu = 00:00:00 ; elapsed = 00:00:00.017 . Memory (MB): peak = 1588.574 ; gain = 0.000
INFO: [Project 1-111] Unisim Transformation Summary:
No Unisim elements were transformed.

Constraint Validation Runtime : Time (s): cpu = 00:00:02 ; elapsed = 00:00:01 . Memory (MB): peak = 1597.738 ; gain = 9.164
INFO: [Designutils 20-5008] Incremental synthesis strategy off
INFO: [Synth 8-11241] undeclared symbol 'REGCCE', assumed default net type 'wire' [C:/Xilinx/Vivado/2022.2/data/verilog/src/unimacro/BRAM_SINGLE_MACRO.v:2170]
---------------------------------------------------------------------------------
Finished Constraint Validation : Time (s): cpu = 00:00:26 ; elapsed = 00:00:26 . Memory (MB): peak = 1597.738 ; gain = 789.211
---------------------------------------------------------------------------------
---------------------------------------------------------------------------------
Start Loading Part and Timing Information
---------------------------------------------------------------------------------
Loading part: xc7z010clg400-1
---------------------------------------------------------------------------------
Finished Loading Part and Timing Information : Time (s): cpu = 00:00:26 ; elapsed = 00:00:26 . Memory (MB): peak = 1597.738 ; gain = 789.211
---------------------------------------------------------------------------------
---------------------------------------------------------------------------------
Start Applying 'set_property' XDC Constraints
---------------------------------------------------------------------------------
---------------------------------------------------------------------------------
Finished applying 'set_property' XDC Constraints : Time (s): cpu = 00:00:26 ; elapsed = 00:00:26 . Memory (MB): peak = 1597.738 ; gain = 789.211
---------------------------------------------------------------------------------
WARNING: [Synth 8-6040] Register dataAddr_reg driving address of a ROM cannot be packed in BRAM/URAM because of presence of initial value.
WARNING: [Synth 8-6040] Register Quadrature_addr_reg driving address of a ROM cannot be packed in BRAM/URAM because of presence of initial value.
---------------------------------------------------------------------------------
Finished RTL Optimization Phase 2 : Time (s): cpu = 00:00:33 ; elapsed = 00:00:33 . Memory (MB): peak = 1597.738 ; gain = 789.211
---------------------------------------------------------------------------------
---------------------------------------------------------------------------------
Start RTL Component Statistics 
---------------------------------------------------------------------------------
Detailed RTL Component Info : 
+---Adders : 
	   3 Input   64 Bit       Adders := 1     
	   2 Input   32 Bit       Adders := 4     
	   3 Input   32 Bit       Adders := 1     
	   3 Input   26 Bit       Adders := 2     
	   2 Input   14 Bit       Adders := 1024  
	   3 Input   14 Bit       Adders := 513   
	   2 Input    5 Bit       Adders := 1     
+---Registers : 
	               64 Bit    Registers := 4     
	               32 Bit    Registers := 10    
	               26 Bit    Registers := 4     
	               16 Bit    Registers := 1     
	               14 Bit    Registers := 4364  
	                8 Bit    Registers := 4     
	                5 Bit    Registers := 1     
	                2 Bit    Registers := 2     
	                1 Bit    Registers := 2     
+---Multipliers : 
	              32x32  Multipliers := 3     
+---Muxes : 
	   4 Input   14 Bit        Muxes := 2     
	   2 Input   14 Bit        Muxes := 1     
	   4 Input   13 Bit        Muxes := 2     
	   4 Input    8 Bit        Muxes := 4     
	   2 Input    5 Bit        Muxes := 1     
---------------------------------------------------------------------------------
Finished RTL Component Statistics 
---------------------------------------------------------------------------------
---------------------------------------------------------------------------------
Start Part Resource Summary
---------------------------------------------------------------------------------
Part Resources:
DSPs: 80 (col length:40)
BRAMs: 120 (col length: RAMB18 40 RAMB36 20)
---------------------------------------------------------------------------------
Finished Part Resource Summary
---------------------------------------------------------------------------------
---------------------------------------------------------------------------------
Start Cross Boundary and Area Optimization
---------------------------------------------------------------------------------
WARNING: [Synth 8-6040] Register ADC_Debug_NCO/dataAddr_reg driving address of a ROM cannot be packed in BRAM/URAM because of presence of initial value.
WARNING: [Synth 8-6040] Register PLL_NCO/dataAddr_reg driving address of a ROM cannot be packed in BRAM/URAM because of presence of initial value.
WARNING: [Synth 8-6040] Register PLL_NCO/Quadrature_addr_reg driving address of a ROM cannot be packed in BRAM/URAM because of presence of initial value.
DSP Report: Generating DSP Quadrature_Mixer/Dout_reg, operation Mode is: (A*B'')'.
DSP Report: register PLL_NCO/Quadrature_buffer_reg is absorbed into DSP Quadrature_Mixer/Dout_reg.
DSP Report: register PLL_NCO/Quadrature_out_reg is absorbed into DSP Quadrature_Mixer/Dout_reg.
DSP Report: register Quadrature_Mixer/Dout_reg is absorbed into DSP Quadrature_Mixer/Dout_reg.
DSP Report: operator Quadrature_Mixer/Dout0 is absorbed into DSP Quadrature_Mixer/Dout_reg.
DSP Report: Generating DSP Loop_Controller/I_pipeline0, operation Mode is: A*B.
DSP Report: operator Loop_Controller/I_pipeline0 is absorbed into DSP Loop_Controller/I_pipeline0.
DSP Report: operator Loop_Controller/I_pipeline0 is absorbed into DSP Loop_Controller/I_pipeline0.
DSP Report: Generating DSP Loop_Controller/I_pipeline_reg, operation Mode is: (PCIN>>17)+A*B.
DSP Report: register Loop_Controller/I_pipeline_reg is absorbed into DSP Loop_Controller/I_pipeline_reg.
DSP Report: operator Loop_Controller/I_pipeline0 is absorbed into DSP Loop_Controller/I_pipeline_reg.
DSP Report: operator Loop_Controller/I_pipeline0 is absorbed into DSP Loop_Controller/I_pipeline_reg.
DSP Report: Generating DSP Loop_Controller/I_pipeline0, operation Mode is: A*B.
DSP Report: operator Loop_Controller/I_pipeline0 is absorbed into DSP Loop_Controller/I_pipeline0.
DSP Report: operator Loop_Controller/I_pipeline0 is absorbed into DSP Loop_Controller/I_pipeline0.
DSP Report: Generating DSP Loop_Controller/I_pipeline_reg, operation Mode is: (PCIN>>17)+A*B.
DSP Report: register Loop_Controller/I_pipeline_reg is absorbed into DSP Loop_Controller/I_pipeline_reg.
DSP Report: operator Loop_Controller/I_pipeline0 is absorbed into DSP Loop_Controller/I_pipeline_reg.
DSP Report: operator Loop_Controller/I_pipeline0 is absorbed into DSP Loop_Controller/I_pipeline_reg.
DSP Report: Generating DSP Loop_Controller/D_pipeline0, operation Mode is: A2*B.
DSP Report: register Loop_Controller/D_pipeline0 is absorbed into DSP Loop_Controller/D_pipeline0.
DSP Report: operator Loop_Controller/D_pipeline0 is absorbed into DSP Loop_Controller/D_pipeline0.
DSP Report: operator Loop_Controller/D_pipeline0 is absorbed into DSP Loop_Controller/D_pipeline0.
DSP Report: Generating DSP Loop_Controller/D_pipeline_reg, operation Mode is: (PCIN>>17)+A*B2.
DSP Report: register Loop_Controller/Derivative_Stage_reg is absorbed into DSP Loop_Controller/D_pipeline_reg.
DSP Report: register Loop_Controller/D_pipeline_reg is absorbed into DSP Loop_Controller/D_pipeline_reg.
DSP Report: operator Loop_Controller/D_pipeline0 is absorbed into DSP Loop_Controller/D_pipeline_reg.
DSP Report: operator Loop_Controller/D_pipeline0 is absorbed into DSP Loop_Controller/D_pipeline_reg.
DSP Report: Generating DSP Loop_Controller/D_pipeline0, operation Mode is: A*B2.
DSP Report: register Loop_Controller/D_pipeline0 is absorbed into DSP Loop_Controller/D_pipeline0.
DSP Report: operator Loop_Controller/D_pipeline0 is absorbed into DSP Loop_Controller/D_pipeline0.
DSP Report: operator Loop_Controller/D_pipeline0 is absorbed into DSP Loop_Controller/D_pipeline0.
DSP Report: Generating DSP Loop_Controller/D_pipeline_reg, operation Mode is: (PCIN>>17)+A*B2.
DSP Report: register Loop_Controller/Derivative_Stage_reg is absorbed into DSP Loop_Controller/D_pipeline_reg.
DSP Report: register Loop_Controller/D_pipeline_reg is absorbed into DSP Loop_Controller/D_pipeline_reg.
DSP Report: operator Loop_Controller/D_pipeline0 is absorbed into DSP Loop_Controller/D_pipeline_reg.
DSP Report: operator Loop_Controller/D_pipeline0 is absorbed into DSP Loop_Controller/D_pipeline_reg.
DSP Report: Generating DSP Loop_Controller/P_pipeline0, operation Mode is: A2*B.
DSP Report: register Loop_Controller/P_pipeline0 is absorbed into DSP Loop_Controller/P_pipeline0.
DSP Report: operator Loop_Controller/P_pipeline0 is absorbed into DSP Loop_Controller/P_pipeline0.
DSP Report: operator Loop_Controller/P_pipeline0 is absorbed into DSP Loop_Controller/P_pipeline0.
DSP Report: Generating DSP Loop_Controller/P_pipeline_reg, operation Mode is: (PCIN>>17)+A*B.
DSP Report: register Loop_Controller/P_pipeline_reg is absorbed into DSP Loop_Controller/P_pipeline_reg.
DSP Report: operator Loop_Controller/P_pipeline0 is absorbed into DSP Loop_Controller/P_pipeline_reg.
DSP Report: operator Loop_Controller/P_pipeline0 is absorbed into DSP Loop_Controller/P_pipeline_reg.
DSP Report: Generating DSP Loop_Controller/P_pipeline0, operation Mode is: A*B2.
DSP Report: register Loop_Controller/P_pipeline0 is absorbed into DSP Loop_Controller/P_pipeline0.
DSP Report: operator Loop_Controller/P_pipeline0 is absorbed into DSP Loop_Controller/P_pipeline0.
DSP Report: operator Loop_Controller/P_pipeline0 is absorbed into DSP Loop_Controller/P_pipeline0.
DSP Report: Generating DSP Loop_Controller/P_pipeline_reg, operation Mode is: (PCIN>>17)+A*B.
DSP Report: register Loop_Controller/P_pipeline_reg is absorbed into DSP Loop_Controller/P_pipeline_reg.
DSP Report: operator Loop_Controller/P_pipeline0 is absorbed into DSP Loop_Controller/P_pipeline_reg.
DSP Report: operator Loop_Controller/P_pipeline0 is absorbed into DSP Loop_Controller/P_pipeline_reg.
INFO: [Synth 8-3917] design system_Custom_System_0_0 has port DAC_Stream_out[31] driven by constant 0
INFO: [Synth 8-3917] design system_Custom_System_0_0 has port DAC_Stream_out[30] driven by constant 0
INFO: [Synth 8-3917] design system_Custom_System_0_0 has port DAC_Stream_out[15] driven by constant 0
INFO: [Synth 8-3917] design system_Custom_System_0_0 has port DAC_Stream_out[14] driven by constant 0
INFO: [Synth 8-3917] design system_Custom_System_0_0 has port Reset driven by constant 0
WARNING: [Synth 8-7129] Port Fourier_Real[13] in module system_Custom_System_0_0 is either unconnected or has no load
WARNING: [Synth 8-7129] Port Fourier_Real[12] in module system_Custom_System_0_0 is either unconnected or has no load
WARNING: [Synth 8-7129] Port Fourier_Real[11] in module system_Custom_System_0_0 is either unconnected or has no load
WARNING: [Synth 8-7129] Port Fourier_Real[10] in module system_Custom_System_0_0 is either unconnected or has no load
WARNING: [Synth 8-7129] Port Fourier_Real[9] in module system_Custom_System_0_0 is either unconnected or has no load
WARNING: [Synth 8-7129] Port Fourier_Real[8] in module system_Custom_System_0_0 is either unconnected or has no load
WARNING: [Synth 8-7129] Port Fourier_Real[7] in module system_Custom_System_0_0 is either unconnected or has no load
WARNING: [Synth 8-7129] Port Fourier_Real[6] in module system_Custom_System_0_0 is either unconnected or has no load
WARNING: [Synth 8-7129] Port Fourier_Real[5] in module system_Custom_System_0_0 is either unconnected or has no load
WARNING: [Synth 8-7129] Port Fourier_Real[4] in module system_Custom_System_0_0 is either unconnected or has no load
WARNING: [Synth 8-7129] Port Fourier_Real[3] in module system_Custom_System_0_0 is either unconnected or has no load
WARNING: [Synth 8-7129] Port Fourier_Real[2] in module system_Custom_System_0_0 is either unconnected or has no load
WARNING: [Synth 8-7129] Port Fourier_Real[1] in module system_Custom_System_0_0 is either unconnected or has no load
WARNING: [Synth 8-7129] Port Fourier_Real[0] in module system_Custom_System_0_0 is either unconnected or has no load
WARNING: [Synth 8-7129] Port Fourier_Imag[13] in module system_Custom_System_0_0 is either unconnected or has no load
WARNING: [Synth 8-7129] Port Fourier_Imag[12] in module system_Custom_System_0_0 is either unconnected or has no load
WARNING: [Synth 8-7129] Port Fourier_Imag[11] in module system_Custom_System_0_0 is either unconnected or has no load
WARNING: [Synth 8-7129] Port Fourier_Imag[10] in module system_Custom_System_0_0 is either unconnected or has no load
WARNING: [Synth 8-7129] Port Fourier_Imag[9] in module system_Custom_System_0_0 is either unconnected or has no load
WARNING: [Synth 8-7129] Port Fourier_Imag[8] in module system_Custom_System_0_0 is either unconnected or has no load
WARNING: [Synth 8-7129] Port Fourier_Imag[7] in module system_Custom_System_0_0 is either unconnected or has no load
WARNING: [Synth 8-7129] Port Fourier_Imag[6] in module system_Custom_System_0_0 is either unconnected or has no load
WARNING: [Synth 8-7129] Port Fourier_Imag[5] in module system_Custom_System_0_0 is either unconnected or has no load
WARNING: [Synth 8-7129] Port Fourier_Imag[4] in module system_Custom_System_0_0 is either unconnected or has no load
WARNING: [Synth 8-7129] Port Fourier_Imag[3] in module system_Custom_System_0_0 is either unconnected or has no load
WARNING: [Synth 8-7129] Port Fourier_Imag[2] in module system_Custom_System_0_0 is either unconnected or has no load
WARNING: [Synth 8-7129] Port Fourier_Imag[1] in module system_Custom_System_0_0 is either unconnected or has no load
WARNING: [Synth 8-7129] Port Fourier_Imag[0] in module system_Custom_System_0_0 is either unconnected or has no load
WARNING: [Synth 8-7129] Port Sys_CLK_in in module system_Custom_System_0_0 is either unconnected or has no load
INFO: [Synth 8-3886] merging instance 'Fourier_Multiply[63].bd_reg[63][13]' (FD) to 'Fourier_Multiply[63].bc_reg[63][13]'
INFO: [Synth 8-3886] merging instance 'Fourier_Multiply[63].bd_reg[63][0]' (FD) to 'Fourier_Multiply[63].bc_reg[63][0]'
INFO: [Synth 8-3886] merging instance 'Fourier_Multiply[63].bd_reg[63][1]' (FD) to 'Fourier_Multiply[63].bc_reg[63][1]'
INFO: [Synth 8-3886] merging instance 'Fourier_Multiply[63].bd_reg[63][2]' (FD) to 'Fourier_Multiply[63].bc_reg[63][2]'
INFO: [Synth 8-3886] merging instance 'Fourier_Multiply[63].bd_reg[63][3]' (FD) to 'Fourier_Multiply[63].bc_reg[63][3]'
INFO: [Synth 8-3886] merging instance 'Fourier_Multiply[63].bd_reg[63][4]' (FD) to 'Fourier_Multiply[63].bc_reg[63][4]'
INFO: [Synth 8-3886] merging instance 'Fourier_Multiply[63].bd_reg[63][5]' (FD) to 'Fourier_Multiply[63].bc_reg[63][5]'
INFO: [Synth 8-3886] merging instance 'Fourier_Multiply[63].bd_reg[63][6]' (FD) to 'Fourier_Multiply[63].bc_reg[63][6]'
INFO: [Synth 8-3886] merging instance 'Fourier_Multiply[63].bd_reg[63][7]' (FD) to 'Fourier_Multiply[63].bc_reg[63][7]'
INFO: [Synth 8-3886] merging instance 'Fourier_Multiply[63].bd_reg[63][8]' (FD) to 'Fourier_Multiply[63].bc_reg[63][8]'
INFO: [Synth 8-3886] merging instance 'Fourier_Multiply[63].bd_reg[63][9]' (FD) to 'Fourier_Multiply[63].bc_reg[63][9]'
INFO: [Synth 8-3886] merging instance 'Fourier_Multiply[63].bd_reg[63][10]' (FD) to 'Fourier_Multiply[63].bc_reg[63][10]'
INFO: [Synth 8-3886] merging instance 'Fourier_Multiply[63].bd_reg[63][11]' (FD) to 'Fourier_Multiply[63].bc_reg[63][11]'
INFO: [Synth 8-3886] merging instance 'Fourier_Multiply[63].bd_reg[63][12]' (FD) to 'Fourier_Multiply[63].bc_reg[63][12]'
INFO: [Synth 8-3886] merging instance 'Fourier_Multiply[62].bd_reg[62][13]' (FD) to 'Fourier_Multiply[62].bc_reg[62][13]'
INFO: [Synth 8-3886] merging instance 'Fourier_Multiply[62].bd_reg[62][0]' (FD) to 'Fourier_Multiply[62].bc_reg[62][0]'
INFO: [Synth 8-3886] merging instance 'Fourier_Multiply[62].bd_reg[62][1]' (FD) to 'Fourier_Multiply[62].bc_reg[62][1]'
INFO: [Synth 8-3886] merging instance 'Fourier_Multiply[62].bd_reg[62][2]' (FD) to 'Fourier_Multiply[62].bc_reg[62][2]'
INFO: [Synth 8-3886] merging instance 'Fourier_Multiply[62].bd_reg[62][3]' (FD) to 'Fourier_Multiply[62].bc_reg[62][3]'
INFO: [Synth 8-3886] merging instance 'Fourier_Multiply[62].bd_reg[62][4]' (FD) to 'Fourier_Multiply[62].bc_reg[62][4]'
INFO: [Synth 8-3886] merging instance 'Fourier_Multiply[62].bd_reg[62][5]' (FD) to 'Fourier_Multiply[62].bc_reg[62][5]'
INFO: [Synth 8-3886] merging instance 'Fourier_Multiply[62].bd_reg[62][6]' (FD) to 'Fourier_Multiply[62].bc_reg[62][6]'
INFO: [Synth 8-3886] merging instance 'Fourier_Multiply[62].bd_reg[62][7]' (FD) to 'Fourier_Multiply[62].bc_reg[62][7]'
INFO: [Synth 8-3886] merging instance 'Fourier_Multiply[62].bd_reg[62][8]' (FD) to 'Fourier_Multiply[62].bc_reg[62][8]'
INFO: [Synth 8-3886] merging instance 'Fourier_Multiply[62].bd_reg[62][9]' (FD) to 'Fourier_Multiply[62].bc_reg[62][9]'
INFO: [Synth 8-3886] merging instance 'Fourier_Multiply[62].bd_reg[62][10]' (FD) to 'Fourier_Multiply[62].bc_reg[62][10]'
INFO: [Synth 8-3886] merging instance 'Fourier_Multiply[62].bd_reg[62][11]' (FD) to 'Fourier_Multiply[62].bc_reg[62][11]'
INFO: [Synth 8-3886] merging instance 'Fourier_Multiply[62].bd_reg[62][12]' (FD) to 'Fourier_Multiply[62].bc_reg[62][12]'
INFO: [Synth 8-3886] merging instance 'Fourier_Multiply[58].bd_reg[58][13]' (FD) to 'Fourier_Multiply[58].bc_reg[58][13]'
INFO: [Synth 8-3886] merging instance 'Fourier_Multiply[58].bd_reg[58][0]' (FD) to 'Fourier_Multiply[58].bc_reg[58][0]'
INFO: [Synth 8-3886] merging instance 'Fourier_Multiply[58].bd_reg[58][1]' (FD) to 'Fourier_Multiply[58].bc_reg[58][1]'
INFO: [Synth 8-3886] merging instance 'Fourier_Multiply[58].bd_reg[58][2]' (FD) to 'Fourier_Multiply[58].bc_reg[58][2]'
INFO: [Synth 8-3886] merging instance 'Fourier_Multiply[58].bd_reg[58][3]' (FD) to 'Fourier_Multiply[58].bc_reg[58][3]'
INFO: [Synth 8-3886] merging instance 'Fourier_Multiply[58].bd_reg[58][4]' (FD) to 'Fourier_Multiply[58].bc_reg[58][4]'
INFO: [Synth 8-3886] merging instance 'Fourier_Multiply[58].bd_reg[58][5]' (FD) to 'Fourier_Multiply[58].bc_reg[58][5]'
INFO: [Synth 8-3886] merging instance 'Fourier_Multiply[58].bd_reg[58][6]' (FD) to 'Fourier_Multiply[58].bc_reg[58][6]'
INFO: [Synth 8-3886] merging instance 'Fourier_Multiply[58].bd_reg[58][7]' (FD) to 'Fourier_Multiply[58].bc_reg[58][7]'
INFO: [Synth 8-3886] merging instance 'Fourier_Multiply[58].bd_reg[58][8]' (FD) to 'Fourier_Multiply[58].bc_reg[58][8]'
INFO: [Synth 8-3886] merging instance 'Fourier_Multiply[58].bd_reg[58][9]' (FD) to 'Fourier_Multiply[58].bc_reg[58][9]'
INFO: [Synth 8-3886] merging instance 'Fourier_Multiply[58].bd_reg[58][10]' (FD) to 'Fourier_Multiply[58].bc_reg[58][10]'
INFO: [Synth 8-3886] merging instance 'Fourier_Multiply[58].bd_reg[58][11]' (FD) to 'Fourier_Multiply[58].bc_reg[58][11]'
INFO: [Synth 8-3886] merging instance 'Fourier_Multiply[58].bd_reg[58][12]' (FD) to 'Fourier_Multiply[58].bc_reg[58][12]'
INFO: [Synth 8-3886] merging instance 'Fourier_Multiply[56].bd_reg[56][13]' (FD) to 'Fourier_Multiply[56].bc_reg[56][13]'
INFO: [Synth 8-3886] merging instance 'Fourier_Multiply[56].bd_reg[56][0]' (FD) to 'Fourier_Multiply[56].bc_reg[56][0]'
INFO: [Synth 8-3886] merging instance 'Fourier_Multiply[56].bd_reg[56][1]' (FD) to 'Fourier_Multiply[56].bc_reg[56][1]'
INFO: [Synth 8-3886] merging instance 'Fourier_Multiply[56].bd_reg[56][2]' (FD) to 'Fourier_Multiply[56].bc_reg[56][2]'
INFO: [Synth 8-3886] merging instance 'Fourier_Multiply[56].bd_reg[56][3]' (FD) to 'Fourier_Multiply[56].bc_reg[56][3]'
INFO: [Synth 8-3886] merging instance 'Fourier_Multiply[56].bd_reg[56][4]' (FD) to 'Fourier_Multiply[56].bc_reg[56][4]'
INFO: [Synth 8-3886] merging instance 'Fourier_Multiply[56].bd_reg[56][5]' (FD) to 'Fourier_Multiply[56].bc_reg[56][5]'
INFO: [Synth 8-3886] merging instance 'Fourier_Multiply[56].bd_reg[56][6]' (FD) to 'Fourier_Multiply[56].bc_reg[56][6]'
INFO: [Synth 8-3886] merging instance 'Fourier_Multiply[56].bd_reg[56][7]' (FD) to 'Fourier_Multiply[56].bc_reg[56][7]'
INFO: [Synth 8-3886] merging instance 'Fourier_Multiply[56].bd_reg[56][8]' (FD) to 'Fourier_Multiply[56].bc_reg[56][8]'
INFO: [Synth 8-3886] merging instance 'Fourier_Multiply[56].bd_reg[56][9]' (FD) to 'Fourier_Multiply[56].bc_reg[56][9]'
INFO: [Synth 8-3886] merging instance 'Fourier_Multiply[56].bd_reg[56][10]' (FD) to 'Fourier_Multiply[56].bc_reg[56][10]'
INFO: [Synth 8-3886] merging instance 'Fourier_Multiply[56].bd_reg[56][11]' (FD) to 'Fourier_Multiply[56].bc_reg[56][11]'
INFO: [Synth 8-3886] merging instance 'Fourier_Multiply[56].bd_reg[56][12]' (FD) to 'Fourier_Multiply[56].bc_reg[56][12]'
INFO: [Synth 8-3886] merging instance 'Fourier_Multiply[54].bd_reg[54][13]' (FD) to 'Fourier_Multiply[54].bc_reg[54][13]'
INFO: [Synth 8-3886] merging instance 'Fourier_Multiply[54].bd_reg[54][0]' (FD) to 'Fourier_Multiply[54].bc_reg[54][0]'
INFO: [Synth 8-3886] merging instance 'Fourier_Multiply[54].bd_reg[54][1]' (FD) to 'Fourier_Multiply[54].bc_reg[54][1]'
INFO: [Synth 8-3886] merging instance 'Fourier_Multiply[54].bd_reg[54][2]' (FD) to 'Fourier_Multiply[54].bc_reg[54][2]'
INFO: [Synth 8-3886] merging instance 'Fourier_Multiply[54].bd_reg[54][3]' (FD) to 'Fourier_Multiply[54].bc_reg[54][3]'
INFO: [Synth 8-3886] merging instance 'Fourier_Multiply[54].bd_reg[54][4]' (FD) to 'Fourier_Multiply[54].bc_reg[54][4]'
INFO: [Synth 8-3886] merging instance 'Fourier_Multiply[54].bd_reg[54][5]' (FD) to 'Fourier_Multiply[54].bc_reg[54][5]'
INFO: [Synth 8-3886] merging instance 'Fourier_Multiply[54].bd_reg[54][6]' (FD) to 'Fourier_Multiply[54].bc_reg[54][6]'
INFO: [Synth 8-3886] merging instance 'Fourier_Multiply[54].bd_reg[54][7]' (FD) to 'Fourier_Multiply[54].bc_reg[54][7]'
INFO: [Synth 8-3886] merging instance 'Fourier_Multiply[54].bd_reg[54][8]' (FD) to 'Fourier_Multiply[54].bc_reg[54][8]'
INFO: [Synth 8-3886] merging instance 'Fourier_Multiply[54].bd_reg[54][9]' (FD) to 'Fourier_Multiply[54].bc_reg[54][9]'
INFO: [Synth 8-3886] merging instance 'Fourier_Multiply[54].bd_reg[54][10]' (FD) to 'Fourier_Multiply[54].bc_reg[54][10]'
INFO: [Synth 8-3886] merging instance 'Fourier_Multiply[54].bd_reg[54][11]' (FD) to 'Fourier_Multiply[54].bc_reg[54][11]'
INFO: [Synth 8-3886] merging instance 'Fourier_Multiply[54].bd_reg[54][12]' (FD) to 'Fourier_Multiply[54].bc_reg[54][12]'
INFO: [Synth 8-3886] merging instance 'Fourier_Multiply[65].bd_reg[65][13]' (FD) to 'Fourier_Multiply[65].bc_reg[65][13]'
INFO: [Synth 8-3886] merging instance 'Fourier_Multiply[65].bd_reg[65][0]' (FD) to 'Fourier_Multiply[65].bc_reg[65][0]'
INFO: [Synth 8-3886] merging instance 'Fourier_Multiply[65].bd_reg[65][1]' (FD) to 'Fourier_Multiply[65].bc_reg[65][1]'
INFO: [Synth 8-3886] merging instance 'Fourier_Multiply[65].bd_reg[65][2]' (FD) to 'Fourier_Multiply[65].bc_reg[65][2]'
INFO: [Synth 8-3886] merging instance 'Fourier_Multiply[65].bd_reg[65][3]' (FD) to 'Fourier_Multiply[65].bc_reg[65][3]'
INFO: [Synth 8-3886] merging instance 'Fourier_Multiply[65].bd_reg[65][4]' (FD) to 'Fourier_Multiply[65].bc_reg[65][4]'
INFO: [Synth 8-3886] merging instance 'Fourier_Multiply[65].bd_reg[65][5]' (FD) to 'Fourier_Multiply[65].bc_reg[65][5]'
INFO: [Synth 8-3886] merging instance 'Fourier_Multiply[65].bd_reg[65][6]' (FD) to 'Fourier_Multiply[65].bc_reg[65][6]'
INFO: [Synth 8-3886] merging instance 'Fourier_Multiply[65].bd_reg[65][7]' (FD) to 'Fourier_Multiply[65].bc_reg[65][7]'
INFO: [Synth 8-3886] merging instance 'Fourier_Multiply[65].bd_reg[65][8]' (FD) to 'Fourier_Multiply[65].bc_reg[65][8]'
INFO: [Synth 8-3886] merging instance 'Fourier_Multiply[65].bd_reg[65][9]' (FD) to 'Fourier_Multiply[65].bc_reg[65][9]'
INFO: [Synth 8-3886] merging instance 'Fourier_Multiply[65].bd_reg[65][10]' (FD) to 'Fourier_Multiply[65].bc_reg[65][10]'
INFO: [Synth 8-3886] merging instance 'Fourier_Multiply[65].bd_reg[65][11]' (FD) to 'Fourier_Multiply[65].bc_reg[65][11]'
INFO: [Synth 8-3886] merging instance 'Fourier_Multiply[65].bd_reg[65][12]' (FD) to 'Fourier_Multiply[65].bc_reg[65][12]'
INFO: [Synth 8-3886] merging instance 'Fourier_Multiply[70].bd_reg[70][13]' (FD) to 'Fourier_Multiply[70].bc_reg[70][13]'
INFO: [Synth 8-3886] merging instance 'Fourier_Multiply[70].bd_reg[70][0]' (FD) to 'Fourier_Multiply[70].bc_reg[70][0]'
INFO: [Synth 8-3886] merging instance 'Fourier_Multiply[70].bd_reg[70][1]' (FD) to 'Fourier_Multiply[70].bc_reg[70][1]'
INFO: [Synth 8-3886] merging instance 'Fourier_Multiply[70].bd_reg[70][2]' (FD) to 'Fourier_Multiply[70].bc_reg[70][2]'
INFO: [Synth 8-3886] merging instance 'Fourier_Multiply[70].bd_reg[70][3]' (FD) to 'Fourier_Multiply[70].bc_reg[70][3]'
INFO: [Synth 8-3886] merging instance 'Fourier_Multiply[70].bd_reg[70][4]' (FD) to 'Fourier_Multiply[70].bc_reg[70][4]'
INFO: [Synth 8-3886] merging instance 'Fourier_Multiply[70].bd_reg[70][5]' (FD) to 'Fourier_Multiply[70].bc_reg[70][5]'
INFO: [Synth 8-3886] merging instance 'Fourier_Multiply[70].bd_reg[70][6]' (FD) to 'Fourier_Multiply[70].bc_reg[70][6]'
INFO: [Synth 8-3886] merging instance 'Fourier_Multiply[70].bd_reg[70][7]' (FD) to 'Fourier_Multiply[70].bc_reg[70][7]'
INFO: [Synth 8-3886] merging instance 'Fourier_Multiply[70].bd_reg[70][8]' (FD) to 'Fourier_Multiply[70].bc_reg[70][8]'
INFO: [Synth 8-3886] merging instance 'Fourier_Multiply[70].bd_reg[70][9]' (FD) to 'Fourier_Multiply[70].bc_reg[70][9]'
INFO: [Synth 8-3886] merging instance 'Fourier_Multiply[70].bd_reg[70][10]' (FD) to 'Fourier_Multiply[70].bc_reg[70][10]'
INFO: [Synth 8-3886] merging instance 'Fourier_Multiply[70].bd_reg[70][11]' (FD) to 'Fourier_Multiply[70].bc_reg[70][11]'
INFO: [Synth 8-3886] merging instance 'Fourier_Multiply[70].bd_reg[70][12]' (FD) to 'Fourier_Multiply[70].bc_reg[70][12]'
INFO: [Synth 8-3886] merging instance 'Fourier_Multiply[73].bd_reg[73][13]' (FD) to 'Fourier_Multiply[73].bc_reg[73][13]'
INFO: [Synth 8-3886] merging instance 'Fourier_Multiply[73].bd_reg[73][0]' (FD) to 'Fourier_Multiply[73].bc_reg[73][0]'
INFO: [Common 17-14] Message 'Synth 8-3886' appears 100 times and further instances of the messages will be disabled. Use the Tcl command set_msg_config to change the current settings.
INFO: [Common 17-14] Message 'Synth 8-3886' appears 100 times and further instances of the messages will be disabled. Use the Tcl command set_msg_config to change the current settings.
INFO: [Common 17-14] Message 'Synth 8-3886' appears 100 times and further instances of the messages will be disabled. Use the Tcl command set_msg_config to change the current settings.
INFO: [Synth 8-3333] propagating constant 0 across sequential element (\Fourier_Multiply[0].bd_reg[0][0] )
INFO: [Synth 8-3333] propagating constant 0 across sequential element (\Fourier_Multiply[0].bd_reg[0][1] )
INFO: [Synth 8-3333] propagating constant 0 across sequential element (\Fourier_Multiply[0].bd_reg[0][2] )
INFO: [Synth 8-3333] propagating constant 0 across sequential element (\Fourier_Multiply[0].bd_reg[0][3] )
INFO: [Synth 8-3333] propagating constant 0 across sequential element (\Fourier_Multiply[0].bd_reg[0][4] )
INFO: [Synth 8-3333] propagating constant 0 across sequential element (\Fourier_Multiply[0].bd_reg[0][5] )
INFO: [Synth 8-3333] propagating constant 0 across sequential element (\Fourier_Multiply[0].bd_reg[0][6] )
INFO: [Synth 8-3333] propagating constant 0 across sequential element (\Fourier_Multiply[0].bd_reg[0][7] )
INFO: [Synth 8-3333] propagating constant 0 across sequential element (\Fourier_Multiply[0].bd_reg[0][8] )
INFO: [Synth 8-3333] propagating constant 0 across sequential element (\Fourier_Multiply[0].bd_reg[0][9] )
INFO: [Synth 8-3333] propagating constant 0 across sequential element (\Fourier_Multiply[0].bd_reg[0][10] )
INFO: [Synth 8-3333] propagating constant 0 across sequential element (\Fourier_Multiply[0].bd_reg[0][11] )
INFO: [Synth 8-3333] propagating constant 0 across sequential element (\Fourier_Multiply[0].bd_reg[0][12] )
INFO: [Synth 8-3333] propagating constant 0 across sequential element (\Fourier_Multiply[0].bd_reg[0][13] )
---------------------------------------------------------------------------------
Finished Cross Boundary and Area Optimization : Time (s): cpu = 00:00:57 ; elapsed = 00:01:16 . Memory (MB): peak = 1597.738 ; gain = 789.211
---------------------------------------------------------------------------------
---------------------------------------------------------------------------------
Start ROM, RAM, DSP, Shift Register and Retiming Reporting
---------------------------------------------------------------------------------

ROM: Preliminary Mapping Report
+-------------------------+-------------------------+---------------+----------------+
|Module Name              | RTL Object              | Depth x Width | Implemented As | 
+-------------------------+-------------------------+---------------+----------------+
|NCO                      | SINROM[0]               | 256x12        | LUT            | 
|NCO                      | SINROM[0]               | 256x12        | LUT            | 
|system_Custom_System_0_0 | ADC_Debug_NCO/SINROM[0] | 256x12        | LUT            | 
|system_Custom_System_0_0 | PLL_NCO/SINROM[0]       | 256x12        | LUT            | 
|system_Custom_System_0_0 | PLL_NCO/SINROM[0]       | 256x12        | LUT            | 
+-------------------------+-------------------------+---------------+----------------+


DSP: Preliminary Mapping Report (see note below. The ' indicates corresponding REG is set)
+-------------------------+-----------------+--------+--------+--------+--------+--------+------+------+------+------+-------+------+------+
|Module Name              | DSP Mapping     | A Size | B Size | C Size | D Size | P Size | AREG | BREG | CREG | DREG | ADREG | MREG | PREG | 
+-------------------------+-----------------+--------+--------+--------+--------+--------+------+------+------+------+-------+------+------+
|system_Custom_System_0_0 | (A*B'')'        | 14     | 14     | -      | -      | 28     | 0    | 2    | -    | -    | -     | 1    | 0    | 
|system_Custom_System_0_0 | A*B             | 18     | 15     | -      | -      | 48     | 0    | 0    | -    | -    | -     | 0    | 0    | 
|system_Custom_System_0_0 | (PCIN>>17)+A*B  | 15     | 15     | -      | -      | 48     | 0    | 0    | -    | -    | -     | 0    | 1    | 
|system_Custom_System_0_0 | A*B             | 18     | 18     | -      | -      | 48     | 0    | 0    | -    | -    | -     | 0    | 0    | 
|system_Custom_System_0_0 | (PCIN>>17)+A*B  | 18     | 15     | -      | -      | 48     | 0    | 0    | -    | -    | -     | 0    | 1    | 
|system_Custom_System_0_0 | A2*B            | 18     | 15     | -      | -      | 48     | 1    | 0    | -    | -    | -     | 0    | 0    | 
|system_Custom_System_0_0 | (PCIN>>17)+A*B2 | 15     | 15     | -      | -      | 48     | 0    | 1    | -    | -    | -     | 0    | 1    | 
|system_Custom_System_0_0 | A*B2            | 18     | 18     | -      | -      | 48     | 0    | 1    | -    | -    | -     | 0    | 0    | 
|system_Custom_System_0_0 | (PCIN>>17)+A*B2 | 18     | 15     | -      | -      | 48     | 0    | 1    | -    | -    | -     | 0    | 1    | 
|system_Custom_System_0_0 | A2*B            | 18     | 15     | -      | -      | 48     | 1    | 0    | -    | -    | -     | 0    | 0    | 
|system_Custom_System_0_0 | (PCIN>>17)+A*B  | 15     | 10     | -      | -      | 48     | 0    | 0    | -    | -    | -     | 0    | 1    | 
|system_Custom_System_0_0 | A*B2            | 18     | 18     | -      | -      | 48     | 0    | 1    | -    | -    | -     | 0    | 0    | 
|system_Custom_System_0_0 | (PCIN>>17)+A*B  | 18     | 10     | -      | -      | 48     | 0    | 0    | -    | -    | -     | 0    | 1    | 
+-------------------------+-----------------+--------+--------+--------+--------+--------+------+------+------+------+-------+------+------+

Note: The table above is a preliminary report that shows the DSPs inferred at the current stage of the synthesis flow. Some DSP may be reimplemented as non DSP primitives later in the synthesis flow. Multiple instantiated DSPs are reported only once.
---------------------------------------------------------------------------------
Finished ROM, RAM, DSP, Shift Register and Retiming Reporting
---------------------------------------------------------------------------------
---------------------------------------------------------------------------------
Start Applying XDC Timing Constraints
---------------------------------------------------------------------------------
---------------------------------------------------------------------------------
Finished Applying XDC Timing Constraints : Time (s): cpu = 00:01:07 ; elapsed = 00:01:26 . Memory (MB): peak = 1597.738 ; gain = 789.211
---------------------------------------------------------------------------------
---------------------------------------------------------------------------------
Start Timing Optimization
---------------------------------------------------------------------------------
---------------------------------------------------------------------------------
Finished Timing Optimization : Time (s): cpu = 00:01:07 ; elapsed = 00:01:26 . Memory (MB): peak = 1597.738 ; gain = 789.211
---------------------------------------------------------------------------------
---------------------------------------------------------------------------------
Start Technology Mapping
---------------------------------------------------------------------------------
WARNING: [Synth 8-7080] Parallel synthesis criteria is not met
---------------------------------------------------------------------------------
Finished Technology Mapping : Time (s): cpu = 00:01:08 ; elapsed = 00:01:27 . Memory (MB): peak = 1597.738 ; gain = 789.211
---------------------------------------------------------------------------------
---------------------------------------------------------------------------------
Start IO Insertion
---------------------------------------------------------------------------------
---------------------------------------------------------------------------------
Start Flattening Before IO Insertion
---------------------------------------------------------------------------------
---------------------------------------------------------------------------------
Finished Flattening Before IO Insertion
---------------------------------------------------------------------------------
---------------------------------------------------------------------------------
Start Final Netlist Cleanup
---------------------------------------------------------------------------------
---------------------------------------------------------------------------------
Finished Final Netlist Cleanup
---------------------------------------------------------------------------------
---------------------------------------------------------------------------------
Finished IO Insertion : Time (s): cpu = 00:01:11 ; elapsed = 00:01:30 . Memory (MB): peak = 1597.738 ; gain = 789.211
---------------------------------------------------------------------------------
---------------------------------------------------------------------------------
Start Renaming Generated Instances
---------------------------------------------------------------------------------
---------------------------------------------------------------------------------
Finished Renaming Generated Instances : Time (s): cpu = 00:01:12 ; elapsed = 00:01:30 . Memory (MB): peak = 1597.738 ; gain = 789.211
---------------------------------------------------------------------------------
---------------------------------------------------------------------------------
Start Rebuilding User Hierarchy
---------------------------------------------------------------------------------
---------------------------------------------------------------------------------
Finished Rebuilding User Hierarchy : Time (s): cpu = 00:01:12 ; elapsed = 00:01:30 . Memory (MB): peak = 1597.738 ; gain = 789.211
---------------------------------------------------------------------------------
---------------------------------------------------------------------------------
Start Renaming Generated Ports
---------------------------------------------------------------------------------
---------------------------------------------------------------------------------
Finished Renaming Generated Ports : Time (s): cpu = 00:01:12 ; elapsed = 00:01:30 . Memory (MB): peak = 1597.738 ; gain = 789.211
---------------------------------------------------------------------------------
---------------------------------------------------------------------------------
Start Handling Custom Attributes
---------------------------------------------------------------------------------
---------------------------------------------------------------------------------
Finished Handling Custom Attributes : Time (s): cpu = 00:01:12 ; elapsed = 00:01:30 . Memory (MB): peak = 1597.738 ; gain = 789.211
---------------------------------------------------------------------------------
---------------------------------------------------------------------------------
Start Renaming Generated Nets
---------------------------------------------------------------------------------
---------------------------------------------------------------------------------
Finished Renaming Generated Nets : Time (s): cpu = 00:01:12 ; elapsed = 00:01:30 . Memory (MB): peak = 1597.738 ; gain = 789.211
---------------------------------------------------------------------------------
---------------------------------------------------------------------------------
Start Writing Synthesis Report
---------------------------------------------------------------------------------

DSP Final Report (the ' indicates corresponding REG is set)
+-------------------------+------------------+--------+--------+--------+--------+--------+------+------+------+------+-------+------+------+
|Module Name              | DSP Mapping      | A Size | B Size | C Size | D Size | P Size | AREG | BREG | CREG | DREG | ADREG | MREG | PREG | 
+-------------------------+------------------+--------+--------+--------+--------+--------+------+------+------+------+-------+------+------+
|system_Custom_System_0_0 | A*B              | 17     | 18     | -      | -      | 48     | 0    | 0    | -    | -    | -     | 0    | 0    | 
|system_Custom_System_0_0 | (PCIN>>17+A*B)'  | 30     | 18     | -      | -      | 48     | 0    | 0    | -    | -    | -     | 0    | 1    | 
|system_Custom_System_0_0 | A*B              | 17     | 17     | -      | -      | 48     | 0    | 0    | -    | -    | -     | 0    | 0    | 
|system_Custom_System_0_0 | (PCIN>>17+A*B)'  | 0      | 18     | -      | -      | 48     | 0    | 0    | -    | -    | -     | 0    | 1    | 
|system_Custom_System_0_0 | A'*B             | 17     | 18     | -      | -      | 48     | 1    | 0    | -    | -    | -     | 0    | 0    | 
|system_Custom_System_0_0 | (PCIN>>17+A*B')' | 30     | 18     | -      | -      | 48     | 0    | 1    | -    | -    | -     | 0    | 1    | 
|system_Custom_System_0_0 | A*B'             | 17     | 17     | -      | -      | 48     | 0    | 1    | -    | -    | -     | 0    | 0    | 
|system_Custom_System_0_0 | (PCIN>>17+A*B')' | 0      | 18     | -      | -      | 48     | 0    | 1    | -    | -    | -     | 0    | 1    | 
|system_Custom_System_0_0 | A'*B             | 17     | 18     | -      | -      | 48     | 1    | 0    | -    | -    | -     | 0    | 0    | 
|system_Custom_System_0_0 | (PCIN>>17+A*B')' | 30     | 9      | -      | -      | 48     | 0    | 1    | -    | -    | -     | 0    | 1    | 
|system_Custom_System_0_0 | A*B'             | 17     | 17     | -      | -      | 48     | 0    | 1    | -    | -    | -     | 0    | 0    | 
|system_Custom_System_0_0 | (PCIN>>17+A*B')' | 0      | 9      | -      | -      | 48     | 0    | 1    | -    | -    | -     | 0    | 1    | 
|system_Custom_System_0_0 | (A*B'')'         | 30     | 18     | -      | -      | 28     | 0    | 2    | -    | -    | -     | 0    | 1    | 
+-------------------------+------------------+--------+--------+--------+--------+--------+------+------+------+------+-------+------+------+


Report BlackBoxes: 
+-+--------------+----------+
| |BlackBox name |Instances |
+-+--------------+----------+
+-+--------------+----------+

Report Cell Usage: 
+------+--------+------+
|      |Cell    |Count |
+------+--------+------+
|1     |CARRY4  |   118|
|2     |DSP48E1 |    13|
|10    |LUT1    |     1|
|11    |LUT2    |   418|
|12    |LUT3    |    81|
|13    |LUT4    |    66|
|14    |LUT5    |    19|
|15    |LUT6    |   191|
|16    |MUXF7   |    37|
|17    |FDRE    |   669|
|18    |FDSE    |    31|
+------+--------+------+
---------------------------------------------------------------------------------
Finished Writing Synthesis Report : Time (s): cpu = 00:01:12 ; elapsed = 00:01:31 . Memory (MB): peak = 1597.738 ; gain = 789.211
---------------------------------------------------------------------------------
Synthesis finished with 0 errors, 0 critical warnings and 378 warnings.
Synthesis Optimization Runtime : Time (s): cpu = 00:00:51 ; elapsed = 00:01:21 . Memory (MB): peak = 1597.738 ; gain = 650.488
Synthesis Optimization Complete : Time (s): cpu = 00:01:12 ; elapsed = 00:01:31 . Memory (MB): peak = 1597.738 ; gain = 789.211
INFO: [Project 1-571] Translating synthesized netlist
Netlist sorting complete. Time (s): cpu = 00:00:00 ; elapsed = 00:00:00.029 . Memory (MB): peak = 1597.738 ; gain = 0.000
INFO: [Netlist 29-17] Analyzing 168 Unisim elements for replacement
INFO: [Netlist 29-28] Unisim Transformation completed in 0 CPU seconds
INFO: [Project 1-570] Preparing netlist for logic optimization
INFO: [Opt 31-138] Pushed 0 inverter(s) to 0 load pin(s).
Netlist sorting complete. Time (s): cpu = 00:00:00 ; elapsed = 00:00:00 . Memory (MB): peak = 1597.738 ; gain = 0.000
INFO: [Project 1-111] Unisim Transformation Summary:
No Unisim elements were transformed.

Synth Design complete, checksum: 1e18389b
INFO: [Common 17-83] Releasing license: Synthesis
174 Infos, 283 Warnings, 0 Critical Warnings and 0 Errors encountered.
synth_design completed successfully
synth_design: Time (s): cpu = 00:01:16 ; elapsed = 00:01:36 . Memory (MB): peak = 1597.738 ; gain = 1167.691
INFO: [Common 17-1381] The checkpoint 'C:/Users/John/Desktop/Honours_Project/RP-Production/RP-Production.runs/system_Custom_System_0_0_synth_1/system_Custom_System_0_0.dcp' has been generated.
INFO: [Coretcl 2-1648] Added synthesis output to IP cache for IP system_Custom_System_0_0, cache-ID = 3535227e9f0f4a58
INFO: [Coretcl 2-1174] Renamed 7 cell refs.
INFO: [Common 17-1381] The checkpoint 'C:/Users/John/Desktop/Honours_Project/RP-Production/RP-Production.runs/system_Custom_System_0_0_synth_1/system_Custom_System_0_0.dcp' has been generated.
INFO: [runtcl-4] Executing : report_utilization -file system_Custom_System_0_0_utilization_synth.rpt -pb system_Custom_System_0_0_utilization_synth.pb
INFO: [Common 17-206] Exiting Vivado at Wed Mar 29 11:10:51 2023...
