
*** Running vivado
    with args -log system_interface_0_0.vds -m64 -product Vivado -mode batch -messageDb vivado.pb -notrace -source system_interface_0_0.tcl



****** Vivado v2022.2 (64-bit)
  **** SW Build 3671981 on Fri Oct 14 05:00:03 MDT 2022
  **** IP Build 3669848 on Fri Oct 14 08:30:02 MDT 2022
    ** Copyright 1986-2022 Xilinx, Inc. All Rights Reserved.

source system_interface_0_0.tcl -notrace
INFO: [IP_Flow 19-234] Refreshing IP repositories
INFO: [IP_Flow 19-1700] Loaded user IP repository 'c:/Users/John/Desktop/Honours_Project/cores'.
INFO: [IP_Flow 19-2313] Loaded Vivado IP repository 'E:/Xilinx/Vivado/2022.2/data/ip'.
INFO: [IP_Flow 19-6924] IPCACHE: Running cache check for IP inst: system_interface_0_0
Command: synth_design -top system_interface_0_0 -part xc7z010clg400-1 -incremental_mode off -mode out_of_context
Starting synth_design
Attempting to get a license for feature 'Synthesis' and/or device 'xc7z010'
INFO: [Common 17-349] Got license for feature 'Synthesis' and/or device 'xc7z010'
INFO: [Device 21-403] Loading part xc7z010clg400-1
INFO: [Synth 8-7079] Multithreading enabled for synth_design using a maximum of 2 processes.
INFO: [Synth 8-7078] Launching helper process for spawning children vivado processes
INFO: [Synth 8-7075] Helper process launched with PID 37436
INFO: [Synth 8-11241] undeclared symbol 'REGCCE', assumed default net type 'wire' [E:/Xilinx/Vivado/2022.2/data/verilog/src/unimacro/BRAM_SINGLE_MACRO.v:2170]
---------------------------------------------------------------------------------
Starting RTL Elaboration : Time (s): cpu = 00:00:04 ; elapsed = 00:00:04 . Memory (MB): peak = 1215.906 ; gain = 408.434
---------------------------------------------------------------------------------
INFO: [Synth 8-6157] synthesizing module 'system_interface_0_0' [c:/Users/John/Desktop/Honours_Project/RP-Production/RP-Production.gen/sources_1/bd/system/ip/system_interface_0_0/synth/system_interface_0_0.v:53]
INFO: [Synth 8-638] synthesizing module 'interface' [C:/Users/John/Desktop/Honours_Project/VHDL_Modules/Logic.vhd:197]
INFO: [Synth 8-256] done synthesizing module 'interface' (0#1) [C:/Users/John/Desktop/Honours_Project/VHDL_Modules/Logic.vhd:197]
INFO: [Synth 8-6155] done synthesizing module 'system_interface_0_0' (0#1) [c:/Users/John/Desktop/Honours_Project/RP-Production/RP-Production.gen/sources_1/bd/system/ip/system_interface_0_0/synth/system_interface_0_0.v:53]
---------------------------------------------------------------------------------
Finished RTL Elaboration : Time (s): cpu = 00:00:05 ; elapsed = 00:00:05 . Memory (MB): peak = 1311.688 ; gain = 504.215
---------------------------------------------------------------------------------
---------------------------------------------------------------------------------
Start Handling Custom Attributes
---------------------------------------------------------------------------------
---------------------------------------------------------------------------------
Finished Handling Custom Attributes : Time (s): cpu = 00:00:05 ; elapsed = 00:00:05 . Memory (MB): peak = 1311.688 ; gain = 504.215
---------------------------------------------------------------------------------
---------------------------------------------------------------------------------
Finished RTL Optimization Phase 1 : Time (s): cpu = 00:00:05 ; elapsed = 00:00:05 . Memory (MB): peak = 1311.688 ; gain = 504.215
---------------------------------------------------------------------------------
Netlist sorting complete. Time (s): cpu = 00:00:00 ; elapsed = 00:00:00.001 . Memory (MB): peak = 1311.688 ; gain = 0.000
INFO: [Project 1-570] Preparing netlist for logic optimization

Processing XDC Constraints
Initializing timing engine
Completed Processing XDC Constraints

Netlist sorting complete. Time (s): cpu = 00:00:00 ; elapsed = 00:00:00 . Memory (MB): peak = 1311.688 ; gain = 0.000
INFO: [Project 1-111] Unisim Transformation Summary:
No Unisim elements were transformed.

Constraint Validation Runtime : Time (s): cpu = 00:00:00 ; elapsed = 00:00:00.010 . Memory (MB): peak = 1311.688 ; gain = 0.000
INFO: [Designutils 20-5008] Incremental synthesis strategy off
INFO: [Synth 8-11241] undeclared symbol 'REGCCE', assumed default net type 'wire' [E:/Xilinx/Vivado/2022.2/data/verilog/src/unimacro/BRAM_SINGLE_MACRO.v:2170]
---------------------------------------------------------------------------------
Finished Constraint Validation : Time (s): cpu = 00:00:11 ; elapsed = 00:00:11 . Memory (MB): peak = 1311.688 ; gain = 504.215
---------------------------------------------------------------------------------
---------------------------------------------------------------------------------
Start Loading Part and Timing Information
---------------------------------------------------------------------------------
Loading part: xc7z010clg400-1
---------------------------------------------------------------------------------
Finished Loading Part and Timing Information : Time (s): cpu = 00:00:11 ; elapsed = 00:00:11 . Memory (MB): peak = 1311.688 ; gain = 504.215
---------------------------------------------------------------------------------
---------------------------------------------------------------------------------
Start Applying 'set_property' XDC Constraints
---------------------------------------------------------------------------------
---------------------------------------------------------------------------------
Finished applying 'set_property' XDC Constraints : Time (s): cpu = 00:00:11 ; elapsed = 00:00:11 . Memory (MB): peak = 1311.688 ; gain = 504.215
---------------------------------------------------------------------------------
---------------------------------------------------------------------------------
Finished RTL Optimization Phase 2 : Time (s): cpu = 00:00:11 ; elapsed = 00:00:11 . Memory (MB): peak = 1311.688 ; gain = 504.215
---------------------------------------------------------------------------------
---------------------------------------------------------------------------------
Start RTL Component Statistics 
---------------------------------------------------------------------------------
Detailed RTL Component Info : 
---------------------------------------------------------------------------------
Finished RTL Component Statistics 
---------------------------------------------------------------------------------
---------------------------------------------------------------------------------
Start Part Resource Summary
---------------------------------------------------------------------------------
Part Resources:
DSPs: 80 (col length:40)
BRAMs: 120 (col length: RAMB18 40 RAMB36 20)
---------------------------------------------------------------------------------
Finished Part Resource Summary
---------------------------------------------------------------------------------
---------------------------------------------------------------------------------
Start Cross Boundary and Area Optimization
---------------------------------------------------------------------------------
WARNING: [Synth 8-7080] Parallel synthesis criteria is not met
WARNING: [Synth 8-3330] design system_interface_0_0 has an empty top module
INFO: [Synth 8-3917] design system_interface_0_0 has port Q_out[31] driven by constant 0
INFO: [Synth 8-3917] design system_interface_0_0 has port Q_out[30] driven by constant 0
INFO: [Synth 8-3917] design system_interface_0_0 has port Q_out[29] driven by constant 0
INFO: [Synth 8-3917] design system_interface_0_0 has port Q_out[28] driven by constant 0
INFO: [Synth 8-3917] design system_interface_0_0 has port Q_out[27] driven by constant 0
INFO: [Synth 8-3917] design system_interface_0_0 has port Q_out[26] driven by constant 0
INFO: [Synth 8-3917] design system_interface_0_0 has port Q_out[25] driven by constant 0
INFO: [Synth 8-3917] design system_interface_0_0 has port Q_out[24] driven by constant 0
INFO: [Synth 8-3917] design system_interface_0_0 has port Q_out[23] driven by constant 0
INFO: [Synth 8-3917] design system_interface_0_0 has port Q_out[22] driven by constant 0
INFO: [Synth 8-3917] design system_interface_0_0 has port Q_out[21] driven by constant 0
INFO: [Synth 8-3917] design system_interface_0_0 has port Q_out[20] driven by constant 0
INFO: [Synth 8-3917] design system_interface_0_0 has port Q_out[19] driven by constant 0
INFO: [Synth 8-3917] design system_interface_0_0 has port Q_out[18] driven by constant 0
INFO: [Synth 8-3917] design system_interface_0_0 has port Q_out[17] driven by constant 0
INFO: [Synth 8-3917] design system_interface_0_0 has port Q_out[16] driven by constant 0
INFO: [Synth 8-3917] design system_interface_0_0 has port Q_out[15] driven by constant 0
INFO: [Synth 8-3917] design system_interface_0_0 has port Q_out[14] driven by constant 0
INFO: [Synth 8-3917] design system_interface_0_0 has port Q_out[13] driven by constant 0
INFO: [Synth 8-3917] design system_interface_0_0 has port Q_out[12] driven by constant 0
INFO: [Synth 8-3917] design system_interface_0_0 has port Q_out[11] driven by constant 0
INFO: [Synth 8-3917] design system_interface_0_0 has port Q_out[10] driven by constant 0
INFO: [Synth 8-3917] design system_interface_0_0 has port Q_out[9] driven by constant 0
INFO: [Synth 8-3917] design system_interface_0_0 has port Q_out[8] driven by constant 0
INFO: [Synth 8-3917] design system_interface_0_0 has port Q_out[7] driven by constant 0
INFO: [Synth 8-3917] design system_interface_0_0 has port Q_out[6] driven by constant 0
INFO: [Synth 8-3917] design system_interface_0_0 has port Q_out[5] driven by constant 0
INFO: [Synth 8-3917] design system_interface_0_0 has port Q_out[4] driven by constant 0
INFO: [Synth 8-3917] design system_interface_0_0 has port Q_out[3] driven by constant 0
INFO: [Synth 8-3917] design system_interface_0_0 has port Q_out[2] driven by constant 0
INFO: [Synth 8-3917] design system_interface_0_0 has port Q_out[1] driven by constant 0
---------------------------------------------------------------------------------
Finished Cross Boundary and Area Optimization : Time (s): cpu = 00:00:12 ; elapsed = 00:00:12 . Memory (MB): peak = 1311.688 ; gain = 504.215
---------------------------------------------------------------------------------
---------------------------------------------------------------------------------
Start Applying XDC Timing Constraints
---------------------------------------------------------------------------------
---------------------------------------------------------------------------------
Finished Applying XDC Timing Constraints : Time (s): cpu = 00:00:16 ; elapsed = 00:00:16 . Memory (MB): peak = 1311.688 ; gain = 504.215
---------------------------------------------------------------------------------
---------------------------------------------------------------------------------
Start Timing Optimization
---------------------------------------------------------------------------------
---------------------------------------------------------------------------------
Finished Timing Optimization : Time (s): cpu = 00:00:16 ; elapsed = 00:00:16 . Memory (MB): peak = 1311.688 ; gain = 504.215
---------------------------------------------------------------------------------
---------------------------------------------------------------------------------
Start Technology Mapping
---------------------------------------------------------------------------------
---------------------------------------------------------------------------------
Finished Technology Mapping : Time (s): cpu = 00:00:16 ; elapsed = 00:00:16 . Memory (MB): peak = 1311.688 ; gain = 504.215
---------------------------------------------------------------------------------
---------------------------------------------------------------------------------
Start IO Insertion
---------------------------------------------------------------------------------
---------------------------------------------------------------------------------
Start Flattening Before IO Insertion
---------------------------------------------------------------------------------
---------------------------------------------------------------------------------
Finished Flattening Before IO Insertion
---------------------------------------------------------------------------------
---------------------------------------------------------------------------------
Start Final Netlist Cleanup
---------------------------------------------------------------------------------
---------------------------------------------------------------------------------
Finished Final Netlist Cleanup
---------------------------------------------------------------------------------
---------------------------------------------------------------------------------
Finished IO Insertion : Time (s): cpu = 00:00:19 ; elapsed = 00:00:19 . Memory (MB): peak = 1311.688 ; gain = 504.215
---------------------------------------------------------------------------------
---------------------------------------------------------------------------------
Start Renaming Generated Instances
---------------------------------------------------------------------------------
---------------------------------------------------------------------------------
Finished Renaming Generated Instances : Time (s): cpu = 00:00:19 ; elapsed = 00:00:19 . Memory (MB): peak = 1311.688 ; gain = 504.215
---------------------------------------------------------------------------------
---------------------------------------------------------------------------------
Start Rebuilding User Hierarchy
---------------------------------------------------------------------------------
---------------------------------------------------------------------------------
Finished Rebuilding User Hierarchy : Time (s): cpu = 00:00:19 ; elapsed = 00:00:19 . Memory (MB): peak = 1311.688 ; gain = 504.215
---------------------------------------------------------------------------------
---------------------------------------------------------------------------------
Start Renaming Generated Ports
---------------------------------------------------------------------------------
---------------------------------------------------------------------------------
Finished Renaming Generated Ports : Time (s): cpu = 00:00:19 ; elapsed = 00:00:19 . Memory (MB): peak = 1311.688 ; gain = 504.215
---------------------------------------------------------------------------------
---------------------------------------------------------------------------------
Start Handling Custom Attributes
---------------------------------------------------------------------------------
---------------------------------------------------------------------------------
Finished Handling Custom Attributes : Time (s): cpu = 00:00:19 ; elapsed = 00:00:19 . Memory (MB): peak = 1311.688 ; gain = 504.215
---------------------------------------------------------------------------------
---------------------------------------------------------------------------------
Start Renaming Generated Nets
---------------------------------------------------------------------------------
---------------------------------------------------------------------------------
Finished Renaming Generated Nets : Time (s): cpu = 00:00:19 ; elapsed = 00:00:19 . Memory (MB): peak = 1311.688 ; gain = 504.215
---------------------------------------------------------------------------------
---------------------------------------------------------------------------------
Start Writing Synthesis Report
---------------------------------------------------------------------------------

Report BlackBoxes: 
+-+--------------+----------+
| |BlackBox name |Instances |
+-+--------------+----------+
+-+--------------+----------+

Report Cell Usage: 
+-+-----+------+
| |Cell |Count |
+-+-----+------+
+-+-----+------+
---------------------------------------------------------------------------------
Finished Writing Synthesis Report : Time (s): cpu = 00:00:19 ; elapsed = 00:00:19 . Memory (MB): peak = 1311.688 ; gain = 504.215
---------------------------------------------------------------------------------
Synthesis finished with 0 errors, 0 critical warnings and 2 warnings.
Synthesis Optimization Runtime : Time (s): cpu = 00:00:12 ; elapsed = 00:00:18 . Memory (MB): peak = 1311.688 ; gain = 504.215
Synthesis Optimization Complete : Time (s): cpu = 00:00:19 ; elapsed = 00:00:19 . Memory (MB): peak = 1311.688 ; gain = 504.215
INFO: [Project 1-571] Translating synthesized netlist
Netlist sorting complete. Time (s): cpu = 00:00:00 ; elapsed = 00:00:00 . Memory (MB): peak = 1311.688 ; gain = 0.000
INFO: [Project 1-570] Preparing netlist for logic optimization
INFO: [Opt 31-138] Pushed 0 inverter(s) to 0 load pin(s).
Netlist sorting complete. Time (s): cpu = 00:00:00 ; elapsed = 00:00:00 . Memory (MB): peak = 1334.496 ; gain = 0.000
INFO: [Project 1-111] Unisim Transformation Summary:
No Unisim elements were transformed.

Synth Design complete, checksum: b96a7a30
INFO: [Common 17-83] Releasing license: Synthesis
54 Infos, 2 Warnings, 0 Critical Warnings and 0 Errors encountered.
synth_design completed successfully
synth_design: Time (s): cpu = 00:00:22 ; elapsed = 00:00:23 . Memory (MB): peak = 1340.480 ; gain = 911.715
INFO: [Common 17-1381] The checkpoint 'C:/Users/John/Desktop/Honours_Project/RP-Production/RP-Production.runs/system_interface_0_0_synth_1/system_interface_0_0.dcp' has been generated.
INFO: [Coretcl 2-1648] Added synthesis output to IP cache for IP system_interface_0_0, cache-ID = 2296ed8add52a1c5
INFO: [Common 17-1381] The checkpoint 'C:/Users/John/Desktop/Honours_Project/RP-Production/RP-Production.runs/system_interface_0_0_synth_1/system_interface_0_0.dcp' has been generated.
INFO: [runtcl-4] Executing : report_utilization -file system_interface_0_0_utilization_synth.rpt -pb system_interface_0_0_utilization_synth.pb
INFO: [Common 17-206] Exiting Vivado at Thu Sep  7 20:52:39 2023...
