
*** Running vivado
    with args -log system_axis_red_pitaya_adc_0_0.vds -m64 -product Vivado -mode batch -messageDb vivado.pb -notrace -source system_axis_red_pitaya_adc_0_0.tcl



****** Vivado v2022.2 (64-bit)
  **** SW Build 3671981 on Fri Oct 14 05:00:03 MDT 2022
  **** IP Build 3669848 on Fri Oct 14 08:30:02 MDT 2022
    ** Copyright 1986-2022 Xilinx, Inc. All Rights Reserved.

source system_axis_red_pitaya_adc_0_0.tcl -notrace
create_project: Time (s): cpu = 00:00:06 ; elapsed = 00:00:08 . Memory (MB): peak = 394.586 ; gain = 75.480
INFO: [IP_Flow 19-234] Refreshing IP repositories
INFO: [IP_Flow 19-1700] Loaded user IP repository 'c:/Users/John/Desktop/Honours_Project/cores'.
INFO: [IP_Flow 19-2313] Loaded Vivado IP repository 'E:/Xilinx/Vivado/2022.2/data/ip'.
INFO: [IP_Flow 19-6924] IPCACHE: Running cache check for IP inst: system_axis_red_pitaya_adc_0_0
INFO: [IP_Flow 19-6922] IPCACHE: Exporting cached entry 4ab073834eec2326 to dir: C:/Users/John/Desktop/Honours_Project/RP-Production/RP-Production.runs/system_axis_red_pitaya_adc_0_0_synth_1
INFO: [IP_Flow 19-6928] IPCACHE: copied cached file c:/Users/John/Desktop/Honours_Project/RP-Production/RP-Production.cache/ip/2022.2/4/a/4ab073834eec2326/system_axis_red_pitaya_adc_0_0.dcp to C:/Users/John/Desktop/Honours_Project/RP-Production/RP-Production.runs/system_axis_red_pitaya_adc_0_0_synth_1/system_axis_red_pitaya_adc_0_0.dcp.
INFO: [IP_Flow 19-6928] IPCACHE: copied cached file c:/Users/John/Desktop/Honours_Project/RP-Production/RP-Production.cache/ip/2022.2/4/a/4ab073834eec2326/system_axis_red_pitaya_adc_0_0_sim_netlist.v to C:/Users/John/Desktop/Honours_Project/RP-Production/RP-Production.runs/system_axis_red_pitaya_adc_0_0_synth_1/system_axis_red_pitaya_adc_0_0_sim_netlist.v.
INFO: [IP_Flow 19-6928] IPCACHE: copied cached file c:/Users/John/Desktop/Honours_Project/RP-Production/RP-Production.cache/ip/2022.2/4/a/4ab073834eec2326/system_axis_red_pitaya_adc_0_0_sim_netlist.vhdl to C:/Users/John/Desktop/Honours_Project/RP-Production/RP-Production.runs/system_axis_red_pitaya_adc_0_0_synth_1/system_axis_red_pitaya_adc_0_0_sim_netlist.vhdl.
INFO: [IP_Flow 19-6928] IPCACHE: copied cached file c:/Users/John/Desktop/Honours_Project/RP-Production/RP-Production.cache/ip/2022.2/4/a/4ab073834eec2326/system_axis_red_pitaya_adc_0_0_stub.v to C:/Users/John/Desktop/Honours_Project/RP-Production/RP-Production.runs/system_axis_red_pitaya_adc_0_0_synth_1/system_axis_red_pitaya_adc_0_0_stub.v.
INFO: [IP_Flow 19-6928] IPCACHE: copied cached file c:/Users/John/Desktop/Honours_Project/RP-Production/RP-Production.cache/ip/2022.2/4/a/4ab073834eec2326/system_axis_red_pitaya_adc_0_0_stub.vhdl to C:/Users/John/Desktop/Honours_Project/RP-Production/RP-Production.runs/system_axis_red_pitaya_adc_0_0_synth_1/system_axis_red_pitaya_adc_0_0_stub.vhdl.
INFO: [IP_Flow 19-4838] Using cached IP synthesis design for IP system_axis_red_pitaya_adc_0_0, cache-ID = 4ab073834eec2326.
INFO: [Common 17-206] Exiting Vivado at Fri Mar 17 09:48:53 2023...
